
**** Clean-only build of configuration Debug for project blinky ****

"C:\\ti\\ccsv8\\utils\\bin\\gmake" -k clean 
 
gmake: *** No rule to make target 'clean'.

**** Build Finished ****

**** Build of configuration Debug for project blinky ****

"C:\\ti\\ccsv8\\utils\\bin\\gmake" -k all 
 
Building file: "../blinky.c"
Invoking: ARM Compiler
"C:/ti/ccsv8/tools/compiler/ti-cgt-arm_18.1.4.LTS/bin/armcl" -mv7M4 --code_state=16 --float_support=FPv4SPD16 --abi=eabi -me -O2 --include_path="C:/ti/ccsv8/tools/compiler/ti-cgt-arm_18.1.4.LTS/include" --include_path="C:/ti/tivaware_c_series_2_1_4_178" --advice:power=all -g --gcc --define=ccs="ccs" --define=PART_TM4C123GH6PM --define=TARGET_IS_TM4C123_RB1 --diag_warning=225 --diag_wrap=off --display_error_number --gen_func_subsections=on --ual --preproc_with_compile --preproc_dependency="blinky.d_raw"  "../blinky.c"
"../blinky.c", line 73: remark #1527-D: (ULP 2.1) Detected SW delay loop using empty loop. Recommend using a timer module instead
"../blinky.c", line 96: remark #1527-D: (ULP 2.1) Detected SW delay loop using empty loop. Recommend using a timer module instead
"../blinky.c", line 108: remark #1527-D: (ULP 2.1) Detected SW delay loop using empty loop. Recommend using a timer module instead
Finished building: "../blinky.c"
 
Building file: "../startup_ccs.c"
Invoking: ARM Compiler
"C:/ti/ccsv8/tools/compiler/ti-cgt-arm_18.1.4.LTS/bin/armcl" -mv7M4 --code_state=16 --float_support=FPv4SPD16 --abi=eabi -me -O2 --include_path="C:/ti/ccsv8/tools/compiler/ti-cgt-arm_18.1.4.LTS/include" --include_path="C:/ti/tivaware_c_series_2_1_4_178" --advice:power=all -g --gcc --define=ccs="ccs" --define=PART_TM4C123GH6PM --define=TARGET_IS_TM4C123_RB1 --diag_warning=225 --diag_wrap=off --display_error_number --gen_func_subsections=on --ual --preproc_with_compile --preproc_dependency="startup_ccs.d_raw"  "../startup_ccs.c"
"../startup_ccs.c", line 256: remark #1527-D: (ULP 2.1) Detected SW delay loop using empty loop. Recommend using a timer module instead
"../startup_ccs.c", line 274: remark #1527-D: (ULP 2.1) Detected SW delay loop using empty loop. Recommend using a timer module instead
"../startup_ccs.c", line 292: remark #1527-D: (ULP 2.1) Detected SW delay loop using empty loop. Recommend using a timer module instead
Finished building: "../startup_ccs.c"
 
Building target: "blinky.out"
Invoking: ARM Linker
"C:/ti/ccsv8/tools/compiler/ti-cgt-arm_18.1.4.LTS/bin/armcl" -mv7M4 --code_state=16 --float_support=FPv4SPD16 --abi=eabi -me -O2 --advice:power=all -g --gcc --define=ccs="ccs" --define=PART_TM4C123GH6PM --define=TARGET_IS_TM4C123_RB1 --diag_warning=225 --diag_wrap=off --display_error_number --gen_func_subsections=on --ual -z -m"blinky_ccs.map" --stack_size=512 --heap_size=0 -i"C:/ti/ccsv8/tools/compiler/ti-cgt-arm_18.1.4.LTS/lib" -i"C:/ti/ccsv8/tools/compiler/ti-cgt-arm_18.1.4.LTS/include" --reread_libs --diag_wrap=off --display_error_number --warn_sections --xml_link_info="blinky_linkInfo.xml" --rom_model -o "blinky.out" "./blinky.obj" "./startup_ccs.obj" "../blinky_ccs.cmd"  -llibc.a -l"C:/ti/tivaware_c_series_2_1_4_178/driverlib/ccs/Debug/driverlib.lib" 
<Linking>
remark #10371-D: (ULP 1.1) Detected no uses of low power mode state changing instructions
Finished building target: "blinky.out"
 
"C:/ti/ccsv8/utils/tiobj2bin/tiobj2bin" "blinky.out" "blinky.bin" "C:/ti/ccsv8/tools/compiler/ti-cgt-arm_18.1.4.LTS/bin/armofd" "C:/ti/ccsv8/tools/compiler/ti-cgt-arm_18.1.4.LTS/bin/armhex" "C:/ti/ccsv8/utils/tiobj2bin/mkhex4bin"
 

**** Build Finished ****

**** Build of configuration Debug for project blinky ****

"C:\\ti\\ccsv8\\utils\\bin\\gmake" -k all 
 
gmake: Nothing to be done for 'all'.

**** Build Finished ****

**** Build of configuration Debug for project blinky ****

"C:\\ti\\ccsv8\\utils\\bin\\gmake" -k all 
 
Building file: "../blinky.c"
Invoking: ARM Compiler
"C:/ti/ccsv8/tools/compiler/ti-cgt-arm_18.1.4.LTS/bin/armcl" -mv7M4 --code_state=16 --float_support=FPv4SPD16 --abi=eabi -me -O2 --include_path="C:/ti/ccsv8/tools/compiler/ti-cgt-arm_18.1.4.LTS/include" --include_path="C:/ti/tivaware_c_series_2_1_4_178" --advice:power=all -g --gcc --define=ccs="ccs" --define=PART_TM4C123GH6PM --define=TARGET_IS_TM4C123_RB1 --diag_warning=225 --diag_wrap=off --display_error_number --gen_func_subsections=on --ual --preproc_with_compile --preproc_dependency="blinky.d_raw"  "../blinky.c"
"../blinky.c", line 13: remark #1527-D: (ULP 2.1) Detected SW delay loop using empty loop. Recommend using a timer module instead
"../blinky.c", line 38: remark #1527-D: (ULP 2.1) Detected SW delay loop using empty loop. Recommend using a timer module instead
Finished building: "../blinky.c"
 
Building target: "blinky.out"
Invoking: ARM Linker
"C:/ti/ccsv8/tools/compiler/ti-cgt-arm_18.1.4.LTS/bin/armcl" -mv7M4 --code_state=16 --float_support=FPv4SPD16 --abi=eabi -me -O2 --advice:power=all -g --gcc --define=ccs="ccs" --define=PART_TM4C123GH6PM --define=TARGET_IS_TM4C123_RB1 --diag_warning=225 --diag_wrap=off --display_error_number --gen_func_subsections=on --ual -z -m"blinky_ccs.map" --stack_size=512 --heap_size=0 -i"C:/ti/ccsv8/tools/compiler/ti-cgt-arm_18.1.4.LTS/lib" -i"C:/ti/ccsv8/tools/compiler/ti-cgt-arm_18.1.4.LTS/include" --reread_libs --diag_wrap=off --display_error_number --warn_sections --xml_link_info="blinky_linkInfo.xml" --rom_model -o "blinky.out" "./blinky.obj" "./startup_ccs.obj" "../blinky_ccs.cmd"  -llibc.a -l"C:/ti/tivaware_c_series_2_1_4_178/driverlib/ccs/Debug/driverlib.lib" 
<Linking>
remark #10371-D: (ULP 1.1) Detected no uses of low power mode state changing instructions
Finished building target: "blinky.out"
 
"C:/ti/ccsv8/utils/tiobj2bin/tiobj2bin" "blinky.out" "blinky.bin" "C:/ti/ccsv8/tools/compiler/ti-cgt-arm_18.1.4.LTS/bin/armofd" "C:/ti/ccsv8/tools/compiler/ti-cgt-arm_18.1.4.LTS/bin/armhex" "C:/ti/ccsv8/utils/tiobj2bin/mkhex4bin"
 

**** Build Finished ****

**** Build of configuration Debug for project blinky ****

"C:\\ti\\ccsv8\\utils\\bin\\gmake" -k all 
 
gmake: Nothing to be done for 'all'.

**** Build Finished ****

**** Clean-only build of configuration Debug for project qs-rgb ****

"C:\\ti\\ccsv8\\utils\\bin\\gmake" -k clean 
 
gmake: *** No rule to make target 'clean'.

**** Build Finished ****

**** Build of configuration Debug for project qs-rgb ****

"C:\\ti\\ccsv8\\utils\\bin\\gmake" -k all 
 
Building file: "../qs-rgb.c"
Invoking: ARM Compiler
"C:/ti/ccsv8/tools/compiler/ti-cgt-arm_18.1.4.LTS/bin/armcl" -mv7M4 --code_state=16 --float_support=FPv4SPD16 --abi=eabi -me -O2 --include_path="C:/ti/ccsv8/tools/compiler/ti-cgt-arm_18.1.4.LTS/include" --include_path="C:/ti/tivaware_c_series_2_1_4_178/examples/boards/ek-tm4c123gxl" --include_path="C:/ti/tivaware_c_series_2_1_4_178" --advice:power=all -g --gcc --define=ccs="ccs" --define=PART_TM4C123GH6PM --define=TARGET_IS_TM4C123_RB1 --define=UART_BUFFERED --diag_warning=225 --diag_wrap=off --display_error_number --gen_func_subsections=on --ual --preproc_with_compile --preproc_dependency="qs-rgb.d_raw"  "../qs-rgb.c"
"../qs-rgb.c", line 87: remark #1534-D: (ULP 7.1) Detected use of global variable "ui32HibModeEntryCount" within one function "AppButtonHandler". Recommend placing variable in the function locally
"C:/ti/ccsv8/tools/compiler/ti-cgt-arm_18.1.4.LTS/include/_defs.h", line 269 (col. 27): remark #1531-D: (ULP 5.2) Detected floating point operation(s). Recommend moving them to RAM during run time or not using as these are processing/power intensive
"C:/ti/ccsv8/tools/compiler/ti-cgt-arm_18.1.4.LTS/include/_defs.h", line 270 (col. 10): remark #1531-D: (ULP 5.2) Detected floating point operation(s). Recommend moving them to RAM during run time or not using as these are processing/power intensive
"C:/ti/ccsv8/tools/compiler/ti-cgt-arm_18.1.4.LTS/include/_defs.h", line 273 (col. 27): remark #1531-D: (ULP 5.2) Detected floating point operation(s). Recommend moving them to RAM during run time or not using as these are processing/power intensive
"C:/ti/ccsv8/tools/compiler/ti-cgt-arm_18.1.4.LTS/include/_defs.h", line 274 (col. 10): remark #1531-D: (ULP 5.2) Detected floating point operation(s). Recommend moving them to RAM during run time or not using as these are processing/power intensive
"C:/ti/ccsv8/tools/compiler/ti-cgt-arm_18.1.4.LTS/include/_defs.h", line 276 (col. 27): remark #1531-D: (ULP 5.2) Detected floating point operation(s). Recommend moving them to RAM during run time or not using as these are processing/power intensive
"C:/ti/ccsv8/tools/compiler/ti-cgt-arm_18.1.4.LTS/include/_defs.h", line 277 (col. 10): remark #1531-D: (ULP 5.2) Detected floating point operation(s). Recommend moving them to RAM during run time or not using as these are processing/power intensive
"C:/ti/ccsv8/tools/compiler/ti-cgt-arm_18.1.4.LTS/include/_defs.h", line 278 (col. 10): remark #1531-D: (ULP 5.2) Detected floating point operation(s). Recommend moving them to RAM during run time or not using as these are processing/power intensive
"C:/ti/ccsv8/tools/compiler/ti-cgt-arm_18.1.4.LTS/include/_defs.h", line 282 (col. 27): remark #1531-D: (ULP 5.2) Detected floating point operation(s). Recommend moving them to RAM during run time or not using as these are processing/power intensive
"C:/ti/ccsv8/tools/compiler/ti-cgt-arm_18.1.4.LTS/include/_defs.h", line 283 (col. 10): remark #1531-D: (ULP 5.2) Detected floating point operation(s). Recommend moving them to RAM during run time or not using as these are processing/power intensive
"C:/ti/ccsv8/tools/compiler/ti-cgt-arm_18.1.4.LTS/include/_defs.h", line 284 (col. 10): remark #1531-D: (ULP 5.2) Detected floating point operation(s). Recommend moving them to RAM during run time or not using as these are processing/power intensive
"C:/ti/ccsv8/tools/compiler/ti-cgt-arm_18.1.4.LTS/include/_defs.h", line 286 (col. 27): remark #1531-D: (ULP 5.2) Detected floating point operation(s). Recommend moving them to RAM during run time or not using as these are processing/power intensive
"C:/ti/ccsv8/tools/compiler/ti-cgt-arm_18.1.4.LTS/include/_defs.h", line 287 (col. 11): remark #1531-D: (ULP 5.2) Detected floating point operation(s). Recommend moving them to RAM during run time or not using as these are processing/power intensive
"C:/ti/ccsv8/tools/compiler/ti-cgt-arm_18.1.4.LTS/include/_defs.h", line 288 (col. 11): remark #1531-D: (ULP 5.2) Detected floating point operation(s). Recommend moving them to RAM during run time or not using as these are processing/power intensive
"C:/ti/ccsv8/tools/compiler/ti-cgt-arm_18.1.4.LTS/include/_defs.h", line 294 (col. 27): remark #1531-D: (ULP 5.2) Detected floating point operation(s). Recommend moving them to RAM during run time or not using as these are processing/power intensive
"C:/ti/ccsv8/tools/compiler/ti-cgt-arm_18.1.4.LTS/include/_defs.h", line 295 (col. 11): remark #1531-D: (ULP 5.2) Detected floating point operation(s). Recommend moving them to RAM during run time or not using as these are processing/power intensive
"C:/ti/ccsv8/tools/compiler/ti-cgt-arm_18.1.4.LTS/include/_defs.h", line 296 (col. 11): remark #1531-D: (ULP 5.2) Detected floating point operation(s). Recommend moving them to RAM during run time or not using as these are processing/power intensive
"C:/ti/ccsv8/tools/compiler/ti-cgt-arm_18.1.4.LTS/include/_defs.h", line 298 (col. 27): remark #1531-D: (ULP 5.2) Detected floating point operation(s). Recommend moving them to RAM during run time or not using as these are processing/power intensive
"C:/ti/ccsv8/tools/compiler/ti-cgt-arm_18.1.4.LTS/include/_defs.h", line 299 (col. 10): remark #1531-D: (ULP 5.2) Detected floating point operation(s). Recommend moving them to RAM during run time or not using as these are processing/power intensive
"C:/ti/ccsv8/tools/compiler/ti-cgt-arm_18.1.4.LTS/include/_defs.h", line 302 (col. 27): remark #1531-D: (ULP 5.2) Detected floating point operation(s). Recommend moving them to RAM during run time or not using as these are processing/power intensive
"C:/ti/ccsv8/tools/compiler/ti-cgt-arm_18.1.4.LTS/include/_defs.h", line 303 (col. 10): remark #1531-D: (ULP 5.2) Detected floating point operation(s). Recommend moving them to RAM during run time or not using as these are processing/power intensive
"C:/ti/ccsv8/tools/compiler/ti-cgt-arm_18.1.4.LTS/include/_defs.h", line 311 (col. 27): remark #1531-D: (ULP 5.2) Detected floating point operation(s). Recommend moving them to RAM during run time or not using as these are processing/power intensive
"C:/ti/ccsv8/tools/compiler/ti-cgt-arm_18.1.4.LTS/include/_defs.h", line 312 (col. 10): remark #1531-D: (ULP 5.2) Detected floating point operation(s). Recommend moving them to RAM during run time or not using as these are processing/power intensive
"C:/ti/ccsv8/tools/compiler/ti-cgt-arm_18.1.4.LTS/include/_defs.h", line 313 (col. 27): remark #1531-D: (ULP 5.2) Detected floating point operation(s). Recommend moving them to RAM during run time or not using as these are processing/power intensive
"C:/ti/ccsv8/tools/compiler/ti-cgt-arm_18.1.4.LTS/include/_defs.h", line 314 (col. 10): remark #1531-D: (ULP 5.2) Detected floating point operation(s). Recommend moving them to RAM during run time or not using as these are processing/power intensive
"C:/ti/ccsv8/tools/compiler/ti-cgt-arm_18.1.4.LTS/include/_defs.h", line 348 (col. 27): remark #1531-D: (ULP 5.2) Detected floating point operation(s). Recommend moving them to RAM during run time or not using as these are processing/power intensive
"C:/ti/ccsv8/tools/compiler/ti-cgt-arm_18.1.4.LTS/include/_defs.h", line 350 (col. 9): remark #1531-D: (ULP 5.2) Detected floating point operation(s). Recommend moving them to RAM during run time or not using as these are processing/power intensive
"C:/ti/ccsv8/tools/compiler/ti-cgt-arm_18.1.4.LTS/include/_defs.h", line 352 (col. 13): remark #1531-D: (ULP 5.2) Detected floating point operation(s). Recommend moving them to RAM during run time or not using as these are processing/power intensive
"C:/ti/ccsv8/tools/compiler/ti-cgt-arm_18.1.4.LTS/include/_defs.h", line 356 (col. 9): remark #1531-D: (ULP 5.2) Detected floating point operation(s). Recommend moving them to RAM during run time or not using as these are processing/power intensive
"C:/ti/ccsv8/tools/compiler/ti-cgt-arm_18.1.4.LTS/include/_defs.h", line 358 (col. 13): remark #1531-D: (ULP 5.2) Detected floating point operation(s). Recommend moving them to RAM during run time or not using as these are processing/power intensive
"C:/ti/ccsv8/tools/compiler/ti-cgt-arm_18.1.4.LTS/include/_defs.h", line 365 (col. 27): remark #1531-D: (ULP 5.2) Detected floating point operation(s). Recommend moving them to RAM during run time or not using as these are processing/power intensive
"C:/ti/ccsv8/tools/compiler/ti-cgt-arm_18.1.4.LTS/include/_defs.h", line 367 (col. 9): remark #1531-D: (ULP 5.2) Detected floating point operation(s). Recommend moving them to RAM during run time or not using as these are processing/power intensive
"C:/ti/ccsv8/tools/compiler/ti-cgt-arm_18.1.4.LTS/include/_defs.h", line 369 (col. 13): remark #1531-D: (ULP 5.2) Detected floating point operation(s). Recommend moving them to RAM during run time or not using as these are processing/power intensive
"C:/ti/ccsv8/tools/compiler/ti-cgt-arm_18.1.4.LTS/include/_defs.h", line 373 (col. 9): remark #1531-D: (ULP 5.2) Detected floating point operation(s). Recommend moving them to RAM during run time or not using as these are processing/power intensive
"C:/ti/ccsv8/tools/compiler/ti-cgt-arm_18.1.4.LTS/include/_defs.h", line 375 (col. 13): remark #1531-D: (ULP 5.2) Detected floating point operation(s). Recommend moving them to RAM during run time or not using as these are processing/power intensive
Finished building: "../qs-rgb.c"
 
Building file: "../rgb_commands.c"
Invoking: ARM Compiler
"C:/ti/ccsv8/tools/compiler/ti-cgt-arm_18.1.4.LTS/bin/armcl" -mv7M4 --code_state=16 --float_support=FPv4SPD16 --abi=eabi -me -O2 --include_path="C:/ti/ccsv8/tools/compiler/ti-cgt-arm_18.1.4.LTS/include" --include_path="C:/ti/tivaware_c_series_2_1_4_178/examples/boards/ek-tm4c123gxl" --include_path="C:/ti/tivaware_c_series_2_1_4_178" --advice:power=all -g --gcc --define=ccs="ccs" --define=PART_TM4C123GH6PM --define=TARGET_IS_TM4C123_RB1 --define=UART_BUFFERED --diag_warning=225 --diag_wrap=off --display_error_number --gen_func_subsections=on --ual --preproc_with_compile --preproc_dependency="rgb_commands.d_raw"  "../rgb_commands.c"
Finished building: "../rgb_commands.c"
 
Building file: "../startup_ccs.c"
Invoking: ARM Compiler
"C:/ti/ccsv8/tools/compiler/ti-cgt-arm_18.1.4.LTS/bin/armcl" -mv7M4 --code_state=16 --float_support=FPv4SPD16 --abi=eabi -me -O2 --include_path="C:/ti/ccsv8/tools/compiler/ti-cgt-arm_18.1.4.LTS/include" --include_path="C:/ti/tivaware_c_series_2_1_4_178/examples/boards/ek-tm4c123gxl" --include_path="C:/ti/tivaware_c_series_2_1_4_178" --advice:power=all -g --gcc --define=ccs="ccs" --define=PART_TM4C123GH6PM --define=TARGET_IS_TM4C123_RB1 --define=UART_BUFFERED --diag_warning=225 --diag_wrap=off --display_error_number --gen_func_subsections=on --ual --preproc_with_compile --preproc_dependency="startup_ccs.d_raw"  "../startup_ccs.c"
"../startup_ccs.c", line 264: remark #1527-D: (ULP 2.1) Detected SW delay loop using empty loop. Recommend using a timer module instead
"../startup_ccs.c", line 282: remark #1527-D: (ULP 2.1) Detected SW delay loop using empty loop. Recommend using a timer module instead
"../startup_ccs.c", line 300: remark #1527-D: (ULP 2.1) Detected SW delay loop using empty loop. Recommend using a timer module instead
Finished building: "../startup_ccs.c"
 
Building file: "C:/ti/tivaware_c_series_2_1_4_178/examples/boards/ek-tm4c123gxl/drivers/buttons.c"
Invoking: ARM Compiler
"C:/ti/ccsv8/tools/compiler/ti-cgt-arm_18.1.4.LTS/bin/armcl" -mv7M4 --code_state=16 --float_support=FPv4SPD16 --abi=eabi -me -O2 --include_path="C:/ti/ccsv8/tools/compiler/ti-cgt-arm_18.1.4.LTS/include" --include_path="C:/ti/tivaware_c_series_2_1_4_178/examples/boards/ek-tm4c123gxl" --include_path="C:/ti/tivaware_c_series_2_1_4_178" --advice:power=all -g --gcc --define=ccs="ccs" --define=PART_TM4C123GH6PM --define=TARGET_IS_TM4C123_RB1 --define=UART_BUFFERED --diag_warning=225 --diag_wrap=off --display_error_number --gen_func_subsections=on --ual --preproc_with_compile --preproc_dependency="drivers/buttons.d_raw" --obj_directory="drivers"  "C:/ti/tivaware_c_series_2_1_4_178/examples/boards/ek-tm4c123gxl/drivers/buttons.c"
Finished building: "C:/ti/tivaware_c_series_2_1_4_178/examples/boards/ek-tm4c123gxl/drivers/buttons.c"
 
Building file: "C:/ti/tivaware_c_series_2_1_4_178/examples/boards/ek-tm4c123gxl/drivers/rgb.c"
Invoking: ARM Compiler
"C:/ti/ccsv8/tools/compiler/ti-cgt-arm_18.1.4.LTS/bin/armcl" -mv7M4 --code_state=16 --float_support=FPv4SPD16 --abi=eabi -me -O2 --include_path="C:/ti/ccsv8/tools/compiler/ti-cgt-arm_18.1.4.LTS/include" --include_path="C:/ti/tivaware_c_series_2_1_4_178/examples/boards/ek-tm4c123gxl" --include_path="C:/ti/tivaware_c_series_2_1_4_178" --advice:power=all -g --gcc --define=ccs="ccs" --define=PART_TM4C123GH6PM --define=TARGET_IS_TM4C123_RB1 --define=UART_BUFFERED --diag_warning=225 --diag_wrap=off --display_error_number --gen_func_subsections=on --ual --preproc_with_compile --preproc_dependency="drivers/rgb.d_raw" --obj_directory="drivers"  "C:/ti/tivaware_c_series_2_1_4_178/examples/boards/ek-tm4c123gxl/drivers/rgb.c"
Finished building: "C:/ti/tivaware_c_series_2_1_4_178/examples/boards/ek-tm4c123gxl/drivers/rgb.c"
 
Building file: "C:/ti/tivaware_c_series_2_1_4_178/utils/cmdline.c"
Invoking: ARM Compiler
"C:/ti/ccsv8/tools/compiler/ti-cgt-arm_18.1.4.LTS/bin/armcl" -mv7M4 --code_state=16 --float_support=FPv4SPD16 --abi=eabi -me -O2 --include_path="C:/ti/ccsv8/tools/compiler/ti-cgt-arm_18.1.4.LTS/include" --include_path="C:/ti/tivaware_c_series_2_1_4_178/examples/boards/ek-tm4c123gxl" --include_path="C:/ti/tivaware_c_series_2_1_4_178" --advice:power=all -g --gcc --define=ccs="ccs" --define=PART_TM4C123GH6PM --define=TARGET_IS_TM4C123_RB1 --define=UART_BUFFERED --diag_warning=225 --diag_wrap=off --display_error_number --gen_func_subsections=on --ual --preproc_with_compile --preproc_dependency="utils/cmdline.d_raw" --obj_directory="utils"  "C:/ti/tivaware_c_series_2_1_4_178/utils/cmdline.c"
Finished building: "C:/ti/tivaware_c_series_2_1_4_178/utils/cmdline.c"
 
Building file: "C:/ti/tivaware_c_series_2_1_4_178/utils/uartstdio.c"
Invoking: ARM Compiler
"C:/ti/ccsv8/tools/compiler/ti-cgt-arm_18.1.4.LTS/bin/armcl" -mv7M4 --code_state=16 --float_support=FPv4SPD16 --abi=eabi -me -O2 --include_path="C:/ti/ccsv8/tools/compiler/ti-cgt-arm_18.1.4.LTS/include" --include_path="C:/ti/tivaware_c_series_2_1_4_178/examples/boards/ek-tm4c123gxl" --include_path="C:/ti/tivaware_c_series_2_1_4_178" --advice:power=all -g --gcc --define=ccs="ccs" --define=PART_TM4C123GH6PM --define=TARGET_IS_TM4C123_RB1 --define=UART_BUFFERED --diag_warning=225 --diag_wrap=off --display_error_number --gen_func_subsections=on --ual --preproc_with_compile --preproc_dependency="utils/uartstdio.d_raw" --obj_directory="utils"  "C:/ti/tivaware_c_series_2_1_4_178/utils/uartstdio.c"
"C:/ti/tivaware_c_series_2_1_4_178/utils/uartstdio.c", line 794: remark #1527-D: (ULP 2.1) Detected SW delay loop using empty loop. Recommend using a timer module instead
"C:/ti/tivaware_c_series_2_1_4_178/utils/uartstdio.c", line 878: remark #1527-D: (ULP 2.1) Detected SW delay loop using empty loop. Recommend using a timer module instead
"C:/ti/tivaware_c_series_2_1_4_178/utils/uartstdio.c", line 1044: remark #1527-D: (ULP 2.1) Detected SW delay loop using empty loop. Recommend using a timer module instead
"C:/ti/tivaware_c_series_2_1_4_178/utils/uartstdio.c", line 1139: remark #1527-D: (ULP 2.1) Detected SW delay loop using empty loop. Recommend using a timer module instead
"C:/ti/tivaware_c_series_2_1_4_178/utils/uartstdio.c", line 1501: remark #1527-D: (ULP 2.1) Detected SW delay loop using empty loop. Recommend using a timer module instead
"C:/ti/tivaware_c_series_2_1_4_178/utils/uartstdio.c", line 1700: remark #2623-D: (ULP 5.4) Detected an assignment to a type with size less than int. To avoid unnecessary sign extension, use int-sized types for local varaibles and convert to smaller types for static storage.
"C:/ti/tivaware_c_series_2_1_4_178/utils/uartstdio.c", line 134: remark #1534-D: (ULP 7.1) Detected use of global variable "g_pcHex" within one function "UARTvprintf". Recommend placing variable in the function locally
Finished building: "C:/ti/tivaware_c_series_2_1_4_178/utils/uartstdio.c"
 
Building file: "C:/ti/tivaware_c_series_2_1_4_178/utils/ustdlib.c"
Invoking: ARM Compiler
"C:/ti/ccsv8/tools/compiler/ti-cgt-arm_18.1.4.LTS/bin/armcl" -mv7M4 --code_state=16 --float_support=FPv4SPD16 --abi=eabi -me -O2 --include_path="C:/ti/ccsv8/tools/compiler/ti-cgt-arm_18.1.4.LTS/include" --include_path="C:/ti/tivaware_c_series_2_1_4_178/examples/boards/ek-tm4c123gxl" --include_path="C:/ti/tivaware_c_series_2_1_4_178" --advice:power=all -g --gcc --define=ccs="ccs" --define=PART_TM4C123GH6PM --define=TARGET_IS_TM4C123_RB1 --define=UART_BUFFERED --diag_warning=225 --diag_wrap=off --display_error_number --gen_func_subsections=on --ual --preproc_with_compile --preproc_dependency="utils/ustdlib.d_raw" --obj_directory="utils"  "C:/ti/tivaware_c_series_2_1_4_178/utils/ustdlib.c"
"C:/ti/tivaware_c_series_2_1_4_178/utils/ustdlib.c", line 193: remark #1527-D: (ULP 2.1) Detected SW delay loop using empty loop. Recommend using a timer module instead
"C:/ti/tivaware_c_series_2_1_4_178/utils/ustdlib.c", line 383: remark #1527-D: (ULP 2.1) Detected SW delay loop using empty loop. Recommend using a timer module instead
"C:/ti/tivaware_c_series_2_1_4_178/utils/ustdlib.c", line 505: remark #1527-D: (ULP 2.1) Detected SW delay loop using empty loop. Recommend using a timer module instead
"C:/ti/tivaware_c_series_2_1_4_178/utils/ustdlib.c", line 1625: remark #2623-D: (ULP 5.4) Detected an assignment to a type with size less than int. To avoid unnecessary sign extension, use int-sized types for local varaibles and convert to smaller types for static storage.
"C:/ti/tivaware_c_series_2_1_4_178/utils/ustdlib.c", line 1626: remark #2623-D: (ULP 5.4) Detected an assignment to a type with size less than int. To avoid unnecessary sign extension, use int-sized types for local varaibles and convert to smaller types for static storage.
"C:/ti/tivaware_c_series_2_1_4_178/utils/ustdlib.c", line 42: remark #1534-D: (ULP 7.1) Detected use of global variable "g_pcHex" within one function "uvsnprintf". Recommend placing variable in the function locally
Finished building: "C:/ti/tivaware_c_series_2_1_4_178/utils/ustdlib.c"
 
Building target: "qs-rgb.out"
Invoking: ARM Linker
"C:/ti/ccsv8/tools/compiler/ti-cgt-arm_18.1.4.LTS/bin/armcl" -mv7M4 --code_state=16 --float_support=FPv4SPD16 --abi=eabi -me -O2 --advice:power=all -g --gcc --define=ccs="ccs" --define=PART_TM4C123GH6PM --define=TARGET_IS_TM4C123_RB1 --define=UART_BUFFERED --diag_warning=225 --diag_wrap=off --display_error_number --gen_func_subsections=on --ual -z -m"qs-rgb_ccs.map" --stack_size=2048 --heap_size=0 -i"C:/ti/ccsv8/tools/compiler/ti-cgt-arm_18.1.4.LTS/lib" -i"C:/ti/ccsv8/tools/compiler/ti-cgt-arm_18.1.4.LTS/include" --reread_libs --diag_wrap=off --display_error_number --warn_sections --xml_link_info="qs-rgb_linkInfo.xml" --rom_model -o "qs-rgb.out" "./qs-rgb.obj" "./rgb_commands.obj" "./startup_ccs.obj" "./drivers/buttons.obj" "./drivers/rgb.obj" "./utils/cmdline.obj" "./utils/uartstdio.obj" "./utils/ustdlib.obj" "../qs-rgb_ccs.cmd"  -llibc.a -l"C:/ti/tivaware_c_series_2_1_4_178/driverlib/ccs/Debug/driverlib.lib" -l"C:/ti/tivaware_c_series_2_1_4_178/usblib/ccs/Debug/usblib.lib" 
<Linking>
remark #10371-D: (ULP 1.1) Detected no uses of low power mode state changing instructions
Finished building target: "qs-rgb.out"
 
"C:/ti/ccsv8/utils/tiobj2bin/tiobj2bin" "qs-rgb.out" "qs-rgb.bin" "C:/ti/ccsv8/tools/compiler/ti-cgt-arm_18.1.4.LTS/bin/armofd" "C:/ti/ccsv8/tools/compiler/ti-cgt-arm_18.1.4.LTS/bin/armhex" "C:/ti/ccsv8/utils/tiobj2bin/mkhex4bin"
 

**** Build Finished ****

**** Build of configuration Debug for project qs-rgb ****

"C:\\ti\\ccsv8\\utils\\bin\\gmake" -k all 
 
gmake: Nothing to be done for 'all'.

**** Build Finished ****

**** Clean-only build of configuration Debug for project lab2 ****

"C:\\ti\\ccsv8\\utils\\bin\\gmake" -k clean 
 
DEL /F  "blinky.bin"  "blinky.out" 
DEL /F "blinky.obj" "startup_ccs.obj" 
DEL /F "blinky.d" "startup_ccs.d" 
Finished clean
 

**** Build Finished ****

**** Build of configuration Debug for project lab2 ****

"C:\\ti\\ccsv8\\utils\\bin\\gmake" -k all 
 
Building file: "../blinky.c"
Invoking: ARM Compiler
"C:/ti/ccsv8/tools/compiler/ti-cgt-arm_18.1.4.LTS/bin/armcl" -mv7M4 --code_state=16 --float_support=FPv4SPD16 --abi=eabi -me -O2 --include_path="C:/ti/ccsv8/tools/compiler/ti-cgt-arm_18.1.4.LTS/include" --include_path="C:/ti/tivaware_c_series_2_1_4_178/examples/boards/ek-tm4c123gxl/drivers" --include_path="C:/ti/tivaware_c_series_2_1_4_178/examples/boards/ek-tm4c123gxl" --include_path="C:/ti/tivaware_c_series_2_1_4_178" --advice:power=all -g --gcc --define=ccs="ccs" --define=PART_TM4C123GH6PM --define=TARGET_IS_TM4C123_RB1 --diag_warning=225 --diag_wrap=off --display_error_number --gen_func_subsections=on --ual --preproc_with_compile --preproc_dependency="blinky.d_raw"  "../blinky.c"
 
>> Compilation failure
subdir_rules.mk:9: recipe for target 'blinky.obj' failed
"../blinky.c", line 19: remark #1527-D: (ULP 2.1) Detected SW delay loop using empty loop. Recommend using a timer module instead
"../blinky.c", line 81: error #256: type name is not allowed
"../blinky.c", line 81: error #20: identifier "pui8Delta" is undefined
"../blinky.c", line 81: error #256: type name is not allowed
"../blinky.c", line 81: error #20: identifier "pui8RawState" is undefined
"../blinky.c", line 107: error #20: identifier "LeftButton" is undefined
"../blinky.c", line 118: error #20: identifier "RightButton" is undefined
"../blinky.c", line 78: warning #179-D: variable "g_ui8ButtonStates" was declared but never referenced
"../blinky.c", line 47: remark #1527-D: (ULP 2.1) Detected SW delay loop using empty loop. Recommend using a timer module instead
6 errors detected in the compilation of "../blinky.c".
gmake: *** [blinky.obj] Error 1
Building file: "../startup_ccs.c"
Invoking: ARM Compiler
"C:/ti/ccsv8/tools/compiler/ti-cgt-arm_18.1.4.LTS/bin/armcl" -mv7M4 --code_state=16 --float_support=FPv4SPD16 --abi=eabi -me -O2 --include_path="C:/ti/ccsv8/tools/compiler/ti-cgt-arm_18.1.4.LTS/include" --include_path="C:/ti/tivaware_c_series_2_1_4_178/examples/boards/ek-tm4c123gxl/drivers" --include_path="C:/ti/tivaware_c_series_2_1_4_178/examples/boards/ek-tm4c123gxl" --include_path="C:/ti/tivaware_c_series_2_1_4_178" --advice:power=all -g --gcc --define=ccs="ccs" --define=PART_TM4C123GH6PM --define=TARGET_IS_TM4C123_RB1 --diag_warning=225 --diag_wrap=off --display_error_number --gen_func_subsections=on --ual --preproc_with_compile --preproc_dependency="startup_ccs.d_raw"  "../startup_ccs.c"
"../startup_ccs.c", line 256: remark #1527-D: (ULP 2.1) Detected SW delay loop using empty loop. Recommend using a timer module instead
"../startup_ccs.c", line 274: remark #1527-D: (ULP 2.1) Detected SW delay loop using empty loop. Recommend using a timer module instead
"../startup_ccs.c", line 292: remark #1527-D: (ULP 2.1) Detected SW delay loop using empty loop. Recommend using a timer module instead
Finished building: "../startup_ccs.c"
 
gmake: Target 'all' not remade because of errors.

**** Build Finished ****

**** Build of configuration Debug for project lab2 ****

"C:\\ti\\ccsv8\\utils\\bin\\gmake" -k all 
 
Building file: "../blinky.c"
Invoking: ARM Compiler
"C:/ti/ccsv8/tools/compiler/ti-cgt-arm_18.1.4.LTS/bin/armcl" -mv7M4 --code_state=16 --float_support=FPv4SPD16 --abi=eabi -me -O2 --include_path="C:/ti/ccsv8/tools/compiler/ti-cgt-arm_18.1.4.LTS/include" --include_path="C:/ti/tivaware_c_series_2_1_4_178/examples/boards/ek-tm4c123gxl/drivers" --include_path="C:/ti/tivaware_c_series_2_1_4_178/examples/boards/ek-tm4c123gxl" --include_path="C:/ti/tivaware_c_series_2_1_4_178" --advice:power=all -g --gcc --define=ccs="ccs" --define=PART_TM4C123GH6PM --define=TARGET_IS_TM4C123_RB1 --diag_warning=225 --diag_wrap=off --display_error_number --gen_func_subsections=on --ual --preproc_with_compile --preproc_dependency="blinky.d_raw"  "../blinky.c"
 
>> Compilation failure
subdir_rules.mk:9: recipe for target 'blinky.obj' failed
"../blinky.c", line 19: remark #1527-D: (ULP 2.1) Detected SW delay loop using empty loop. Recommend using a timer module instead
"../blinky.c", line 81: error #256: type name is not allowed
"../blinky.c", line 81: error #20: identifier "pui8Delta" is undefined
"../blinky.c", line 81: error #256: type name is not allowed
"../blinky.c", line 81: error #20: identifier "pui8RawState" is undefined
"../blinky.c", line 78: warning #179-D: variable "g_ui8ButtonStates" was declared but never referenced
"../blinky.c", line 47: remark #1527-D: (ULP 2.1) Detected SW delay loop using empty loop. Recommend using a timer module instead
4 errors detected in the compilation of "../blinky.c".
gmake: *** [blinky.obj] Error 1
gmake: Target 'all' not remade because of errors.

**** Build Finished ****

**** Build of configuration Debug for project lab2 ****

"C:\\ti\\ccsv8\\utils\\bin\\gmake" -k all 
 
Building file: "../blinky.c"
Invoking: ARM Compiler
"C:/ti/ccsv8/tools/compiler/ti-cgt-arm_18.1.4.LTS/bin/armcl" -mv7M4 --code_state=16 --float_support=FPv4SPD16 --abi=eabi -me -O2 --include_path="C:/ti/ccsv8/tools/compiler/ti-cgt-arm_18.1.4.LTS/include" --include_path="C:/ti/tivaware_c_series_2_1_4_178/examples/boards/ek-tm4c123gxl/drivers" --include_path="C:/ti/tivaware_c_series_2_1_4_178/examples/boards/ek-tm4c123gxl" --include_path="C:/ti/tivaware_c_series_2_1_4_178" --advice:power=all -g --gcc --define=ccs="ccs" --define=PART_TM4C123GH6PM --define=TARGET_IS_TM4C123_RB1 --diag_warning=225 --diag_wrap=off --display_error_number --gen_func_subsections=on --ual --preproc_with_compile --preproc_dependency="blinky.d_raw"  "../blinky.c"
"../blinky.c", line 19: remark #1527-D: (ULP 2.1) Detected SW delay loop using empty loop. Recommend using a timer module instead
"../blinky.c", line 78: warning #179-D: variable "g_ui8ButtonStates" was declared but never referenced
"../blinky.c", line 47: remark #1527-D: (ULP 2.1) Detected SW delay loop using empty loop. Recommend using a timer module instead
Finished building: "../blinky.c"
 
Building target: "lab2.out"
Invoking: ARM Linker
"C:/ti/ccsv8/tools/compiler/ti-cgt-arm_18.1.4.LTS/bin/armcl" -mv7M4 --code_state=16 --float_support=FPv4SPD16 --abi=eabi -me -O2 --advice:power=all -g --gcc --define=ccs="ccs" --define=PART_TM4C123GH6PM --define=TARGET_IS_TM4C123_RB1 --diag_warning=225 --diag_wrap=off --display_error_number --gen_func_subsections=on --ual -z -m"blinky_ccs.map" --stack_size=512 --heap_size=0 -i"C:/ti/ccsv8/tools/compiler/ti-cgt-arm_18.1.4.LTS/lib" -i"C:/ti/ccsv8/tools/compiler/ti-cgt-arm_18.1.4.LTS/include" --reread_libs --diag_wrap=off --display_error_number --warn_sections --xml_link_info="lab2_linkInfo.xml" --rom_model -o "lab2.out" "./blinky.obj" "./startup_ccs.obj" "../blinky_ccs.cmd"  -llibc.a -l"C:/ti/tivaware_c_series_2_1_4_178/driverlib/ccs/Debug/driverlib.lib" 
<Linking>
 
remark #10371-D: (ULP 1.1) Detected no uses of low power mode state changing instructions
 undefined   first referenced
 
>> Compilation failure
makefile:142: recipe for target 'lab2.out' failed
  symbol         in file     
 ---------   ----------------
 ButtonsInit ./blinky.obj    
 
error #10234-D: unresolved symbols remain
error #10010: errors encountered during linking; "lab2.out" not built
gmake: *** [lab2.out] Error 1
gmake: Target 'all' not remade because of errors.

**** Build Finished ****

**** Clean-only build of configuration Debug for project project0 ****

"C:\\ti\\ccsv8\\utils\\bin\\gmake" -k clean 
 
gmake: *** No rule to make target 'clean'.

**** Build Finished ****

**** Build of configuration Debug for project project0 ****

"C:\\ti\\ccsv8\\utils\\bin\\gmake" -k all 
 
Building file: "../project0.c"
Invoking: ARM Compiler
"C:/ti/ccsv8/tools/compiler/ti-cgt-arm_18.1.4.LTS/bin/armcl" -mv7M4 --code_state=16 --float_support=FPv4SPD16 --abi=eabi -me -O2 --include_path="C:/ti/ccsv8/tools/compiler/ti-cgt-arm_18.1.4.LTS/include" --include_path="C:/ti/tivaware_c_series_2_1_4_178/examples/boards/ek-tm4c123gxl" --include_path="C:/ti/tivaware_c_series_2_1_4_178" --advice:power=all -g --gcc --define=ccs="ccs" --define=PART_TM4C123GH6PM --define=TARGET_IS_TM4C123_RB1 --diag_warning=225 --diag_wrap=off --display_error_number --gen_func_subsections=on --ual --preproc_with_compile --preproc_dependency="project0.d_raw"  "../project0.c"
"../project0.c", line 83: remark #1527-D: (ULP 2.1) Detected SW delay loop using empty loop. Recommend using a timer module instead
Finished building: "../project0.c"
 
Building file: "../startup_ccs.c"
Invoking: ARM Compiler
"C:/ti/ccsv8/tools/compiler/ti-cgt-arm_18.1.4.LTS/bin/armcl" -mv7M4 --code_state=16 --float_support=FPv4SPD16 --abi=eabi -me -O2 --include_path="C:/ti/ccsv8/tools/compiler/ti-cgt-arm_18.1.4.LTS/include" --include_path="C:/ti/tivaware_c_series_2_1_4_178/examples/boards/ek-tm4c123gxl" --include_path="C:/ti/tivaware_c_series_2_1_4_178" --advice:power=all -g --gcc --define=ccs="ccs" --define=PART_TM4C123GH6PM --define=TARGET_IS_TM4C123_RB1 --diag_warning=225 --diag_wrap=off --display_error_number --gen_func_subsections=on --ual --preproc_with_compile --preproc_dependency="startup_ccs.d_raw"  "../startup_ccs.c"
"../startup_ccs.c", line 256: remark #1527-D: (ULP 2.1) Detected SW delay loop using empty loop. Recommend using a timer module instead
"../startup_ccs.c", line 274: remark #1527-D: (ULP 2.1) Detected SW delay loop using empty loop. Recommend using a timer module instead
"../startup_ccs.c", line 292: remark #1527-D: (ULP 2.1) Detected SW delay loop using empty loop. Recommend using a timer module instead
Finished building: "../startup_ccs.c"
 
Building target: "project0.out"
Invoking: ARM Linker
"C:/ti/ccsv8/tools/compiler/ti-cgt-arm_18.1.4.LTS/bin/armcl" -mv7M4 --code_state=16 --float_support=FPv4SPD16 --abi=eabi -me -O2 --advice:power=all -g --gcc --define=ccs="ccs" --define=PART_TM4C123GH6PM --define=TARGET_IS_TM4C123_RB1 --diag_warning=225 --diag_wrap=off --display_error_number --gen_func_subsections=on --ual -z -m"project0_ccs.map" --stack_size=256 --heap_size=0 -i"C:/ti/ccsv8/tools/compiler/ti-cgt-arm_18.1.4.LTS/lib" -i"C:/ti/ccsv8/tools/compiler/ti-cgt-arm_18.1.4.LTS/include" --reread_libs --diag_wrap=off --display_error_number --warn_sections --xml_link_info="project0_linkInfo.xml" --rom_model -o "project0.out" "./project0.obj" "./startup_ccs.obj" "../project0_ccs.cmd"  -llibc.a -l"C:/ti/tivaware_c_series_2_1_4_178/driverlib/ccs/Debug/driverlib.lib" 
<Linking>
remark #10371-D: (ULP 1.1) Detected no uses of low power mode state changing instructions
Finished building target: "project0.out"
 
"C:/ti/ccsv8/utils/tiobj2bin/tiobj2bin" "project0.out" "project0.bin" "C:/ti/ccsv8/tools/compiler/ti-cgt-arm_18.1.4.LTS/bin/armofd" "C:/ti/ccsv8/tools/compiler/ti-cgt-arm_18.1.4.LTS/bin/armhex" "C:/ti/ccsv8/utils/tiobj2bin/mkhex4bin"
 

**** Build Finished ****

**** Build of configuration Debug for project project0 ****

"C:\\ti\\ccsv8\\utils\\bin\\gmake" -k all 
 
gmake: Nothing to be done for 'all'.

**** Build Finished ****

**** Build of configuration Debug for project lab2 ****

"C:\\ti\\ccsv8\\utils\\bin\\gmake" -k all 
 
Building file: "../lab2.c"
Invoking: ARM Compiler
"C:/ti/ccsv8/tools/compiler/ti-cgt-arm_18.1.4.LTS/bin/armcl" -mv7M4 --code_state=16 --float_support=FPv4SPD16 --abi=eabi -me -O2 --include_path="C:/ti/ccsv8/tools/compiler/ti-cgt-arm_18.1.4.LTS/include" --include_path="C:/ti/tivaware_c_series_2_1_4_178/examples/boards/ek-tm4c123gxl/drivers" --include_path="C:/ti/tivaware_c_series_2_1_4_178/examples/boards/ek-tm4c123gxl" --include_path="C:/ti/tivaware_c_series_2_1_4_178" --advice:power=all -g --gcc --define=ccs="ccs" --define=PART_TM4C123GH6PM --define=TARGET_IS_TM4C123_RB1 --diag_warning=225 --diag_wrap=off --display_error_number --gen_func_subsections=on --ual --preproc_with_compile --preproc_dependency="lab2.d_raw"  "../lab2.c"
"../lab2.c", line 19: remark #1527-D: (ULP 2.1) Detected SW delay loop using empty loop. Recommend using a timer module instead
"../lab2.c", line 50: remark #1527-D: (ULP 2.1) Detected SW delay loop using empty loop. Recommend using a timer module instead
Finished building: "../lab2.c"
 
Building target: "lab2.out"
Invoking: ARM Linker
"C:/ti/ccsv8/tools/compiler/ti-cgt-arm_18.1.4.LTS/bin/armcl" -mv7M4 --code_state=16 --float_support=FPv4SPD16 --abi=eabi -me -O2 --advice:power=all -g --gcc --define=ccs="ccs" --define=PART_TM4C123GH6PM --define=TARGET_IS_TM4C123_RB1 --diag_warning=225 --diag_wrap=off --display_error_number --gen_func_subsections=on --ual -z -m"blinky_ccs.map" --stack_size=512 --heap_size=0 -i"C:/ti/ccsv8/tools/compiler/ti-cgt-arm_18.1.4.LTS/lib" -i"C:/ti/ccsv8/tools/compiler/ti-cgt-arm_18.1.4.LTS/include" --reread_libs --diag_wrap=off --display_error_number --warn_sections --xml_link_info="lab2_linkInfo.xml" --rom_model -o "lab2.out" "./lab2.obj" "./startup_ccs.obj" "../blinky_ccs.cmd"  -llibc.a -l"C:/ti/tivaware_c_series_2_1_4_178/driverlib/ccs/Debug/driverlib.lib" 
<Linking>
 
 undefined   first referenced
  symbol         in file     
 ---------   ----------------
remark #10371-D: (ULP 1.1) Detected no uses of low power mode state changing instructions
 ButtonsInit ./lab2.obj      
 
>> Compilation failure
makefile:142: recipe for target 'lab2.out' failed
 
error #10234-D: unresolved symbols remain
error #10010: errors encountered during linking; "lab2.out" not built
gmake: *** [lab2.out] Error 1
gmake: Target 'all' not remade because of errors.

**** Build Finished ****

**** Build of configuration Debug for project lab2 ****

"C:\\ti\\ccsv8\\utils\\bin\\gmake" -k all 
 
Building file: "../lab2.c"
Invoking: ARM Compiler
"C:/ti/ccsv8/tools/compiler/ti-cgt-arm_18.1.4.LTS/bin/armcl" -mv7M4 --code_state=16 --float_support=FPv4SPD16 --abi=eabi -me -O2 --include_path="C:/ti/ccsv8/tools/compiler/ti-cgt-arm_18.1.4.LTS/include" --include_path="C:/ti/tivaware_c_series_2_1_4_178/examples/boards/ek-tm4c123gxl/drivers" --include_path="C:/ti/tivaware_c_series_2_1_4_178/examples/boards/ek-tm4c123gxl" --include_path="C:/ti/tivaware_c_series_2_1_4_178" --advice:power=all -g --gcc --define=ccs="ccs" --define=PART_TM4C123GH6PM --define=TARGET_IS_TM4C123_RB1 --diag_warning=225 --diag_wrap=off --display_error_number --gen_func_subsections=on --ual --preproc_with_compile --preproc_dependency="lab2.d_raw"  "../lab2.c"
"../lab2.c", line 19: remark #1527-D: (ULP 2.1) Detected SW delay loop using empty loop. Recommend using a timer module instead
"../lab2.c", line 50: remark #1527-D: (ULP 2.1) Detected SW delay loop using empty loop. Recommend using a timer module instead
Finished building: "../lab2.c"
 
Building target: "lab2.out"
Invoking: ARM Linker
"C:/ti/ccsv8/tools/compiler/ti-cgt-arm_18.1.4.LTS/bin/armcl" -mv7M4 --code_state=16 --float_support=FPv4SPD16 --abi=eabi -me -O2 --advice:power=all -g --gcc --define=ccs="ccs" --define=PART_TM4C123GH6PM --define=TARGET_IS_TM4C123_RB1 --diag_warning=225 --diag_wrap=off --display_error_number --gen_func_subsections=on --ual -z -m"blinky_ccs.map" --stack_size=512 --heap_size=0 -i"C:/ti/ccsv8/tools/compiler/ti-cgt-arm_18.1.4.LTS/lib" -i"C:/ti/ccsv8/tools/compiler/ti-cgt-arm_18.1.4.LTS/include" --reread_libs --diag_wrap=off --display_error_number --warn_sections --xml_link_info="lab2_linkInfo.xml" --rom_model -o "lab2.out" "./lab2.obj" "./startup_ccs.obj" "../blinky_ccs.cmd"  -llibc.a -l"C:/ti/tivaware_c_series_2_1_4_178/driverlib/ccs/Debug/driverlib.lib" 
<Linking>
 
 undefined   first referenced
remark #10371-D: (ULP 1.1) Detected no uses of low power mode state changing instructions
  symbol         in file     
 
>> Compilation failure
makefile:142: recipe for target 'lab2.out' failed
 ---------   ----------------
 ButtonsInit ./lab2.obj      
 
error #10234-D: unresolved symbols remain
error #10010: errors encountered during linking; "lab2.out" not built
gmake: *** [lab2.out] Error 1
gmake: Target 'all' not remade because of errors.

**** Build Finished ****

**** Clean-only build of configuration Debug for project lab1 ****

"C:\\ti\\ccsv8\\utils\\bin\\gmake" -k clean 
 
DEL /F  "lab1.bin"  "lab1.out" 
DEL /F "lab2.obj" "startup_ccs.obj" 
DEL /F "lab2.d" "startup_ccs.d" 
Could Not Find C:\Users\degme\workspace_v8\lab1\Debug\lab1.bin
Finished clean
 

**** Build Finished ****

**** Build of configuration Debug for project lab1 ****

"C:\\ti\\ccsv8\\utils\\bin\\gmake" -k all 
 
Building file: "../lab1.c"
Invoking: ARM Compiler
"C:/ti/ccsv8/tools/compiler/ti-cgt-arm_18.1.4.LTS/bin/armcl" -mv7M4 --code_state=16 --float_support=FPv4SPD16 --abi=eabi -me -O2 --include_path="C:/ti/ccsv8/tools/compiler/ti-cgt-arm_18.1.4.LTS/include" --include_path="C:/ti/tivaware_c_series_2_1_4_178/examples/boards/ek-tm4c123gxl/drivers" --include_path="C:/ti/tivaware_c_series_2_1_4_178/examples/boards/ek-tm4c123gxl" --include_path="C:/ti/tivaware_c_series_2_1_4_178" --advice:power=all -g --gcc --define=ccs="ccs" --define=PART_TM4C123GH6PM --define=TARGET_IS_TM4C123_RB1 --diag_warning=225 --diag_wrap=off --display_error_number --gen_func_subsections=on --ual --preproc_with_compile --preproc_dependency="lab1.d_raw"  "../lab1.c"
"../lab1.c", line 16: remark #1527-D: (ULP 2.1) Detected SW delay loop using empty loop. Recommend using a timer module instead
"../lab1.c", line 41: remark #1527-D: (ULP 2.1) Detected SW delay loop using empty loop. Recommend using a timer module instead
Finished building: "../lab1.c"
 
Building file: "../startup_ccs.c"
Invoking: ARM Compiler
"C:/ti/ccsv8/tools/compiler/ti-cgt-arm_18.1.4.LTS/bin/armcl" -mv7M4 --code_state=16 --float_support=FPv4SPD16 --abi=eabi -me -O2 --include_path="C:/ti/ccsv8/tools/compiler/ti-cgt-arm_18.1.4.LTS/include" --include_path="C:/ti/tivaware_c_series_2_1_4_178/examples/boards/ek-tm4c123gxl/drivers" --include_path="C:/ti/tivaware_c_series_2_1_4_178/examples/boards/ek-tm4c123gxl" --include_path="C:/ti/tivaware_c_series_2_1_4_178" --advice:power=all -g --gcc --define=ccs="ccs" --define=PART_TM4C123GH6PM --define=TARGET_IS_TM4C123_RB1 --diag_warning=225 --diag_wrap=off --display_error_number --gen_func_subsections=on --ual --preproc_with_compile --preproc_dependency="startup_ccs.d_raw"  "../startup_ccs.c"
"../startup_ccs.c", line 256: remark #1527-D: (ULP 2.1) Detected SW delay loop using empty loop. Recommend using a timer module instead
"../startup_ccs.c", line 274: remark #1527-D: (ULP 2.1) Detected SW delay loop using empty loop. Recommend using a timer module instead
"../startup_ccs.c", line 292: remark #1527-D: (ULP 2.1) Detected SW delay loop using empty loop. Recommend using a timer module instead
Finished building: "../startup_ccs.c"
 
Building target: "lab1.out"
Invoking: ARM Linker
"C:/ti/ccsv8/tools/compiler/ti-cgt-arm_18.1.4.LTS/bin/armcl" -mv7M4 --code_state=16 --float_support=FPv4SPD16 --abi=eabi -me -O2 --advice:power=all -g --gcc --define=ccs="ccs" --define=PART_TM4C123GH6PM --define=TARGET_IS_TM4C123_RB1 --diag_warning=225 --diag_wrap=off --display_error_number --gen_func_subsections=on --ual -z -m"blinky_ccs.map" --stack_size=512 --heap_size=0 -i"C:/ti/ccsv8/tools/compiler/ti-cgt-arm_18.1.4.LTS/lib" -i"C:/ti/ccsv8/tools/compiler/ti-cgt-arm_18.1.4.LTS/include" --reread_libs --diag_wrap=off --display_error_number --warn_sections --xml_link_info="lab1_linkInfo.xml" --rom_model -o "lab1.out" "./lab1.obj" "./startup_ccs.obj" "../blinky_ccs.cmd"  -llibc.a -l"C:/ti/tivaware_c_series_2_1_4_178/driverlib/ccs/Debug/driverlib.lib" 
<Linking>
 
remark #10371-D: (ULP 1.1) Detected no uses of low power mode state changing instructions
 undefined   first referenced
 
>> Compilation failure
makefile:142: recipe for target 'lab1.out' failed
  symbol         in file     
 ---------   ----------------
 ButtonsInit ./lab1.obj      
 
error #10234-D: unresolved symbols remain
error #10010: errors encountered during linking; "lab1.out" not built
gmake: *** [lab1.out] Error 1
gmake: Target 'all' not remade because of errors.

**** Build Finished ****

**** Build of configuration Debug for project lab1 ****

"C:\\ti\\ccsv8\\utils\\bin\\gmake" -k all 
 
Building target: "lab1.out"
Invoking: ARM Linker
"C:/ti/ccsv8/tools/compiler/ti-cgt-arm_18.1.4.LTS/bin/armcl" -mv7M4 --code_state=16 --float_support=FPv4SPD16 --abi=eabi -me -O2 --advice:power=all -g --gcc --define=ccs="ccs" --define=PART_TM4C123GH6PM --define=TARGET_IS_TM4C123_RB1 --diag_warning=225 --diag_wrap=off --display_error_number --gen_func_subsections=on --ual -z -m"blinky_ccs.map" --stack_size=512 --heap_size=0 -i"C:/ti/ccsv8/tools/compiler/ti-cgt-arm_18.1.4.LTS/lib" -i"C:/ti/ccsv8/tools/compiler/ti-cgt-arm_18.1.4.LTS/include" --reread_libs --diag_wrap=off --display_error_number --warn_sections --xml_link_info="lab1_linkInfo.xml" --rom_model -o "lab1.out" "./lab1.obj" "./startup_ccs.obj" "../blinky_ccs.cmd"  -llibc.a -l"C:/ti/tivaware_c_series_2_1_4_178/driverlib/ccs/Debug/driverlib.lib" 
<Linking>
 
remark #10371-D: (ULP 1.1) Detected no uses of low power mode state changing instructions
 undefined   first referenced
 
>> Compilation failure
makefile:142: recipe for target 'lab1.out' failed
  symbol         in file     
 ---------   ----------------
 ButtonsInit ./lab1.obj      
 
error #10234-D: unresolved symbols remain
error #10010: errors encountered during linking; "lab1.out" not built
gmake: *** [lab1.out] Error 1
gmake: Target 'all' not remade because of errors.

**** Build Finished ****

**** Build of configuration Debug for project lab2 ****

"C:\\ti\\ccsv8\\utils\\bin\\gmake" -k all 
 
Building file: "../lab2.c"
Invoking: ARM Compiler
"C:/ti/ccsv8/tools/compiler/ti-cgt-arm_18.1.4.LTS/bin/armcl" -mv7M4 --code_state=16 --float_support=FPv4SPD16 --abi=eabi -me -O2 --include_path="C:/ti/ccsv8/tools/compiler/ti-cgt-arm_18.1.4.LTS/include" --include_path="C:/ti/tivaware_c_series_2_1_4_178/examples/boards/ek-tm4c123gxl/drivers" --include_path="C:/ti/tivaware_c_series_2_1_4_178/examples/boards/ek-tm4c123gxl" --include_path="C:/ti/tivaware_c_series_2_1_4_178" --advice:power=all -g --gcc --define=ccs="ccs" --define=PART_TM4C123GH6PM --define=TARGET_IS_TM4C123_RB1 --diag_warning=225 --diag_wrap=off --display_error_number --gen_func_subsections=on --ual --preproc_with_compile --preproc_dependency="lab2.d_raw"  "../lab2.c"
"../lab2.c", line 19: remark #1527-D: (ULP 2.1) Detected SW delay loop using empty loop. Recommend using a timer module instead
"../lab2.c", line 33: warning #225-D: function "delay" declared implicitly
"../lab2.c", line 50: remark #1527-D: (ULP 2.1) Detected SW delay loop using empty loop. Recommend using a timer module instead
"../lab2.c", line 33 (col. 6): remark #1531-D: (ULP 5.2) Detected floating point operation(s). Recommend moving them to RAM during run time or not using as these are processing/power intensive
"../lab2.c", line 35 (col. 6): remark #1531-D: (ULP 5.2) Detected floating point operation(s). Recommend moving them to RAM during run time or not using as these are processing/power intensive
Finished building: "../lab2.c"
 
Building target: "lab2.out"
Invoking: ARM Linker
"C:/ti/ccsv8/tools/compiler/ti-cgt-arm_18.1.4.LTS/bin/armcl" -mv7M4 --code_state=16 --float_support=FPv4SPD16 --abi=eabi -me -O2 --advice:power=all -g --gcc --define=ccs="ccs" --define=PART_TM4C123GH6PM --define=TARGET_IS_TM4C123_RB1 --diag_warning=225 --diag_wrap=off --display_error_number --gen_func_subsections=on --ual -z -m"blinky_ccs.map" --stack_size=512 --heap_size=0 -i"C:/ti/ccsv8/tools/compiler/ti-cgt-arm_18.1.4.LTS/lib" -i"C:/ti/ccsv8/tools/compiler/ti-cgt-arm_18.1.4.LTS/include" --reread_libs --diag_wrap=off --display_error_number --warn_sections --xml_link_info="lab2_linkInfo.xml" --rom_model -o "lab2.out" "./lab2.obj" "./startup_ccs.obj" "../blinky_ccs.cmd"  -llibc.a -l"C:/ti/tivaware_c_series_2_1_4_178/driverlib/ccs/Debug/driverlib.lib" 
<Linking>
 
 undefined   first referenced
  symbol         in file     
 ---------   ----------------
 ButtonsInit ./lab2.obj      
remark #10371-D: (ULP 1.1) Detected no uses of low power mode state changing instructions
 
 
>> Compilation failure
makefile:142: recipe for target 'lab2.out' failed
error #10234-D: unresolved symbols remain
error #10010: errors encountered during linking; "lab2.out" not built
gmake: *** [lab2.out] Error 1
gmake: Target 'all' not remade because of errors.

**** Build Finished ****

**** Build of configuration Debug for project lab2 ****

"C:\\ti\\ccsv8\\utils\\bin\\gmake" -k all 
 
Building file: "../lab2.c"
Invoking: ARM Compiler
"C:/ti/ccsv8/tools/compiler/ti-cgt-arm_18.1.4.LTS/bin/armcl" -mv7M4 --code_state=16 --float_support=FPv4SPD16 --abi=eabi -me -O2 --include_path="C:/ti/ccsv8/tools/compiler/ti-cgt-arm_18.1.4.LTS/include" --include_path="C:/ti/tivaware_c_series_2_1_4_178/examples/boards/ek-tm4c123gxl/drivers" --include_path="C:/ti/tivaware_c_series_2_1_4_178/examples/boards/ek-tm4c123gxl" --include_path="C:/ti/tivaware_c_series_2_1_4_178" --advice:power=all -g --gcc --define=ccs="ccs" --define=PART_TM4C123GH6PM --define=TARGET_IS_TM4C123_RB1 --diag_warning=225 --diag_wrap=off --display_error_number --gen_func_subsections=on --ual --preproc_with_compile --preproc_dependency="lab2.d_raw"  "../lab2.c"
"../lab2.c", line 19: remark #1527-D: (ULP 2.1) Detected SW delay loop using empty loop. Recommend using a timer module instead
"../lab2.c", line 33: warning #225-D: function "delay" declared implicitly
"../lab2.c", line 50: remark #1527-D: (ULP 2.1) Detected SW delay loop using empty loop. Recommend using a timer module instead
"../lab2.c", line 33 (col. 6): remark #1531-D: (ULP 5.2) Detected floating point operation(s). Recommend moving them to RAM during run time or not using as these are processing/power intensive
"../lab2.c", line 35 (col. 6): remark #1531-D: (ULP 5.2) Detected floating point operation(s). Recommend moving them to RAM during run time or not using as these are processing/power intensive
Finished building: "../lab2.c"
 
Building target: "lab2.out"
Invoking: ARM Linker
"C:/ti/ccsv8/tools/compiler/ti-cgt-arm_18.1.4.LTS/bin/armcl" -mv7M4 --code_state=16 --float_support=FPv4SPD16 --abi=eabi -me -O2 --advice:power=all -g --gcc --define=ccs="ccs" --define=PART_TM4C123GH6PM --define=TARGET_IS_TM4C123_RB1 --diag_warning=225 --diag_wrap=off --display_error_number --gen_func_subsections=on --ual -z -m"blinky_ccs.map" --stack_size=512 --heap_size=0 -i"C:/ti/ccsv8/tools/compiler/ti-cgt-arm_18.1.4.LTS/lib" -i"C:/ti/ccsv8/tools/compiler/ti-cgt-arm_18.1.4.LTS/include" --reread_libs --diag_wrap=off --display_error_number --warn_sections --xml_link_info="lab2_linkInfo.xml" --rom_model -o "lab2.out" "./lab2.obj" "./startup_ccs.obj" "../blinky_ccs.cmd"  -llibc.a -l"C:/ti/tivaware_c_series_2_1_4_178/driverlib/ccs/Debug/driverlib.lib" 
<Linking>
 
remark #10371-D: (ULP 1.1) Detected no uses of low power mode state changing instructions
 undefined   first referenced
 
>> Compilation failure
makefile:142: recipe for target 'lab2.out' failed
  symbol         in file     
 ---------   ----------------
 ButtonsInit ./lab2.obj      
 
error #10234-D: unresolved symbols remain
error #10010: errors encountered during linking; "lab2.out" not built
gmake: *** [lab2.out] Error 1
gmake: Target 'all' not remade because of errors.

**** Build Finished ****

**** Build of configuration Debug for project lab2 ****

"C:\\ti\\ccsv8\\utils\\bin\\gmake" -k all 
 
Building file: "../lab2.c"
Invoking: ARM Compiler
"C:/ti/ccsv8/tools/compiler/ti-cgt-arm_18.1.4.LTS/bin/armcl" -mv7M4 --code_state=16 --float_support=FPv4SPD16 --abi=eabi -me -O2 --include_path="C:/ti/ccsv8/tools/compiler/ti-cgt-arm_18.1.4.LTS/include" --include_path="C:/ti/tivaware_c_series_2_1_4_178/examples/boards/ek-tm4c123gxl/drivers" --include_path="C:/ti/tivaware_c_series_2_1_4_178/examples/boards/ek-tm4c123gxl" --include_path="C:/ti/tivaware_c_series_2_1_4_178" --advice:power=all -g --gcc --define=ccs="ccs" --define=PART_TM4C123GH6PM --define=TARGET_IS_TM4C123_RB1 --diag_warning=225 --diag_wrap=off --display_error_number --gen_func_subsections=on --ual --preproc_with_compile --preproc_dependency="lab2.d_raw"  "../lab2.c"
 
>> Compilation failure
subdir_rules.mk:9: recipe for target 'lab2.obj' failed
"../lab2.c", line 21: remark #1527-D: (ULP 2.1) Detected SW delay loop using empty loop. Recommend using a timer module instead
"../lab2.c", line 83: error #20: identifier "SysTick" is undefined
"../lab2.c", line 40: remark #1527-D: (ULP 2.1) Detected SW delay loop using empty loop. Recommend using a timer module instead
1 error detected in the compilation of "../lab2.c".
gmake: *** [lab2.obj] Error 1
gmake: Target 'all' not remade because of errors.

**** Build Finished ****

**** Build of configuration Debug for project lab2 ****

"C:\\ti\\ccsv8\\utils\\bin\\gmake" -k all 
 
Building file: "../lab2.c"
Invoking: ARM Compiler
"C:/ti/ccsv8/tools/compiler/ti-cgt-arm_18.1.4.LTS/bin/armcl" -mv7M4 --code_state=16 --float_support=FPv4SPD16 --abi=eabi -me -O2 --include_path="C:/ti/ccsv8/tools/compiler/ti-cgt-arm_18.1.4.LTS/include" --include_path="C:/ti/tivaware_c_series_2_1_4_178/examples/boards/ek-tm4c123gxl/drivers" --include_path="C:/ti/tivaware_c_series_2_1_4_178/examples/boards/ek-tm4c123gxl" --include_path="C:/ti/tivaware_c_series_2_1_4_178" --advice:power=all -g --gcc --define=ccs="ccs" --define=PART_TM4C123GH6PM --define=TARGET_IS_TM4C123_RB1 --diag_warning=225 --diag_wrap=off --display_error_number --gen_func_subsections=on --ual --preproc_with_compile --preproc_dependency="lab2.d_raw"  "../lab2.c"
 
>> Compilation failure
subdir_rules.mk:9: recipe for target 'lab2.obj' failed
"../lab2.c", line 15: error #20: identifier "uint32_" is undefined
"../lab2.c", line 18: error #20: identifier "uint32_" is undefined
"../lab2.c", line 20: remark #1527-D: (ULP 2.1) Detected SW delay loop using empty loop. Recommend using a timer module instead
"../lab2.c", line 28: remark #1527-D: (ULP 2.1) Detected SW delay loop using empty loop. Recommend using a timer module instead
"../lab2.c", line 47: remark #1527-D: (ULP 2.1) Detected SW delay loop using empty loop. Recommend using a timer module instead
2 errors detected in the compilation of "../lab2.c".
gmake: *** [lab2.obj] Error 1
gmake: Target 'all' not remade because of errors.

**** Build Finished ****

**** Build of configuration Debug for project lab2 ****

"C:\\ti\\ccsv8\\utils\\bin\\gmake" -k all 
 
Building file: "../lab2.c"
Invoking: ARM Compiler
"C:/ti/ccsv8/tools/compiler/ti-cgt-arm_18.1.4.LTS/bin/armcl" -mv7M4 --code_state=16 --float_support=FPv4SPD16 --abi=eabi -me -O2 --include_path="C:/ti/ccsv8/tools/compiler/ti-cgt-arm_18.1.4.LTS/include" --include_path="C:/ti/tivaware_c_series_2_1_4_178/examples/boards/ek-tm4c123gxl/drivers" --include_path="C:/ti/tivaware_c_series_2_1_4_178/examples/boards/ek-tm4c123gxl" --include_path="C:/ti/tivaware_c_series_2_1_4_178" --advice:power=all -g --gcc --define=ccs="ccs" --define=PART_TM4C123GH6PM --define=TARGET_IS_TM4C123_RB1 --diag_warning=225 --diag_wrap=off --display_error_number --gen_func_subsections=on --ual --preproc_with_compile --preproc_dependency="lab2.d_raw"  "../lab2.c"
"../lab2.c", line 20: remark #1527-D: (ULP 2.1) Detected SW delay loop using empty loop. Recommend using a timer module instead
"../lab2.c", line 28: remark #1527-D: (ULP 2.1) Detected SW delay loop using empty loop. Recommend using a timer module instead
"../lab2.c", line 47: remark #1527-D: (ULP 2.1) Detected SW delay loop using empty loop. Recommend using a timer module instead
Finished building: "../lab2.c"
 
Building target: "lab2.out"
Invoking: ARM Linker
"C:/ti/ccsv8/tools/compiler/ti-cgt-arm_18.1.4.LTS/bin/armcl" -mv7M4 --code_state=16 --float_support=FPv4SPD16 --abi=eabi -me -O2 --advice:power=all -g --gcc --define=ccs="ccs" --define=PART_TM4C123GH6PM --define=TARGET_IS_TM4C123_RB1 --diag_warning=225 --diag_wrap=off --display_error_number --gen_func_subsections=on --ual -z -m"blinky_ccs.map" --stack_size=512 --heap_size=0 -i"C:/ti/ccsv8/tools/compiler/ti-cgt-arm_18.1.4.LTS/lib" -i"C:/ti/ccsv8/tools/compiler/ti-cgt-arm_18.1.4.LTS/include" --reread_libs --diag_wrap=off --display_error_number --warn_sections --xml_link_info="lab2_linkInfo.xml" --rom_model -o "lab2.out" "./lab2.obj" "./startup_ccs.obj" "../blinky_ccs.cmd"  -llibc.a -l"C:/ti/tivaware_c_series_2_1_4_178/driverlib/ccs/Debug/driverlib.lib" 
<Linking>
 
remark #10371-D: (ULP 1.1) Detected no uses of low power mode state changing instructions
 undefined   first referenced
 
>> Compilation failure
makefile:142: recipe for target 'lab2.out' failed
  symbol         in file     
 ---------   ----------------
 ButtonsInit ./lab2.obj      
 
error #10234-D: unresolved symbols remain
error #10010: errors encountered during linking; "lab2.out" not built
gmake: *** [lab2.out] Error 1
gmake: Target 'all' not remade because of errors.

**** Build Finished ****

**** Build of configuration Debug for project lab2 ****

"C:\\ti\\ccsv8\\utils\\bin\\gmake" -k all 
 
Building file: "../lab2.c"
Invoking: ARM Compiler
"C:/ti/ccsv8/tools/compiler/ti-cgt-arm_18.1.4.LTS/bin/armcl" -mv7M4 --code_state=16 --float_support=FPv4SPD16 --abi=eabi -me -O2 --include_path="C:/ti/ccsv8/tools/compiler/ti-cgt-arm_18.1.4.LTS/include" --include_path="C:/ti/tivaware_c_series_2_1_4_178/examples/boards/ek-tm4c123gxl/drivers" --include_path="C:/ti/tivaware_c_series_2_1_4_178/examples/boards/ek-tm4c123gxl" --include_path="C:/ti/tivaware_c_series_2_1_4_178" --advice:power=all -g --gcc --define=ccs="ccs" --define=PART_TM4C123GH6PM --define=TARGET_IS_TM4C123_RB1 --diag_warning=225 --diag_wrap=off --display_error_number --gen_func_subsections=on --ual --preproc_with_compile --preproc_dependency="lab2.d_raw"  "../lab2.c"
 
>> Compilation failure
subdir_rules.mk:9: recipe for target 'lab2.obj' failed
"../lab2.c", line 27: remark #1527-D: (ULP 2.1) Detected SW delay loop using empty loop. Recommend using a timer module instead
"../lab2.c", line 35: remark #1527-D: (ULP 2.1) Detected SW delay loop using empty loop. Recommend using a timer module instead
"../lab2.c", line 153: error #20: identifier "GPIO" is undefined
"../lab2.c", line 155: error #20: identifier "GPIO_PORTF_DATA_R" is undefined
"../lab2.c", line 159: error #20: identifier "GPIOF" is undefined
"../lab2.c", line 54: remark #1527-D: (ULP 2.1) Detected SW delay loop using empty loop. Recommend using a timer module instead
3 errors detected in the compilation of "../lab2.c".
gmake: *** [lab2.obj] Error 1
gmake: Target 'all' not remade because of errors.

**** Build Finished ****

**** Build of configuration Debug for project lab2 ****

"C:\\ti\\ccsv8\\utils\\bin\\gmake" -k all 
 
Building file: "../lab2.c"
Invoking: ARM Compiler
"C:/ti/ccsv8/tools/compiler/ti-cgt-arm_18.1.4.LTS/bin/armcl" -mv7M4 --code_state=16 --float_support=FPv4SPD16 --abi=eabi -me -O2 --include_path="C:/ti/ccsv8/tools/compiler/ti-cgt-arm_18.1.4.LTS/include" --include_path="C:/ti/tivaware_c_series_2_1_4_178/examples/boards/ek-tm4c123gxl/drivers" --include_path="C:/ti/tivaware_c_series_2_1_4_178/examples/boards/ek-tm4c123gxl" --include_path="C:/ti/tivaware_c_series_2_1_4_178" --advice:power=all -g --gcc --define=ccs="ccs" --define=PART_TM4C123GH6PM --define=TARGET_IS_TM4C123_RB1 --diag_warning=225 --diag_wrap=off --display_error_number --gen_func_subsections=on --ual --preproc_with_compile --preproc_dependency="lab2.d_raw"  "../lab2.c"
 
>> Compilation failure
subdir_rules.mk:9: recipe for target 'lab2.obj' failed
"../lab2.c", line 27: remark #1527-D: (ULP 2.1) Detected SW delay loop using empty loop. Recommend using a timer module instead
"../lab2.c", line 35: remark #1527-D: (ULP 2.1) Detected SW delay loop using empty loop. Recommend using a timer module instead
"../lab2.c", line 153: error #20: identifier "GPIO_PORTF_DATA" is undefined
"../lab2.c", line 54: remark #1527-D: (ULP 2.1) Detected SW delay loop using empty loop. Recommend using a timer module instead
1 error detected in the compilation of "../lab2.c".
gmake: *** [lab2.obj] Error 1
gmake: Target 'all' not remade because of errors.

**** Build Finished ****

**** Build of configuration Debug for project lab2 ****

"C:\\ti\\ccsv8\\utils\\bin\\gmake" -k all 
 
Building file: "../lab2.c"
Invoking: ARM Compiler
"C:/ti/ccsv8/tools/compiler/ti-cgt-arm_18.1.4.LTS/bin/armcl" -mv7M4 --code_state=16 --float_support=FPv4SPD16 --abi=eabi -me -O2 --include_path="C:/ti/ccsv8/tools/compiler/ti-cgt-arm_18.1.4.LTS/include" --include_path="C:/ti/tivaware_c_series_2_1_4_178/examples/boards/ek-tm4c123gxl/drivers" --include_path="C:/ti/tivaware_c_series_2_1_4_178/examples/boards/ek-tm4c123gxl" --include_path="C:/ti/tivaware_c_series_2_1_4_178" --advice:power=all -g --gcc --define=ccs="ccs" --define=PART_TM4C123GH6PM --define=TARGET_IS_TM4C123_RB1 --diag_warning=225 --diag_wrap=off --display_error_number --gen_func_subsections=on --ual --preproc_with_compile --preproc_dependency="lab2.d_raw"  "../lab2.c"
 
>> Compilation failure
subdir_rules.mk:9: recipe for target 'lab2.obj' failed
"../lab2.c", line 27: remark #1527-D: (ULP 2.1) Detected SW delay loop using empty loop. Recommend using a timer module instead
"../lab2.c", line 35: remark #1527-D: (ULP 2.1) Detected SW delay loop using empty loop. Recommend using a timer module instead
"../lab2.c", line 153: error #20: identifier "BUTTON_PRESSED" is undefined
"../lab2.c", line 155: error #20: identifier "GPIO_PORTF_DATA" is undefined
"../lab2.c", line 54: remark #1527-D: (ULP 2.1) Detected SW delay loop using empty loop. Recommend using a timer module instead
2 errors detected in the compilation of "../lab2.c".
gmake: *** [lab2.obj] Error 1
gmake: Target 'all' not remade because of errors.

**** Build Finished ****

**** Build of configuration Debug for project lab2 ****

"C:\\ti\\ccsv8\\utils\\bin\\gmake" -k all 
 
Building file: "../lab2.c"
Invoking: ARM Compiler
"C:/ti/ccsv8/tools/compiler/ti-cgt-arm_18.1.4.LTS/bin/armcl" -mv7M4 --code_state=16 --float_support=FPv4SPD16 --abi=eabi -me -O2 --include_path="C:/ti/ccsv8/tools/compiler/ti-cgt-arm_18.1.4.LTS/include" --include_path="C:/ti/tivaware_c_series_2_1_4_178/examples/boards/ek-tm4c123gxl/drivers" --include_path="C:/ti/tivaware_c_series_2_1_4_178/examples/boards/ek-tm4c123gxl" --include_path="C:/ti/tivaware_c_series_2_1_4_178" --advice:power=all -g --gcc --define=ccs="ccs" --define=PART_TM4C123GH6PM --define=TARGET_IS_TM4C123_RB1 --diag_warning=225 --diag_wrap=off --display_error_number --gen_func_subsections=on --ual --preproc_with_compile --preproc_dependency="lab2.d_raw"  "../lab2.c"
"../lab2.c", line 27: remark #1527-D: (ULP 2.1) Detected SW delay loop using empty loop. Recommend using a timer module instead
"../lab2.c", line 35: remark #1527-D: (ULP 2.1) Detected SW delay loop using empty loop. Recommend using a timer module instead
"../lab2.c", line 54: remark #1527-D: (ULP 2.1) Detected SW delay loop using empty loop. Recommend using a timer module instead
Finished building: "../lab2.c"
 
Building target: "lab2.out"
Invoking: ARM Linker
"C:/ti/ccsv8/tools/compiler/ti-cgt-arm_18.1.4.LTS/bin/armcl" -mv7M4 --code_state=16 --float_support=FPv4SPD16 --abi=eabi -me -O2 --advice:power=all -g --gcc --define=ccs="ccs" --define=PART_TM4C123GH6PM --define=TARGET_IS_TM4C123_RB1 --diag_warning=225 --diag_wrap=off --display_error_number --gen_func_subsections=on --ual -z -m"blinky_ccs.map" --stack_size=512 --heap_size=0 -i"C:/ti/ccsv8/tools/compiler/ti-cgt-arm_18.1.4.LTS/lib" -i"C:/ti/ccsv8/tools/compiler/ti-cgt-arm_18.1.4.LTS/include" --reread_libs --diag_wrap=off --display_error_number --warn_sections --xml_link_info="lab2_linkInfo.xml" --rom_model -o "lab2.out" "./lab2.obj" "./startup_ccs.obj" "../blinky_ccs.cmd"  -llibc.a -l"C:/ti/tivaware_c_series_2_1_4_178/driverlib/ccs/Debug/driverlib.lib" 
<Linking>
 
 undefined   first referenced
  symbol         in file     
 ---------   ----------------
 ButtonsInit ./lab2.obj      
 
error #10234-D: unresolved symbols remain
error #10010: errors encountered during linking; "lab2.out" not built
remark #10371-D: (ULP 1.1) Detected no uses of low power mode state changing instructions
 
>> Compilation failure
makefile:142: recipe for target 'lab2.out' failed
gmake: *** [lab2.out] Error 1
gmake: Target 'all' not remade because of errors.

**** Build Finished ****

**** Build of configuration Debug for project lab2 ****

"C:\\ti\\ccsv8\\utils\\bin\\gmake" -k all 
 
Building file: "../lab2.c"
Invoking: ARM Compiler
"C:/ti/ccsv8/tools/compiler/ti-cgt-arm_18.1.4.LTS/bin/armcl" -mv7M4 --code_state=16 --float_support=FPv4SPD16 --abi=eabi -me -O2 --include_path="C:/ti/ccsv8/tools/compiler/ti-cgt-arm_18.1.4.LTS/include" --include_path="C:/ti/tivaware_c_series_2_1_4_178/examples/boards/ek-tm4c123gxl/drivers" --include_path="C:/ti/tivaware_c_series_2_1_4_178/examples/boards/ek-tm4c123gxl" --include_path="C:/ti/tivaware_c_series_2_1_4_178" --advice:power=all -g --gcc --define=ccs="ccs" --define=PART_TM4C123GH6PM --define=TARGET_IS_TM4C123_RB1 --diag_warning=225 --diag_wrap=off --display_error_number --gen_func_subsections=on --ual --preproc_with_compile --preproc_dependency="lab2.d_raw"  "../lab2.c"
 
>> Compilation failure
subdir_rules.mk:9: recipe for target 'lab2.obj' failed
"../lab2.c", line 24: error #138: expression must be a modifiable lvalue
"../lab2.c", line 25: error #138: expression must be a modifiable lvalue
"../lab2.c", line 26: error #138: expression must be a modifiable lvalue
"../lab2.c", line 27: error #138: expression must be a modifiable lvalue
"../lab2.c", line 36: remark #1527-D: (ULP 2.1) Detected SW delay loop using empty loop. Recommend using a timer module instead
"../lab2.c", line 43: error #29: expected an expression
"../lab2.c", line 47: warning #12-D: parsing restarts here after previous syntax error
"../lab2.c", line 47: error #66: expected a ";"
"../lab2.c", line 62: remark #1527-D: (ULP 2.1) Detected SW delay loop using empty loop. Recommend using a timer module instead
6 errors detected in the compilation of "../lab2.c".
gmake: *** [lab2.obj] Error 1
gmake: Target 'all' not remade because of errors.

**** Build Finished ****

**** Build of configuration Debug for project lab2 ****

"C:\\ti\\ccsv8\\utils\\bin\\gmake" -k all 
 
Building file: "../lab2.c"
Invoking: ARM Compiler
"C:/ti/ccsv8/tools/compiler/ti-cgt-arm_18.1.4.LTS/bin/armcl" -mv7M4 --code_state=16 --float_support=FPv4SPD16 --abi=eabi -me -O2 --include_path="C:/ti/ccsv8/tools/compiler/ti-cgt-arm_18.1.4.LTS/include" --include_path="C:/ti/tivaware_c_series_2_1_4_178/examples/boards/ek-tm4c123gxl/drivers" --include_path="C:/ti/tivaware_c_series_2_1_4_178/examples/boards/ek-tm4c123gxl" --include_path="C:/ti/tivaware_c_series_2_1_4_178" --advice:power=all -g --gcc --define=ccs="ccs" --define=PART_TM4C123GH6PM --define=TARGET_IS_TM4C123_RB1 --diag_warning=225 --diag_wrap=off --display_error_number --gen_func_subsections=on --ual --preproc_with_compile --preproc_dependency="lab2.d_raw"  "../lab2.c"
"../lab2.c", line 27: remark #1527-D: (ULP 2.1) Detected SW delay loop using empty loop. Recommend using a timer module instead
"../lab2.c", line 35: remark #1527-D: (ULP 2.1) Detected SW delay loop using empty loop. Recommend using a timer module instead
"../lab2.c", line 54: remark #1527-D: (ULP 2.1) Detected SW delay loop using empty loop. Recommend using a timer module instead
Finished building: "../lab2.c"
 
Building target: "lab2.out"
Invoking: ARM Linker
"C:/ti/ccsv8/tools/compiler/ti-cgt-arm_18.1.4.LTS/bin/armcl" -mv7M4 --code_state=16 --float_support=FPv4SPD16 --abi=eabi -me -O2 --advice:power=all -g --gcc --define=ccs="ccs" --define=PART_TM4C123GH6PM --define=TARGET_IS_TM4C123_RB1 --diag_warning=225 --diag_wrap=off --display_error_number --gen_func_subsections=on --ual -z -m"blinky_ccs.map" --stack_size=512 --heap_size=0 -i"C:/ti/ccsv8/tools/compiler/ti-cgt-arm_18.1.4.LTS/lib" -i"C:/ti/ccsv8/tools/compiler/ti-cgt-arm_18.1.4.LTS/include" --reread_libs --diag_wrap=off --display_error_number --warn_sections --xml_link_info="lab2_linkInfo.xml" --rom_model -o "lab2.out" "./lab2.obj" "./startup_ccs.obj" "../blinky_ccs.cmd"  -llibc.a -l"C:/ti/tivaware_c_series_2_1_4_178/driverlib/ccs/Debug/driverlib.lib" 
<Linking>
 
remark #10371-D: (ULP 1.1) Detected no uses of low power mode state changing instructions
 undefined   first referenced
 
>> Compilation failure
makefile:142: recipe for target 'lab2.out' failed
  symbol         in file     
 ---------   ----------------
 ButtonsInit ./lab2.obj      
 
error #10234-D: unresolved symbols remain
error #10010: errors encountered during linking; "lab2.out" not built
gmake: *** [lab2.out] Error 1
gmake: Target 'all' not remade because of errors.

**** Build Finished ****

**** Build of configuration Debug for project lab2 ****

"C:\\ti\\ccsv8\\utils\\bin\\gmake" -k all 
 
Building file: "../lab2.c"
Invoking: ARM Compiler
"C:/ti/ccsv8/tools/compiler/ti-cgt-arm_18.1.4.LTS/bin/armcl" -mv7M4 --code_state=16 --float_support=FPv4SPD16 --abi=eabi -me -O2 --include_path="C:/ti/ccsv8/tools/compiler/ti-cgt-arm_18.1.4.LTS/include" --include_path="C:/ti/tivaware_c_series_2_1_4_178/examples/boards/ek-tm4c123gxl/drivers" --include_path="C:/ti/tivaware_c_series_2_1_4_178/examples/boards/ek-tm4c123gxl" --include_path="C:/ti/tivaware_c_series_2_1_4_178" --advice:power=all -g --gcc --define=ccs="ccs" --define=PART_TM4C123GH6PM --define=TARGET_IS_TM4C123_RB1 --diag_warning=225 --diag_wrap=off --display_error_number --gen_func_subsections=on --ual --preproc_with_compile --preproc_dependency="lab2.d_raw"  "../lab2.c"
 
>> Compilation failure
subdir_rules.mk:9: recipe for target 'lab2.obj' failed
"../lab2.c", line 28: remark #1527-D: (ULP 2.1) Detected SW delay loop using empty loop. Recommend using a timer module instead
"../lab2.c", line 33: remark #1527-D: (ULP 2.1) Detected SW delay loop using empty loop. Recommend using a timer module instead
"../lab2.c", line 41: remark #1527-D: (ULP 2.1) Detected SW delay loop using empty loop. Recommend using a timer module instead
"../lab2.c", line 101: error #256: type name is not allowed
"../lab2.c", line 101: error #20: identifier "pui8Delta" is undefined
"../lab2.c", line 101: error #256: type name is not allowed
"../lab2.c", line 101: error #20: identifier "pui8RawState" is undefined
"../lab2.c", line 68: remark #1527-D: (ULP 2.1) Detected SW delay loop using empty loop. Recommend using a timer module instead
4 errors detected in the compilation of "../lab2.c".
gmake: *** [lab2.obj] Error 1
gmake: Target 'all' not remade because of errors.

**** Build Finished ****

**** Build of configuration Debug for project lab2 ****

"C:\\ti\\ccsv8\\utils\\bin\\gmake" -k all 
 
Building file: "../lab2.c"
Invoking: ARM Compiler
"C:/ti/ccsv8/tools/compiler/ti-cgt-arm_18.1.4.LTS/bin/armcl" -mv7M4 --code_state=16 --float_support=FPv4SPD16 --abi=eabi -me -O2 --include_path="C:/ti/ccsv8/tools/compiler/ti-cgt-arm_18.1.4.LTS/include" --include_path="C:/ti/tivaware_c_series_2_1_4_178/examples/boards/ek-tm4c123gxl/drivers" --include_path="C:/ti/tivaware_c_series_2_1_4_178/examples/boards/ek-tm4c123gxl" --include_path="C:/ti/tivaware_c_series_2_1_4_178" --advice:power=all -g --gcc --define=ccs="ccs" --define=PART_TM4C123GH6PM --define=TARGET_IS_TM4C123_RB1 --diag_warning=225 --diag_wrap=off --display_error_number --gen_func_subsections=on --ual --preproc_with_compile --preproc_dependency="lab2.d_raw"  "../lab2.c"
"../lab2.c", line 28: remark #1527-D: (ULP 2.1) Detected SW delay loop using empty loop. Recommend using a timer module instead
"../lab2.c", line 33: remark #1527-D: (ULP 2.1) Detected SW delay loop using empty loop. Recommend using a timer module instead
"../lab2.c", line 41: remark #1527-D: (ULP 2.1) Detected SW delay loop using empty loop. Recommend using a timer module instead
"../lab2.c", line 68: remark #1527-D: (ULP 2.1) Detected SW delay loop using empty loop. Recommend using a timer module instead
Finished building: "../lab2.c"
 
Building target: "lab2.out"
Invoking: ARM Linker
"C:/ti/ccsv8/tools/compiler/ti-cgt-arm_18.1.4.LTS/bin/armcl" -mv7M4 --code_state=16 --float_support=FPv4SPD16 --abi=eabi -me -O2 --advice:power=all -g --gcc --define=ccs="ccs" --define=PART_TM4C123GH6PM --define=TARGET_IS_TM4C123_RB1 --diag_warning=225 --diag_wrap=off --display_error_number --gen_func_subsections=on --ual -z -m"blinky_ccs.map" --stack_size=512 --heap_size=0 -i"C:/ti/ccsv8/tools/compiler/ti-cgt-arm_18.1.4.LTS/lib" -i"C:/ti/ccsv8/tools/compiler/ti-cgt-arm_18.1.4.LTS/include" --reread_libs --diag_wrap=off --display_error_number --warn_sections --xml_link_info="lab2_linkInfo.xml" --rom_model -o "lab2.out" "./lab2.obj" "./startup_ccs.obj" "../blinky_ccs.cmd"  -llibc.a -l"C:/ti/tivaware_c_series_2_1_4_178/driverlib/ccs/Debug/driverlib.lib" 
<Linking>
 
remark #10371-D: (ULP 1.1) Detected no uses of low power mode state changing instructions
 undefined   first referenced
 
>> Compilation failure
makefile:142: recipe for target 'lab2.out' failed
  symbol         in file     
 ---------   ----------------
 ButtonsInit ./lab2.obj      
 
error #10234-D: unresolved symbols remain
error #10010: errors encountered during linking; "lab2.out" not built
gmake: *** [lab2.out] Error 1
gmake: Target 'all' not remade because of errors.

**** Build Finished ****

**** Build of configuration Debug for project lab2 ****

"C:\\ti\\ccsv8\\utils\\bin\\gmake" -k all 
 
Building file: "../lab2.c"
Invoking: ARM Compiler
"C:/ti/ccsv8/tools/compiler/ti-cgt-arm_18.1.4.LTS/bin/armcl" -mv7M4 --code_state=16 --float_support=FPv4SPD16 --abi=eabi -me -O2 --include_path="C:/ti/ccsv8/tools/compiler/ti-cgt-arm_18.1.4.LTS/include" --include_path="C:/ti/tivaware_c_series_2_1_4_178/examples/boards/ek-tm4c123gxl/drivers" --include_path="C:/ti/tivaware_c_series_2_1_4_178/examples/boards/ek-tm4c123gxl" --include_path="C:/ti/tivaware_c_series_2_1_4_178" --advice:power=all -g --gcc --define=ccs="ccs" --define=PART_TM4C123GH6PM --define=TARGET_IS_TM4C123_RB1 --diag_warning=225 --diag_wrap=off --display_error_number --gen_func_subsections=on --ual --preproc_with_compile --preproc_dependency="lab2.d_raw"  "../lab2.c"
 
>> Compilation failure
subdir_rules.mk:9: recipe for target 'lab2.obj' failed
"../lab2.c", line 27: remark #1527-D: (ULP 2.1) Detected SW delay loop using empty loop. Recommend using a timer module instead
"../lab2.c", line 32: error #20: identifier "unit32_t" is undefined
"../lab2.c", line 35: remark #1527-D: (ULP 2.1) Detected SW delay loop using empty loop. Recommend using a timer module instead
"../lab2.c", line 62: remark #1527-D: (ULP 2.1) Detected SW delay loop using empty loop. Recommend using a timer module instead
1 error detected in the compilation of "../lab2.c".
gmake: *** [lab2.obj] Error 1
gmake: Target 'all' not remade because of errors.

**** Build Finished ****

**** Build of configuration Debug for project lab2 ****

"C:\\ti\\ccsv8\\utils\\bin\\gmake" -k all 
 
Building file: "../lab2.c"
Invoking: ARM Compiler
"C:/ti/ccsv8/tools/compiler/ti-cgt-arm_18.1.4.LTS/bin/armcl" -mv7M4 --code_state=16 --float_support=FPv4SPD16 --abi=eabi -me -O2 --include_path="C:/ti/ccsv8/tools/compiler/ti-cgt-arm_18.1.4.LTS/include" --include_path="C:/ti/tivaware_c_series_2_1_4_178/examples/boards/ek-tm4c123gxl/drivers" --include_path="C:/ti/tivaware_c_series_2_1_4_178/examples/boards/ek-tm4c123gxl" --include_path="C:/ti/tivaware_c_series_2_1_4_178" --advice:power=all -g --gcc --define=ccs="ccs" --define=PART_TM4C123GH6PM --define=TARGET_IS_TM4C123_RB1 --diag_warning=225 --diag_wrap=off --display_error_number --gen_func_subsections=on --ual --preproc_with_compile --preproc_dependency="lab2.d_raw"  "../lab2.c"
"../lab2.c", line 27: remark #1527-D: (ULP 2.1) Detected SW delay loop using empty loop. Recommend using a timer module instead
"../lab2.c", line 35: remark #1527-D: (ULP 2.1) Detected SW delay loop using empty loop. Recommend using a timer module instead
"../lab2.c", line 62: remark #1527-D: (ULP 2.1) Detected SW delay loop using empty loop. Recommend using a timer module instead
Finished building: "../lab2.c"
 
Building target: "lab2.out"
Invoking: ARM Linker
"C:/ti/ccsv8/tools/compiler/ti-cgt-arm_18.1.4.LTS/bin/armcl" -mv7M4 --code_state=16 --float_support=FPv4SPD16 --abi=eabi -me -O2 --advice:power=all -g --gcc --define=ccs="ccs" --define=PART_TM4C123GH6PM --define=TARGET_IS_TM4C123_RB1 --diag_warning=225 --diag_wrap=off --display_error_number --gen_func_subsections=on --ual -z -m"blinky_ccs.map" --stack_size=512 --heap_size=0 -i"C:/ti/ccsv8/tools/compiler/ti-cgt-arm_18.1.4.LTS/lib" -i"C:/ti/ccsv8/tools/compiler/ti-cgt-arm_18.1.4.LTS/include" --reread_libs --diag_wrap=off --display_error_number --warn_sections --xml_link_info="lab2_linkInfo.xml" --rom_model -o "lab2.out" "./lab2.obj" "./startup_ccs.obj" "../blinky_ccs.cmd"  -llibc.a -l"C:/ti/tivaware_c_series_2_1_4_178/driverlib/ccs/Debug/driverlib.lib" 
<Linking>
 
 undefined   first referenced
  symbol         in file     
 ---------   ----------------
remark #10371-D: (ULP 1.1) Detected no uses of low power mode state changing instructions
 ButtonsInit ./lab2.obj      
 
>> Compilation failure
makefile:142: recipe for target 'lab2.out' failed
 
error #10234-D: unresolved symbols remain
error #10010: errors encountered during linking; "lab2.out" not built
gmake: *** [lab2.out] Error 1
gmake: Target 'all' not remade because of errors.

**** Build Finished ****

**** Build of configuration Debug for project lab2 ****

"C:\\ti\\ccsv8\\utils\\bin\\gmake" -k all 
 
Building file: "../lab2.c"
Invoking: ARM Compiler
"C:/ti/ccsv8/tools/compiler/ti-cgt-arm_18.1.4.LTS/bin/armcl" -mv7M4 --code_state=16 --float_support=FPv4SPD16 --abi=eabi -me -O2 --include_path="C:/ti/ccsv8/tools/compiler/ti-cgt-arm_18.1.4.LTS/include" --include_path="C:/ti/tivaware_c_series_2_1_4_178/examples/boards/ek-tm4c123gxl/drivers" --include_path="C:/ti/tivaware_c_series_2_1_4_178/examples/boards/ek-tm4c123gxl" --include_path="C:/ti/tivaware_c_series_2_1_4_178" --advice:power=all -g --gcc --define=ccs="ccs" --define=PART_TM4C123GH6PM --define=TARGET_IS_TM4C123_RB1 --diag_warning=225 --diag_wrap=off --display_error_number --gen_func_subsections=on --ual --preproc_with_compile --preproc_dependency="lab2.d_raw"  "../lab2.c"
"../lab2.c", line 51: remark #1527-D: (ULP 2.1) Detected SW delay loop using empty loop. Recommend using a timer module instead
Finished building: "../lab2.c"
 
Building target: "lab2.out"
Invoking: ARM Linker
"C:/ti/ccsv8/tools/compiler/ti-cgt-arm_18.1.4.LTS/bin/armcl" -mv7M4 --code_state=16 --float_support=FPv4SPD16 --abi=eabi -me -O2 --advice:power=all -g --gcc --define=ccs="ccs" --define=PART_TM4C123GH6PM --define=TARGET_IS_TM4C123_RB1 --diag_warning=225 --diag_wrap=off --display_error_number --gen_func_subsections=on --ual -z -m"blinky_ccs.map" --stack_size=512 --heap_size=0 -i"C:/ti/ccsv8/tools/compiler/ti-cgt-arm_18.1.4.LTS/lib" -i"C:/ti/ccsv8/tools/compiler/ti-cgt-arm_18.1.4.LTS/include" --reread_libs --diag_wrap=off --display_error_number --warn_sections --xml_link_info="lab2_linkInfo.xml" --rom_model -o "lab2.out" "./lab2.obj" "./startup_ccs.obj" "../blinky_ccs.cmd"  -llibc.a -l"C:/ti/tivaware_c_series_2_1_4_178/driverlib/ccs/Debug/driverlib.lib" 
<Linking>
 
 undefined   first referenced
  symbol         in file     
 ---------   ----------------
 ButtonsInit ./lab2.obj      
 ButtonsPoll ./lab2.obj      
remark #10371-D: (ULP 1.1) Detected no uses of low power mode state changing instructions
 
 
>> Compilation failure
makefile:142: recipe for target 'lab2.out' failed
error #10234-D: unresolved symbols remain
error #10010: errors encountered during linking; "lab2.out" not built
gmake: *** [lab2.out] Error 1
gmake: Target 'all' not remade because of errors.

**** Build Finished ****

**** Build of configuration Debug for project lab2 ****

"C:\\ti\\ccsv8\\utils\\bin\\gmake" -k all 
 
Building target: "lab2.out"
Invoking: ARM Linker
"C:/ti/ccsv8/tools/compiler/ti-cgt-arm_18.1.4.LTS/bin/armcl" -mv7M4 --code_state=16 --float_support=FPv4SPD16 --abi=eabi -me -O2 --advice:power=all -g --gcc --define=ccs="ccs" --define=PART_TM4C123GH6PM --define=TARGET_IS_TM4C123_RB1 --diag_warning=225 --diag_wrap=off --display_error_number --gen_func_subsections=on --ual -z -m"blinky_ccs.map" --stack_size=512 --heap_size=0 -i"C:/ti/ccsv8/tools/compiler/ti-cgt-arm_18.1.4.LTS/lib" -i"C:/ti/ccsv8/tools/compiler/ti-cgt-arm_18.1.4.LTS/include" --reread_libs --diag_wrap=off --display_error_number --warn_sections --xml_link_info="lab2_linkInfo.xml" --rom_model -o "lab2.out" "./lab2.obj" "./startup_ccs.obj" "../blinky_ccs.cmd"  -llibc.a -l"C:/ti/tivaware_c_series_2_1_4_178/driverlib/ccs/Debug/driverlib.lib" 
<Linking>
 
remark #10371-D: (ULP 1.1) Detected no uses of low power mode state changing instructions
 undefined   first referenced
 
>> Compilation failure
makefile:142: recipe for target 'lab2.out' failed
  symbol         in file     
 ---------   ----------------
 ButtonsInit ./lab2.obj      
 ButtonsPoll ./lab2.obj      
 
error #10234-D: unresolved symbols remain
error #10010: errors encountered during linking; "lab2.out" not built
gmake: *** [lab2.out] Error 1
gmake: Target 'all' not remade because of errors.

**** Build Finished ****

**** Build of configuration Debug for project lab2 ****

"C:\\ti\\ccsv8\\utils\\bin\\gmake" -k all 
 
Building file: "../lab2.c"
Invoking: ARM Compiler
"C:/ti/ccsv8/tools/compiler/ti-cgt-arm_18.1.4.LTS/bin/armcl" -mv7M4 --code_state=16 --float_support=FPv4SPD16 --abi=eabi -me -O2 --include_path="C:/ti/ccsv8/tools/compiler/ti-cgt-arm_18.1.4.LTS/include" --include_path="C:/ti/tivaware_c_series_2_1_4_178/examples/boards/ek-tm4c123gxl/drivers" --include_path="C:/ti/tivaware_c_series_2_1_4_178/examples/boards/ek-tm4c123gxl" --include_path="C:/ti/tivaware_c_series_2_1_4_178" --advice:power=all -g --gcc --define=ccs="ccs" --define=PART_TM4C123GH6PM --define=TARGET_IS_TM4C123_RB1 --diag_warning=225 --diag_wrap=off --display_error_number --gen_func_subsections=on --ual --preproc_with_compile --preproc_dependency="lab2.d_raw"  "../lab2.c"
"../lab2.c", line 51: remark #1527-D: (ULP 2.1) Detected SW delay loop using empty loop. Recommend using a timer module instead
Finished building: "../lab2.c"
 
Building target: "lab2.out"
Invoking: ARM Linker
"C:/ti/ccsv8/tools/compiler/ti-cgt-arm_18.1.4.LTS/bin/armcl" -mv7M4 --code_state=16 --float_support=FPv4SPD16 --abi=eabi -me -O2 --advice:power=all -g --gcc --define=ccs="ccs" --define=PART_TM4C123GH6PM --define=TARGET_IS_TM4C123_RB1 --diag_warning=225 --diag_wrap=off --display_error_number --gen_func_subsections=on --ual -z -m"blinky_ccs.map" --stack_size=512 --heap_size=0 -i"C:/ti/ccsv8/tools/compiler/ti-cgt-arm_18.1.4.LTS/lib" -i"C:/ti/ccsv8/tools/compiler/ti-cgt-arm_18.1.4.LTS/include" --reread_libs --diag_wrap=off --display_error_number --warn_sections --xml_link_info="lab2_linkInfo.xml" --rom_model -o "lab2.out" "./lab2.obj" "./startup_ccs.obj" "../blinky_ccs.cmd"  -llibc.a -l"C:/ti/tivaware_c_series_2_1_4_178/driverlib/ccs/Debug/driverlib.lib" 
<Linking>
 
 undefined   first referenced
  symbol         in file     
 ---------   ----------------
 ButtonsInit ./lab2.obj      
 ButtonsPoll ./lab2.obj      
 
remark #10371-D: (ULP 1.1) Detected no uses of low power mode state changing instructions
error #10234-D: unresolved symbols remain
 
>> Compilation failure
makefile:142: recipe for target 'lab2.out' failed
error #10010: errors encountered during linking; "lab2.out" not built
gmake: *** [lab2.out] Error 1
gmake: Target 'all' not remade because of errors.

**** Build Finished ****

**** Build of configuration Debug for project lab2 ****

"C:\\ti\\ccsv8\\utils\\bin\\gmake" -k all 
 
Building target: "lab2.out"
Invoking: ARM Linker
"C:/ti/ccsv8/tools/compiler/ti-cgt-arm_18.1.4.LTS/bin/armcl" -mv7M4 --code_state=16 --float_support=FPv4SPD16 --abi=eabi -me -O2 --advice:power=all -g --gcc --define=ccs="ccs" --define=PART_TM4C123GH6PM --define=TARGET_IS_TM4C123_RB1 --diag_warning=225 --diag_wrap=off --display_error_number --gen_func_subsections=on --ual -z -m"blinky_ccs.map" --stack_size=512 --heap_size=0 -i"C:/ti/ccsv8/tools/compiler/ti-cgt-arm_18.1.4.LTS/lib" -i"C:/ti/ccsv8/tools/compiler/ti-cgt-arm_18.1.4.LTS/include" --reread_libs --diag_wrap=off --display_error_number --warn_sections --xml_link_info="lab2_linkInfo.xml" --rom_model -o "lab2.out" "./lab2.obj" "./startup_ccs.obj" "../blinky_ccs.cmd"  -llibc.a -l"C:/ti/tivaware_c_series_2_1_4_178/driverlib/ccs/Debug/driverlib.lib" 
<Linking>
 
remark #10371-D: (ULP 1.1) Detected no uses of low power mode state changing instructions
 undefined   first referenced
 
>> Compilation failure
makefile:142: recipe for target 'lab2.out' failed
  symbol         in file     
 ---------   ----------------
 ButtonsInit ./lab2.obj      
 ButtonsPoll ./lab2.obj      
 
error #10234-D: unresolved symbols remain
error #10010: errors encountered during linking; "lab2.out" not built
gmake: *** [lab2.out] Error 1
gmake: Target 'all' not remade because of errors.

**** Build Finished ****

**** Build of configuration Debug for project lab2 ****

"C:\\ti\\ccsv8\\utils\\bin\\gmake" -k all 
 
Building file: "../lab2.c"
Invoking: ARM Compiler
"C:/ti/ccsv8/tools/compiler/ti-cgt-arm_18.1.4.LTS/bin/armcl" -mv7M4 --code_state=16 --float_support=FPv4SPD16 --abi=eabi -me -O2 --include_path="C:/ti/ccsv8/tools/compiler/ti-cgt-arm_18.1.4.LTS/include" --include_path="C:/ti/tivaware_c_series_2_1_4_178/examples/boards/ek-tm4c123gxl/drivers" --include_path="C:/ti/tivaware_c_series_2_1_4_178/examples/boards/ek-tm4c123gxl" --include_path="C:/ti/tivaware_c_series_2_1_4_178" --advice:power=all -g --gcc --define=ccs="ccs" --define=PART_TM4C123GH6PM --define=TARGET_IS_TM4C123_RB1 --diag_warning=225 --diag_wrap=off --display_error_number --gen_func_subsections=on --ual --preproc_with_compile --preproc_dependency="lab2.d_raw"  "../lab2.c"
"../lab2.c", line 51: remark #1527-D: (ULP 2.1) Detected SW delay loop using empty loop. Recommend using a timer module instead
Finished building: "../lab2.c"
 
Building target: "lab2.out"
Invoking: ARM Linker
"C:/ti/ccsv8/tools/compiler/ti-cgt-arm_18.1.4.LTS/bin/armcl" -mv7M4 --code_state=16 --float_support=FPv4SPD16 --abi=eabi -me -O2 --advice:power=all -g --gcc --define=ccs="ccs" --define=PART_TM4C123GH6PM --define=TARGET_IS_TM4C123_RB1 --diag_warning=225 --diag_wrap=off --display_error_number --gen_func_subsections=on --ual -z -m"blinky_ccs.map" --stack_size=512 --heap_size=0 -i"C:/ti/ccsv8/tools/compiler/ti-cgt-arm_18.1.4.LTS/lib" -i"C:/ti/ccsv8/tools/compiler/ti-cgt-arm_18.1.4.LTS/include" --reread_libs --diag_wrap=off --display_error_number --warn_sections --xml_link_info="lab2_linkInfo.xml" --rom_model -o "lab2.out" "./lab2.obj" "./startup_ccs.obj" "../blinky_ccs.cmd"  -llibc.a -l"C:/ti/tivaware_c_series_2_1_4_178/driverlib/ccs/Debug/driverlib.lib" 
<Linking>
 
remark #10371-D: (ULP 1.1) Detected no uses of low power mode state changing instructions
 undefined   first referenced
 
>> Compilation failure
makefile:142: recipe for target 'lab2.out' failed
  symbol         in file     
 ---------   ----------------
 ButtonsInit ./lab2.obj      
 ButtonsPoll ./lab2.obj      
 
error #10234-D: unresolved symbols remain
error #10010: errors encountered during linking; "lab2.out" not built
gmake: *** [lab2.out] Error 1
gmake: Target 'all' not remade because of errors.

**** Build Finished ****

**** Build of configuration Debug for project lab2 ****

"C:\\ti\\ccsv8\\utils\\bin\\gmake" -k all 
 
Building file: "../lab2.c"
Invoking: ARM Compiler
"C:/ti/ccsv8/tools/compiler/ti-cgt-arm_18.1.4.LTS/bin/armcl" -mv7M4 --code_state=16 --float_support=FPv4SPD16 --abi=eabi -me -O2 --include_path="C:/ti/ccsv8/tools/compiler/ti-cgt-arm_18.1.4.LTS/include" --include_path="C:/ti/tivaware_c_series_2_1_4_178/examples/boards/ek-tm4c123gxl/drivers" --include_path="C:/ti/tivaware_c_series_2_1_4_178/examples/boards/ek-tm4c123gxl" --include_path="C:/ti/tivaware_c_series_2_1_4_178" --advice:power=all -g --gcc --define=ccs="ccs" --define=PART_TM4C123GH6PM --define=TARGET_IS_TM4C123_RB1 --diag_warning=225 --diag_wrap=off --display_error_number --gen_func_subsections=on --ual --preproc_with_compile --preproc_dependency="lab2.d_raw"  "../lab2.c"
"../lab2.c", line 51: remark #1527-D: (ULP 2.1) Detected SW delay loop using empty loop. Recommend using a timer module instead
Finished building: "../lab2.c"
 
Building target: "lab2.out"
Invoking: ARM Linker
"C:/ti/ccsv8/tools/compiler/ti-cgt-arm_18.1.4.LTS/bin/armcl" -mv7M4 --code_state=16 --float_support=FPv4SPD16 --abi=eabi -me -O2 --advice:power=all -g --gcc --define=ccs="ccs" --define=PART_TM4C123GH6PM --define=TARGET_IS_TM4C123_RB1 --diag_warning=225 --diag_wrap=off --display_error_number --gen_func_subsections=on --ual -z -m"blinky_ccs.map" --stack_size=512 --heap_size=0 -i"C:/ti/ccsv8/tools/compiler/ti-cgt-arm_18.1.4.LTS/lib" -i"C:/ti/ccsv8/tools/compiler/ti-cgt-arm_18.1.4.LTS/include" --reread_libs --diag_wrap=off --display_error_number --warn_sections --xml_link_info="lab2_linkInfo.xml" --rom_model -o "lab2.out" "./lab2.obj" "./startup_ccs.obj" "../blinky_ccs.cmd"  -llibc.a -l"C:/ti/tivaware_c_series_2_1_4_178/driverlib/ccs/Debug/driverlib.lib" 
<Linking>
 
remark #10371-D: (ULP 1.1) Detected no uses of low power mode state changing instructions
 undefined   first referenced
 
>> Compilation failure
makefile:142: recipe for target 'lab2.out' failed
  symbol         in file     
 ---------   ----------------
 ButtonsInit ./lab2.obj      
 ButtonsPoll ./lab2.obj      
 
error #10234-D: unresolved symbols remain
error #10010: errors encountered during linking; "lab2.out" not built
gmake: *** [lab2.out] Error 1
gmake: Target 'all' not remade because of errors.

**** Build Finished ****

**** Build of configuration Debug for project blinky ****

"C:\\ti\\ccsv8\\utils\\bin\\gmake" -k all 
 
Building file: "../blinky.c"
Invoking: ARM Compiler
"C:/ti/ccsv8/tools/compiler/ti-cgt-arm_18.1.4.LTS/bin/armcl" -mv7M4 --code_state=16 --float_support=FPv4SPD16 --abi=eabi -me -O2 --preinclude="C:/ti/tivaware_c_series_2_1_4_178/examples/boards/ek-tm4c123gxl/drivers/buttons.h" --preinclude="C:/ti/tivaware_c_series_2_1_4_178/examples/boards/ek-tm4c123gxl/drivers/buttons.c" --include_path="C:/ti/ccsv8/tools/compiler/ti-cgt-arm_18.1.4.LTS/include" --include_path="C:/ti/tivaware_c_series_2_1_4_178" --advice:power=all -g --gcc --define=ccs="ccs" --define=PART_TM4C123GH6PM --define=TARGET_IS_TM4C123_RB1 --diag_warning=225 --diag_wrap=off --display_error_number --gen_func_subsections=on --ual --preproc_with_compile --preproc_dependency="blinky.d_raw"  "../blinky.c"
 
>> Compilation failure
subdir_rules.mk:9: recipe for target 'blinky.obj' failed
"C:/ti/tivaware_c_series_2_1_4_178/examples/boards/ek-tm4c123gxl/drivers/buttons.h", line 89: error #20: identifier "uint8_t" is undefined
"C:/ti/tivaware_c_series_2_1_4_178/examples/boards/ek-tm4c123gxl/drivers/buttons.h", line 89: error #20: identifier "uint8_t" is undefined
"C:/ti/tivaware_c_series_2_1_4_178/examples/boards/ek-tm4c123gxl/drivers/buttons.h", line 90: error #20: identifier "uint8_t" is undefined
"C:/ti/tivaware_c_series_2_1_4_178/examples/boards/ek-tm4c123gxl/drivers/buttons.c", line 35: fatal error #1965: cannot open source file "drivers/buttons.h"
3 errors and 1 catastrophic error detected in the compilation of "../blinky.c".
Compilation terminated.
gmake: *** [blinky.obj] Error 1
Building file: "../buttons.c"
Invoking: ARM Compiler
"C:/ti/ccsv8/tools/compiler/ti-cgt-arm_18.1.4.LTS/bin/armcl" -mv7M4 --code_state=16 --float_support=FPv4SPD16 --abi=eabi -me -O2 --preinclude="C:/ti/tivaware_c_series_2_1_4_178/examples/boards/ek-tm4c123gxl/drivers/buttons.h" --preinclude="C:/ti/tivaware_c_series_2_1_4_178/examples/boards/ek-tm4c123gxl/drivers/buttons.c" --include_path="C:/ti/ccsv8/tools/compiler/ti-cgt-arm_18.1.4.LTS/include" --include_path="C:/ti/tivaware_c_series_2_1_4_178" --advice:power=all -g --gcc --define=ccs="ccs" --define=PART_TM4C123GH6PM --define=TARGET_IS_TM4C123_RB1 --diag_warning=225 --diag_wrap=off --display_error_number --gen_func_subsections=on --ual --preproc_with_compile --preproc_dependency="buttons.d_raw"  "../buttons.c"
 
>> Compilation failure
subdir_rules.mk:9: recipe for target 'buttons.obj' failed
"C:/ti/tivaware_c_series_2_1_4_178/examples/boards/ek-tm4c123gxl/drivers/buttons.h", line 89: error #20: identifier "uint8_t" is undefined
"C:/ti/tivaware_c_series_2_1_4_178/examples/boards/ek-tm4c123gxl/drivers/buttons.h", line 89: error #20: identifier "uint8_t" is undefined
"C:/ti/tivaware_c_series_2_1_4_178/examples/boards/ek-tm4c123gxl/drivers/buttons.h", line 90: error #20: identifier "uint8_t" is undefined
"C:/ti/tivaware_c_series_2_1_4_178/examples/boards/ek-tm4c123gxl/drivers/buttons.c", line 35: fatal error #1965: cannot open source file "drivers/buttons.h"
3 errors and 1 catastrophic error detected in the compilation of "../buttons.c".
Compilation terminated.
gmake: *** [buttons.obj] Error 1
Building file: "../startup_ccs.c"
Invoking: ARM Compiler
"C:/ti/ccsv8/tools/compiler/ti-cgt-arm_18.1.4.LTS/bin/armcl" -mv7M4 --code_state=16 --float_support=FPv4SPD16 --abi=eabi -me -O2 --preinclude="C:/ti/tivaware_c_series_2_1_4_178/examples/boards/ek-tm4c123gxl/drivers/buttons.h" --preinclude="C:/ti/tivaware_c_series_2_1_4_178/examples/boards/ek-tm4c123gxl/drivers/buttons.c" --include_path="C:/ti/ccsv8/tools/compiler/ti-cgt-arm_18.1.4.LTS/include" --include_path="C:/ti/tivaware_c_series_2_1_4_178" --advice:power=all -g --gcc --define=ccs="ccs" --define=PART_TM4C123GH6PM --define=TARGET_IS_TM4C123_RB1 --diag_warning=225 --diag_wrap=off --display_error_number --gen_func_subsections=on --ual --preproc_with_compile --preproc_dependency="startup_ccs.d_raw"  "../startup_ccs.c"
 
>> Compilation failure
subdir_rules.mk:9: recipe for target 'startup_ccs.obj' failed
"C:/ti/tivaware_c_series_2_1_4_178/examples/boards/ek-tm4c123gxl/drivers/buttons.h", line 89: error #20: identifier "uint8_t" is undefined
"C:/ti/tivaware_c_series_2_1_4_178/examples/boards/ek-tm4c123gxl/drivers/buttons.h", line 89: error #20: identifier "uint8_t" is undefined
"C:/ti/tivaware_c_series_2_1_4_178/examples/boards/ek-tm4c123gxl/drivers/buttons.h", line 90: error #20: identifier "uint8_t" is undefined
"C:/ti/tivaware_c_series_2_1_4_178/examples/boards/ek-tm4c123gxl/drivers/buttons.c", line 35: fatal error #1965: cannot open source file "drivers/buttons.h"
3 errors and 1 catastrophic error detected in the compilation of "../startup_ccs.c".
Compilation terminated.
gmake: *** [startup_ccs.obj] Error 1
gmake: Target 'all' not remade because of errors.

**** Build Finished ****

**** Build of configuration Debug for project blinky ****

"C:\\ti\\ccsv8\\utils\\bin\\gmake" -k all 
 
Building file: "../blinky.c"
Invoking: ARM Compiler
"C:/ti/ccsv8/tools/compiler/ti-cgt-arm_18.1.4.LTS/bin/armcl" -mv7M4 --code_state=16 --float_support=FPv4SPD16 --abi=eabi -me -O2 --preinclude="C:/ti/tivaware_c_series_2_1_4_178/examples/boards/ek-tm4c123gxl/drivers/buttons.h" --preinclude="C:/ti/tivaware_c_series_2_1_4_178/examples/boards/ek-tm4c123gxl/drivers/buttons.c" --include_path="C:/ti/ccsv8/tools/compiler/ti-cgt-arm_18.1.4.LTS/include" --include_path="C:/ti/tivaware_c_series_2_1_4_178/driverlib" --include_path="C:/ti/tivaware_c_series_2_1_4_178" --advice:power=all -g --gcc --define=ccs="ccs" --define=PART_TM4C123GH6PM --define=TARGET_IS_TM4C123_RB1 --diag_warning=225 --diag_wrap=off --display_error_number --gen_func_subsections=on --ual --preproc_with_compile --preproc_dependency="blinky.d_raw"  "../blinky.c"
 
>> Compilation failure
subdir_rules.mk:9: recipe for target 'blinky.obj' failed
"C:/ti/tivaware_c_series_2_1_4_178/examples/boards/ek-tm4c123gxl/drivers/buttons.h", line 89: error #20: identifier "uint8_t" is undefined
"C:/ti/tivaware_c_series_2_1_4_178/examples/boards/ek-tm4c123gxl/drivers/buttons.h", line 89: error #20: identifier "uint8_t" is undefined
"C:/ti/tivaware_c_series_2_1_4_178/examples/boards/ek-tm4c123gxl/drivers/buttons.h", line 90: error #20: identifier "uint8_t" is undefined
"C:/ti/tivaware_c_series_2_1_4_178/examples/boards/ek-tm4c123gxl/drivers/buttons.c", line 35: fatal error #1965: cannot open source file "drivers/buttons.h"
3 errors and 1 catastrophic error detected in the compilation of "../blinky.c".
Compilation terminated.
gmake: *** [blinky.obj] Error 1
Building file: "../buttons.c"
Invoking: ARM Compiler
"C:/ti/ccsv8/tools/compiler/ti-cgt-arm_18.1.4.LTS/bin/armcl" -mv7M4 --code_state=16 --float_support=FPv4SPD16 --abi=eabi -me -O2 --preinclude="C:/ti/tivaware_c_series_2_1_4_178/examples/boards/ek-tm4c123gxl/drivers/buttons.h" --preinclude="C:/ti/tivaware_c_series_2_1_4_178/examples/boards/ek-tm4c123gxl/drivers/buttons.c" --include_path="C:/ti/ccsv8/tools/compiler/ti-cgt-arm_18.1.4.LTS/include" --include_path="C:/ti/tivaware_c_series_2_1_4_178/driverlib" --include_path="C:/ti/tivaware_c_series_2_1_4_178" --advice:power=all -g --gcc --define=ccs="ccs" --define=PART_TM4C123GH6PM --define=TARGET_IS_TM4C123_RB1 --diag_warning=225 --diag_wrap=off --display_error_number --gen_func_subsections=on --ual --preproc_with_compile --preproc_dependency="buttons.d_raw"  "../buttons.c"
 
>> Compilation failure
subdir_rules.mk:9: recipe for target 'buttons.obj' failed
"C:/ti/tivaware_c_series_2_1_4_178/examples/boards/ek-tm4c123gxl/drivers/buttons.h", line 89: error #20: identifier "uint8_t" is undefined
"C:/ti/tivaware_c_series_2_1_4_178/examples/boards/ek-tm4c123gxl/drivers/buttons.h", line 89: error #20: identifier "uint8_t" is undefined
"C:/ti/tivaware_c_series_2_1_4_178/examples/boards/ek-tm4c123gxl/drivers/buttons.h", line 90: error #20: identifier "uint8_t" is undefined
"C:/ti/tivaware_c_series_2_1_4_178/examples/boards/ek-tm4c123gxl/drivers/buttons.c", line 35: fatal error #1965: cannot open source file "drivers/buttons.h"
3 errors and 1 catastrophic error detected in the compilation of "../buttons.c".
Compilation terminated.
gmake: *** [buttons.obj] Error 1
Building file: "../startup_ccs.c"
Invoking: ARM Compiler
"C:/ti/ccsv8/tools/compiler/ti-cgt-arm_18.1.4.LTS/bin/armcl" -mv7M4 --code_state=16 --float_support=FPv4SPD16 --abi=eabi -me -O2 --preinclude="C:/ti/tivaware_c_series_2_1_4_178/examples/boards/ek-tm4c123gxl/drivers/buttons.h" --preinclude="C:/ti/tivaware_c_series_2_1_4_178/examples/boards/ek-tm4c123gxl/drivers/buttons.c" --include_path="C:/ti/ccsv8/tools/compiler/ti-cgt-arm_18.1.4.LTS/include" --include_path="C:/ti/tivaware_c_series_2_1_4_178/driverlib" --include_path="C:/ti/tivaware_c_series_2_1_4_178" --advice:power=all -g --gcc --define=ccs="ccs" --define=PART_TM4C123GH6PM --define=TARGET_IS_TM4C123_RB1 --diag_warning=225 --diag_wrap=off --display_error_number --gen_func_subsections=on --ual --preproc_with_compile --preproc_dependency="startup_ccs.d_raw"  "../startup_ccs.c"
 
>> Compilation failure
subdir_rules.mk:9: recipe for target 'startup_ccs.obj' failed
"C:/ti/tivaware_c_series_2_1_4_178/examples/boards/ek-tm4c123gxl/drivers/buttons.h", line 89: error #20: identifier "uint8_t" is undefined
"C:/ti/tivaware_c_series_2_1_4_178/examples/boards/ek-tm4c123gxl/drivers/buttons.h", line 89: error #20: identifier "uint8_t" is undefined
"C:/ti/tivaware_c_series_2_1_4_178/examples/boards/ek-tm4c123gxl/drivers/buttons.h", line 90: error #20: identifier "uint8_t" is undefined
"C:/ti/tivaware_c_series_2_1_4_178/examples/boards/ek-tm4c123gxl/drivers/buttons.c", line 35: fatal error #1965: cannot open source file "drivers/buttons.h"
3 errors and 1 catastrophic error detected in the compilation of "../startup_ccs.c".
Compilation terminated.
gmake: *** [startup_ccs.obj] Error 1
gmake: Target 'all' not remade because of errors.

**** Build Finished ****

**** Build of configuration Debug for project blinky ****

"C:\\ti\\ccsv8\\utils\\bin\\gmake" -k all 
 
Building file: "../blinky.c"
Invoking: ARM Compiler
"C:/ti/ccsv8/tools/compiler/ti-cgt-arm_18.1.4.LTS/bin/armcl" -mv7M4 --code_state=16 --float_support=FPv4SPD16 --abi=eabi -me -O2 --preinclude="C:/ti/tivaware_c_series_2_1_4_178/examples/boards/ek-tm4c123gxl/drivers/buttons.h" --preinclude="C:/ti/tivaware_c_series_2_1_4_178/examples/boards/ek-tm4c123gxl/drivers/buttons.c" --include_path="C:/ti/ccsv8/tools/compiler/ti-cgt-arm_18.1.4.LTS/include" --include_path="C:/ti/tivaware_c_series_2_1_4_178/examples/boards/ek-tm4c123gxl" --include_path="C:/ti/tivaware_c_series_2_1_4_178/driverlib" --include_path="C:/ti/tivaware_c_series_2_1_4_178" --advice:power=all -g --gcc --define=ccs="ccs" --define=PART_TM4C123GH6PM --define=TARGET_IS_TM4C123_RB1 --diag_warning=225 --diag_wrap=off --display_error_number --gen_func_subsections=on --ual --preproc_with_compile --preproc_dependency="blinky.d_raw"  "../blinky.c"
 
>> Compilation failure
subdir_rules.mk:9: recipe for target 'blinky.obj' failed
"C:/ti/tivaware_c_series_2_1_4_178/examples/boards/ek-tm4c123gxl/drivers/buttons.h", line 89: error #20: identifier "uint8_t" is undefined
"C:/ti/tivaware_c_series_2_1_4_178/examples/boards/ek-tm4c123gxl/drivers/buttons.h", line 89: error #20: identifier "uint8_t" is undefined
"C:/ti/tivaware_c_series_2_1_4_178/examples/boards/ek-tm4c123gxl/drivers/buttons.h", line 90: error #20: identifier "uint8_t" is undefined
"../blinky.c", line 51: remark #1527-D: (ULP 2.1) Detected SW delay loop using empty loop. Recommend using a timer module instead
3 errors detected in the compilation of "../blinky.c".
gmake: *** [blinky.obj] Error 1
Building file: "../buttons.c"
Invoking: ARM Compiler
"C:/ti/ccsv8/tools/compiler/ti-cgt-arm_18.1.4.LTS/bin/armcl" -mv7M4 --code_state=16 --float_support=FPv4SPD16 --abi=eabi -me -O2 --preinclude="C:/ti/tivaware_c_series_2_1_4_178/examples/boards/ek-tm4c123gxl/drivers/buttons.h" --preinclude="C:/ti/tivaware_c_series_2_1_4_178/examples/boards/ek-tm4c123gxl/drivers/buttons.c" --include_path="C:/ti/ccsv8/tools/compiler/ti-cgt-arm_18.1.4.LTS/include" --include_path="C:/ti/tivaware_c_series_2_1_4_178/examples/boards/ek-tm4c123gxl" --include_path="C:/ti/tivaware_c_series_2_1_4_178/driverlib" --include_path="C:/ti/tivaware_c_series_2_1_4_178" --advice:power=all -g --gcc --define=ccs="ccs" --define=PART_TM4C123GH6PM --define=TARGET_IS_TM4C123_RB1 --diag_warning=225 --diag_wrap=off --display_error_number --gen_func_subsections=on --ual --preproc_with_compile --preproc_dependency="buttons.d_raw"  "../buttons.c"
 
>> Compilation failure
subdir_rules.mk:9: recipe for target 'buttons.obj' failed
"C:/ti/tivaware_c_series_2_1_4_178/examples/boards/ek-tm4c123gxl/drivers/buttons.h", line 89: error #20: identifier "uint8_t" is undefined
"C:/ti/tivaware_c_series_2_1_4_178/examples/boards/ek-tm4c123gxl/drivers/buttons.h", line 89: error #20: identifier "uint8_t" is undefined
"C:/ti/tivaware_c_series_2_1_4_178/examples/boards/ek-tm4c123gxl/drivers/buttons.h", line 90: error #20: identifier "uint8_t" is undefined
"../buttons.c", line 52: error #150: variable "g_ui8ButtonStates" has already been initialized
"../buttons.c", line 84: error #249: function "ButtonsPoll" has already been defined
"../buttons.c", line 161: error #249: function "ButtonsInit" has already been defined
6 errors detected in the compilation of "../buttons.c".
gmake: *** [buttons.obj] Error 1
Building file: "../startup_ccs.c"
Invoking: ARM Compiler
"C:/ti/ccsv8/tools/compiler/ti-cgt-arm_18.1.4.LTS/bin/armcl" -mv7M4 --code_state=16 --float_support=FPv4SPD16 --abi=eabi -me -O2 --preinclude="C:/ti/tivaware_c_series_2_1_4_178/examples/boards/ek-tm4c123gxl/drivers/buttons.h" --preinclude="C:/ti/tivaware_c_series_2_1_4_178/examples/boards/ek-tm4c123gxl/drivers/buttons.c" --include_path="C:/ti/ccsv8/tools/compiler/ti-cgt-arm_18.1.4.LTS/include" --include_path="C:/ti/tivaware_c_series_2_1_4_178/examples/boards/ek-tm4c123gxl" --include_path="C:/ti/tivaware_c_series_2_1_4_178/driverlib" --include_path="C:/ti/tivaware_c_series_2_1_4_178" --advice:power=all -g --gcc --define=ccs="ccs" --define=PART_TM4C123GH6PM --define=TARGET_IS_TM4C123_RB1 --diag_warning=225 --diag_wrap=off --display_error_number --gen_func_subsections=on --ual --preproc_with_compile --preproc_dependency="startup_ccs.d_raw"  "../startup_ccs.c"
 
>> Compilation failure
subdir_rules.mk:9: recipe for target 'startup_ccs.obj' failed
"C:/ti/tivaware_c_series_2_1_4_178/examples/boards/ek-tm4c123gxl/drivers/buttons.h", line 89: error #20: identifier "uint8_t" is undefined
"C:/ti/tivaware_c_series_2_1_4_178/examples/boards/ek-tm4c123gxl/drivers/buttons.h", line 89: error #20: identifier "uint8_t" is undefined
"C:/ti/tivaware_c_series_2_1_4_178/examples/boards/ek-tm4c123gxl/drivers/buttons.h", line 90: error #20: identifier "uint8_t" is undefined
"../startup_ccs.c", line 256: remark #1527-D: (ULP 2.1) Detected SW delay loop using empty loop. Recommend using a timer module instead
"../startup_ccs.c", line 274: remark #1527-D: (ULP 2.1) Detected SW delay loop using empty loop. Recommend using a timer module instead
"../startup_ccs.c", line 292: remark #1527-D: (ULP 2.1) Detected SW delay loop using empty loop. Recommend using a timer module instead
3 errors detected in the compilation of "../startup_ccs.c".
gmake: *** [startup_ccs.obj] Error 1
gmake: Target 'all' not remade because of errors.

**** Build Finished ****

**** Build of configuration Debug for project blinky ****

"C:\\ti\\ccsv8\\utils\\bin\\gmake" -k all 
 
Building file: "../blinky.c"
Invoking: ARM Compiler
"C:/ti/ccsv8/tools/compiler/ti-cgt-arm_18.1.4.LTS/bin/armcl" -mv7M4 --code_state=16 --float_support=FPv4SPD16 --abi=eabi -me -O2 --preinclude="C:/ti/tivaware_c_series_2_1_4_178/examples/boards/ek-tm4c123gxl/drivers/buttons.h" --preinclude="C:/ti/tivaware_c_series_2_1_4_178/examples/boards/ek-tm4c123gxl/drivers/buttons.c" --include_path="C:/ti/ccsv8/tools/compiler/ti-cgt-arm_18.1.4.LTS/include" --include_path="C:/ti/tivaware_c_series_2_1_4_178/examples/boards/ek-tm4c123gxl" --include_path="C:/ti/tivaware_c_series_2_1_4_178/driverlib" --include_path="C:/ti/tivaware_c_series_2_1_4_178" --advice:power=all -g --gcc --define=ccs="ccs" --define=PART_TM4C123GH6PM --define=TARGET_IS_TM4C123_RB1 --diag_warning=225 --diag_wrap=off --display_error_number --gen_func_subsections=on --ual --preproc_with_compile --preproc_dependency="blinky.d_raw"  "../blinky.c"
 
>> Compilation failure
subdir_rules.mk:9: recipe for target 'blinky.obj' failed
"C:/ti/tivaware_c_series_2_1_4_178/examples/boards/ek-tm4c123gxl/drivers/buttons.h", line 89: error #20: identifier "uint8_t" is undefined
"C:/ti/tivaware_c_series_2_1_4_178/examples/boards/ek-tm4c123gxl/drivers/buttons.h", line 89: error #20: identifier "uint8_t" is undefined
"C:/ti/tivaware_c_series_2_1_4_178/examples/boards/ek-tm4c123gxl/drivers/buttons.h", line 90: error #20: identifier "uint8_t" is undefined
"../blinky.c", line 10: fatal error #13: expected a file name
3 errors and 1 catastrophic error detected in the compilation of "../blinky.c".
Compilation terminated.
gmake: *** [blinky.obj] Error 1
Building file: "../buttons.c"
Invoking: ARM Compiler
"C:/ti/ccsv8/tools/compiler/ti-cgt-arm_18.1.4.LTS/bin/armcl" -mv7M4 --code_state=16 --float_support=FPv4SPD16 --abi=eabi -me -O2 --preinclude="C:/ti/tivaware_c_series_2_1_4_178/examples/boards/ek-tm4c123gxl/drivers/buttons.h" --preinclude="C:/ti/tivaware_c_series_2_1_4_178/examples/boards/ek-tm4c123gxl/drivers/buttons.c" --include_path="C:/ti/ccsv8/tools/compiler/ti-cgt-arm_18.1.4.LTS/include" --include_path="C:/ti/tivaware_c_series_2_1_4_178/examples/boards/ek-tm4c123gxl" --include_path="C:/ti/tivaware_c_series_2_1_4_178/driverlib" --include_path="C:/ti/tivaware_c_series_2_1_4_178" --advice:power=all -g --gcc --define=ccs="ccs" --define=PART_TM4C123GH6PM --define=TARGET_IS_TM4C123_RB1 --diag_warning=225 --diag_wrap=off --display_error_number --gen_func_subsections=on --ual --preproc_with_compile --preproc_dependency="buttons.d_raw"  "../buttons.c"
 
>> Compilation failure
subdir_rules.mk:9: recipe for target 'buttons.obj' failed
"C:/ti/tivaware_c_series_2_1_4_178/examples/boards/ek-tm4c123gxl/drivers/buttons.h", line 89: error #20: identifier "uint8_t" is undefined
"C:/ti/tivaware_c_series_2_1_4_178/examples/boards/ek-tm4c123gxl/drivers/buttons.h", line 89: error #20: identifier "uint8_t" is undefined
"C:/ti/tivaware_c_series_2_1_4_178/examples/boards/ek-tm4c123gxl/drivers/buttons.h", line 90: error #20: identifier "uint8_t" is undefined
"../buttons.c", line 52: error #150: variable "g_ui8ButtonStates" has already been initialized
"../buttons.c", line 84: error #249: function "ButtonsPoll" has already been defined
"../buttons.c", line 161: error #249: function "ButtonsInit" has already been defined
6 errors detected in the compilation of "../buttons.c".
gmake: *** [buttons.obj] Error 1
Building file: "../startup_ccs.c"
Invoking: ARM Compiler
"C:/ti/ccsv8/tools/compiler/ti-cgt-arm_18.1.4.LTS/bin/armcl" -mv7M4 --code_state=16 --float_support=FPv4SPD16 --abi=eabi -me -O2 --preinclude="C:/ti/tivaware_c_series_2_1_4_178/examples/boards/ek-tm4c123gxl/drivers/buttons.h" --preinclude="C:/ti/tivaware_c_series_2_1_4_178/examples/boards/ek-tm4c123gxl/drivers/buttons.c" --include_path="C:/ti/ccsv8/tools/compiler/ti-cgt-arm_18.1.4.LTS/include" --include_path="C:/ti/tivaware_c_series_2_1_4_178/examples/boards/ek-tm4c123gxl" --include_path="C:/ti/tivaware_c_series_2_1_4_178/driverlib" --include_path="C:/ti/tivaware_c_series_2_1_4_178" --advice:power=all -g --gcc --define=ccs="ccs" --define=PART_TM4C123GH6PM --define=TARGET_IS_TM4C123_RB1 --diag_warning=225 --diag_wrap=off --display_error_number --gen_func_subsections=on --ual --preproc_with_compile --preproc_dependency="startup_ccs.d_raw"  "../startup_ccs.c"
 
>> Compilation failure
subdir_rules.mk:9: recipe for target 'startup_ccs.obj' failed
"C:/ti/tivaware_c_series_2_1_4_178/examples/boards/ek-tm4c123gxl/drivers/buttons.h", line 89: error #20: identifier "uint8_t" is undefined
"C:/ti/tivaware_c_series_2_1_4_178/examples/boards/ek-tm4c123gxl/drivers/buttons.h", line 89: error #20: identifier "uint8_t" is undefined
"C:/ti/tivaware_c_series_2_1_4_178/examples/boards/ek-tm4c123gxl/drivers/buttons.h", line 90: error #20: identifier "uint8_t" is undefined
"../startup_ccs.c", line 256: remark #1527-D: (ULP 2.1) Detected SW delay loop using empty loop. Recommend using a timer module instead
"../startup_ccs.c", line 274: remark #1527-D: (ULP 2.1) Detected SW delay loop using empty loop. Recommend using a timer module instead
"../startup_ccs.c", line 292: remark #1527-D: (ULP 2.1) Detected SW delay loop using empty loop. Recommend using a timer module instead
3 errors detected in the compilation of "../startup_ccs.c".
gmake: *** [startup_ccs.obj] Error 1
gmake: Target 'all' not remade because of errors.

**** Build Finished ****

**** Build of configuration Debug for project blinky ****

"C:\\ti\\ccsv8\\utils\\bin\\gmake" -k all 
 
Building file: "../blinky.c"
Invoking: ARM Compiler
"C:/ti/ccsv8/tools/compiler/ti-cgt-arm_18.1.4.LTS/bin/armcl" -mv7M4 --code_state=16 --float_support=FPv4SPD16 --abi=eabi -me -O2 --preinclude="C:/ti/tivaware_c_series_2_1_4_178/examples/boards/ek-tm4c123gxl/drivers/buttons.h" --preinclude="C:/ti/tivaware_c_series_2_1_4_178/examples/boards/ek-tm4c123gxl/drivers/buttons.c" --include_path="C:/ti/ccsv8/tools/compiler/ti-cgt-arm_18.1.4.LTS/include" --include_path="C:/ti/tivaware_c_series_2_1_4_178/examples/boards/ek-tm4c123gxl" --include_path="C:/ti/tivaware_c_series_2_1_4_178/driverlib" --include_path="C:/ti/tivaware_c_series_2_1_4_178" --advice:power=all -g --gcc --define=ccs="ccs" --define=PART_TM4C123GH6PM --define=TARGET_IS_TM4C123_RB1 --diag_warning=225 --diag_wrap=off --display_error_number --gen_func_subsections=on --ual --preproc_with_compile --preproc_dependency="blinky.d_raw"  "../blinky.c"
 
>> Compilation failure
subdir_rules.mk:9: recipe for target 'blinky.obj' failed
"C:/ti/tivaware_c_series_2_1_4_178/examples/boards/ek-tm4c123gxl/drivers/buttons.h", line 89: error #20: identifier "uint8_t" is undefined
"C:/ti/tivaware_c_series_2_1_4_178/examples/boards/ek-tm4c123gxl/drivers/buttons.h", line 89: error #20: identifier "uint8_t" is undefined
"C:/ti/tivaware_c_series_2_1_4_178/examples/boards/ek-tm4c123gxl/drivers/buttons.h", line 90: error #20: identifier "uint8_t" is undefined
"../blinky.c", line 53: remark #1527-D: (ULP 2.1) Detected SW delay loop using empty loop. Recommend using a timer module instead
3 errors detected in the compilation of "../blinky.c".
gmake: *** [blinky.obj] Error 1
Building file: "../buttons.c"
Invoking: ARM Compiler
"C:/ti/ccsv8/tools/compiler/ti-cgt-arm_18.1.4.LTS/bin/armcl" -mv7M4 --code_state=16 --float_support=FPv4SPD16 --abi=eabi -me -O2 --preinclude="C:/ti/tivaware_c_series_2_1_4_178/examples/boards/ek-tm4c123gxl/drivers/buttons.h" --preinclude="C:/ti/tivaware_c_series_2_1_4_178/examples/boards/ek-tm4c123gxl/drivers/buttons.c" --include_path="C:/ti/ccsv8/tools/compiler/ti-cgt-arm_18.1.4.LTS/include" --include_path="C:/ti/tivaware_c_series_2_1_4_178/examples/boards/ek-tm4c123gxl" --include_path="C:/ti/tivaware_c_series_2_1_4_178/driverlib" --include_path="C:/ti/tivaware_c_series_2_1_4_178" --advice:power=all -g --gcc --define=ccs="ccs" --define=PART_TM4C123GH6PM --define=TARGET_IS_TM4C123_RB1 --diag_warning=225 --diag_wrap=off --display_error_number --gen_func_subsections=on --ual --preproc_with_compile --preproc_dependency="buttons.d_raw"  "../buttons.c"
 
>> Compilation failure
subdir_rules.mk:9: recipe for target 'buttons.obj' failed
"C:/ti/tivaware_c_series_2_1_4_178/examples/boards/ek-tm4c123gxl/drivers/buttons.h", line 89: error #20: identifier "uint8_t" is undefined
"C:/ti/tivaware_c_series_2_1_4_178/examples/boards/ek-tm4c123gxl/drivers/buttons.h", line 89: error #20: identifier "uint8_t" is undefined
"C:/ti/tivaware_c_series_2_1_4_178/examples/boards/ek-tm4c123gxl/drivers/buttons.h", line 90: error #20: identifier "uint8_t" is undefined
"../buttons.c", line 52: error #150: variable "g_ui8ButtonStates" has already been initialized
"../buttons.c", line 84: error #249: function "ButtonsPoll" has already been defined
"../buttons.c", line 161: error #249: function "ButtonsInit" has already been defined
6 errors detected in the compilation of "../buttons.c".
gmake: *** [buttons.obj] Error 1
Building file: "../startup_ccs.c"
Invoking: ARM Compiler
"C:/ti/ccsv8/tools/compiler/ti-cgt-arm_18.1.4.LTS/bin/armcl" -mv7M4 --code_state=16 --float_support=FPv4SPD16 --abi=eabi -me -O2 --preinclude="C:/ti/tivaware_c_series_2_1_4_178/examples/boards/ek-tm4c123gxl/drivers/buttons.h" --preinclude="C:/ti/tivaware_c_series_2_1_4_178/examples/boards/ek-tm4c123gxl/drivers/buttons.c" --include_path="C:/ti/ccsv8/tools/compiler/ti-cgt-arm_18.1.4.LTS/include" --include_path="C:/ti/tivaware_c_series_2_1_4_178/examples/boards/ek-tm4c123gxl" --include_path="C:/ti/tivaware_c_series_2_1_4_178/driverlib" --include_path="C:/ti/tivaware_c_series_2_1_4_178" --advice:power=all -g --gcc --define=ccs="ccs" --define=PART_TM4C123GH6PM --define=TARGET_IS_TM4C123_RB1 --diag_warning=225 --diag_wrap=off --display_error_number --gen_func_subsections=on --ual --preproc_with_compile --preproc_dependency="startup_ccs.d_raw"  "../startup_ccs.c"
 
>> Compilation failure
subdir_rules.mk:9: recipe for target 'startup_ccs.obj' failed
"C:/ti/tivaware_c_series_2_1_4_178/examples/boards/ek-tm4c123gxl/drivers/buttons.h", line 89: error #20: identifier "uint8_t" is undefined
"C:/ti/tivaware_c_series_2_1_4_178/examples/boards/ek-tm4c123gxl/drivers/buttons.h", line 89: error #20: identifier "uint8_t" is undefined
"C:/ti/tivaware_c_series_2_1_4_178/examples/boards/ek-tm4c123gxl/drivers/buttons.h", line 90: error #20: identifier "uint8_t" is undefined
"../startup_ccs.c", line 256: remark #1527-D: (ULP 2.1) Detected SW delay loop using empty loop. Recommend using a timer module instead
"../startup_ccs.c", line 274: remark #1527-D: (ULP 2.1) Detected SW delay loop using empty loop. Recommend using a timer module instead
"../startup_ccs.c", line 292: remark #1527-D: (ULP 2.1) Detected SW delay loop using empty loop. Recommend using a timer module instead
3 errors detected in the compilation of "../startup_ccs.c".
gmake: *** [startup_ccs.obj] Error 1
gmake: Target 'all' not remade because of errors.

**** Build Finished ****

**** Build of configuration Debug for project blinky ****

"C:\\ti\\ccsv8\\utils\\bin\\gmake" -k all 
 
Building file: "../blinky.c"
Invoking: ARM Compiler
"C:/ti/ccsv8/tools/compiler/ti-cgt-arm_18.1.4.LTS/bin/armcl" -mv7M4 --code_state=16 --float_support=FPv4SPD16 --abi=eabi -me -O2 --preinclude="C:/ti/tivaware_c_series_2_1_4_178/examples/boards/ek-tm4c123gxl/drivers/buttons.c" --include_path="C:/ti/ccsv8/tools/compiler/ti-cgt-arm_18.1.4.LTS/include" --include_path="C:/ti/tivaware_c_series_2_1_4_178/examples/boards/ek-tm4c123gxl/drivers" --include_path="C:/ti/tivaware_c_series_2_1_4_178/examples/boards/ek-tm4c123gxl/blinky" --include_path="C:/ti/tivaware_c_series_2_1_4_178/examples/boards/ek-tm4c123gxl" --include_path="C:/ti/tivaware_c_series_2_1_4_178/driverlib" --include_path="C:/ti/tivaware_c_series_2_1_4_178" --advice:power=all -g --gcc --define=ccs="ccs" --define=PART_TM4C123GH6PM --define=TARGET_IS_TM4C123_RB1 --diag_warning=225 --diag_wrap=off --display_error_number --gen_func_subsections=on --ual --preproc_with_compile --preproc_dependency="blinky.d_raw"  "../blinky.c"
"../blinky.c", line 53: remark #1527-D: (ULP 2.1) Detected SW delay loop using empty loop. Recommend using a timer module instead
Finished building: "../blinky.c"
 
Building file: "../startup_ccs.c"
Invoking: ARM Compiler
"C:/ti/ccsv8/tools/compiler/ti-cgt-arm_18.1.4.LTS/bin/armcl" -mv7M4 --code_state=16 --float_support=FPv4SPD16 --abi=eabi -me -O2 --preinclude="C:/ti/tivaware_c_series_2_1_4_178/examples/boards/ek-tm4c123gxl/drivers/buttons.c" --include_path="C:/ti/ccsv8/tools/compiler/ti-cgt-arm_18.1.4.LTS/include" --include_path="C:/ti/tivaware_c_series_2_1_4_178/examples/boards/ek-tm4c123gxl/drivers" --include_path="C:/ti/tivaware_c_series_2_1_4_178/examples/boards/ek-tm4c123gxl/blinky" --include_path="C:/ti/tivaware_c_series_2_1_4_178/examples/boards/ek-tm4c123gxl" --include_path="C:/ti/tivaware_c_series_2_1_4_178/driverlib" --include_path="C:/ti/tivaware_c_series_2_1_4_178" --advice:power=all -g --gcc --define=ccs="ccs" --define=PART_TM4C123GH6PM --define=TARGET_IS_TM4C123_RB1 --diag_warning=225 --diag_wrap=off --display_error_number --gen_func_subsections=on --ual --preproc_with_compile --preproc_dependency="startup_ccs.d_raw"  "../startup_ccs.c"
"../startup_ccs.c", line 256: remark #1527-D: (ULP 2.1) Detected SW delay loop using empty loop. Recommend using a timer module instead
"../startup_ccs.c", line 274: remark #1527-D: (ULP 2.1) Detected SW delay loop using empty loop. Recommend using a timer module instead
"../startup_ccs.c", line 292: remark #1527-D: (ULP 2.1) Detected SW delay loop using empty loop. Recommend using a timer module instead
Finished building: "../startup_ccs.c"
 
Building target: "blinky.out"
Invoking: ARM Linker
"C:/ti/ccsv8/tools/compiler/ti-cgt-arm_18.1.4.LTS/bin/armcl" -mv7M4 --code_state=16 --float_support=FPv4SPD16 --abi=eabi -me -O2 --preinclude="C:/ti/tivaware_c_series_2_1_4_178/examples/boards/ek-tm4c123gxl/drivers/buttons.c" --advice:power=all -g --gcc --define=ccs="ccs" --define=PART_TM4C123GH6PM --define=TARGET_IS_TM4C123_RB1 --diag_warning=225 --diag_wrap=off --display_error_number --gen_func_subsections=on --ual -z -m"blinky_ccs.map" --stack_size=512 --heap_size=0 -i"C:/ti/ccsv8/tools/compiler/ti-cgt-arm_18.1.4.LTS/lib" -i"C:/ti/ccsv8/tools/compiler/ti-cgt-arm_18.1.4.LTS/include" --reread_libs --diag_wrap=off --display_error_number --warn_sections --xml_link_info="blinky_linkInfo.xml" --rom_model -o "blinky.out" "./blinky.obj" "./startup_ccs.obj" "../blinky_ccs.cmd"  -llibc.a -l"C:/ti/tivaware_c_series_2_1_4_178/driverlib/ccs/Debug/driverlib.lib" 
<Linking>
error #10056: symbol "ButtonsInit" redefined: first defined in "./blinky.obj"; redefined in "./startup_ccs.obj"
remark #10371-D: (ULP 1.1) Detected no uses of low power mode state changing instructions
error #10056: symbol "ButtonsPoll" redefined: first defined in "./blinky.obj"; redefined in "./startup_ccs.obj"
 
>> Compilation failure
makefile:142: recipe for target 'blinky.out' failed
error #10010: errors encountered during linking; "blinky.out" not built
gmake: *** [blinky.out] Error 1
gmake: Target 'all' not remade because of errors.

**** Build Finished ****

**** Build of configuration Debug for project blinky ****

"C:\\ti\\ccsv8\\utils\\bin\\gmake" -k all 
 
Building file: "../blinky.c"
Invoking: ARM Compiler
"C:/ti/ccsv8/tools/compiler/ti-cgt-arm_18.1.4.LTS/bin/armcl" -mv7M4 --code_state=16 --float_support=FPv4SPD16 --abi=eabi -me -O2 --preinclude="C:/ti/tivaware_c_series_2_1_4_178/examples/boards/ek-tm4c123gxl/drivers/buttons.c" --include_path="C:/ti/ccsv8/tools/compiler/ti-cgt-arm_18.1.4.LTS/include" --include_path="C:/ti/tivaware_c_series_2_1_4_178/examples/boards/ek-tm4c123gxl/drivers" --include_path="C:/ti/tivaware_c_series_2_1_4_178/examples/boards/ek-tm4c123gxl/blinky" --include_path="C:/ti/tivaware_c_series_2_1_4_178/examples/boards/ek-tm4c123gxl" --include_path="C:/ti/tivaware_c_series_2_1_4_178/driverlib" --include_path="C:/ti/tivaware_c_series_2_1_4_178" --include_path="C:/ti/tivaware_c_series_2_1_4_178/examples/boards/ek-tm4c123gxl/drivers" --advice:power=all -g --gcc --define=ccs="ccs" --define=PART_TM4C123GH6PM --define=TARGET_IS_TM4C123_RB1 --diag_warning=225 --diag_wrap=off --display_error_number --gen_func_subsections=on --ual --preproc_with_compile --preproc_dependency="blinky.d_raw"  "../blinky.c"
"../blinky.c", line 53: remark #1527-D: (ULP 2.1) Detected SW delay loop using empty loop. Recommend using a timer module instead
Finished building: "../blinky.c"
 
Building file: "C:/ti/tivaware_c_series_2_1_4_178/examples/boards/ek-tm4c123gxl/drivers/buttons.c"
Invoking: ARM Compiler
"C:/ti/ccsv8/tools/compiler/ti-cgt-arm_18.1.4.LTS/bin/armcl" -mv7M4 --code_state=16 --float_support=FPv4SPD16 --abi=eabi -me -O2 --preinclude="C:/ti/tivaware_c_series_2_1_4_178/examples/boards/ek-tm4c123gxl/drivers/buttons.c" --include_path="C:/ti/ccsv8/tools/compiler/ti-cgt-arm_18.1.4.LTS/include" --include_path="C:/ti/tivaware_c_series_2_1_4_178/examples/boards/ek-tm4c123gxl/drivers" --include_path="C:/ti/tivaware_c_series_2_1_4_178/examples/boards/ek-tm4c123gxl/blinky" --include_path="C:/ti/tivaware_c_series_2_1_4_178/examples/boards/ek-tm4c123gxl" --include_path="C:/ti/tivaware_c_series_2_1_4_178/driverlib" --include_path="C:/ti/tivaware_c_series_2_1_4_178" --include_path="C:/ti/tivaware_c_series_2_1_4_178/examples/boards/ek-tm4c123gxl/drivers" --advice:power=all -g --gcc --define=ccs="ccs" --define=PART_TM4C123GH6PM --define=TARGET_IS_TM4C123_RB1 --diag_warning=225 --diag_wrap=off --display_error_number --gen_func_subsections=on --ual --preproc_with_compile --preproc_dependency="buttons.d_raw"  "C:/ti/tivaware_c_series_2_1_4_178/examples/boards/ek-tm4c123gxl/drivers/buttons.c"
 
>> Compilation failure
subdir_rules.mk:16: recipe for target 'buttons.obj' failed
"C:/ti/tivaware_c_series_2_1_4_178/examples/boards/ek-tm4c123gxl/drivers/buttons.c", line 52: error #150: variable "g_ui8ButtonStates" has already been initialized
"C:/ti/tivaware_c_series_2_1_4_178/examples/boards/ek-tm4c123gxl/drivers/buttons.c", line 84: error #249: function "ButtonsPoll" has already been defined
"C:/ti/tivaware_c_series_2_1_4_178/examples/boards/ek-tm4c123gxl/drivers/buttons.c", line 161: error #249: function "ButtonsInit" has already been defined
3 errors detected in the compilation of "C:/ti/tivaware_c_series_2_1_4_178/examples/boards/ek-tm4c123gxl/drivers/buttons.c".
gmake: *** [buttons.obj] Error 1
Building file: "../startup_ccs.c"
Invoking: ARM Compiler
"C:/ti/ccsv8/tools/compiler/ti-cgt-arm_18.1.4.LTS/bin/armcl" -mv7M4 --code_state=16 --float_support=FPv4SPD16 --abi=eabi -me -O2 --preinclude="C:/ti/tivaware_c_series_2_1_4_178/examples/boards/ek-tm4c123gxl/drivers/buttons.c" --include_path="C:/ti/ccsv8/tools/compiler/ti-cgt-arm_18.1.4.LTS/include" --include_path="C:/ti/tivaware_c_series_2_1_4_178/examples/boards/ek-tm4c123gxl/drivers" --include_path="C:/ti/tivaware_c_series_2_1_4_178/examples/boards/ek-tm4c123gxl/blinky" --include_path="C:/ti/tivaware_c_series_2_1_4_178/examples/boards/ek-tm4c123gxl" --include_path="C:/ti/tivaware_c_series_2_1_4_178/driverlib" --include_path="C:/ti/tivaware_c_series_2_1_4_178" --include_path="C:/ti/tivaware_c_series_2_1_4_178/examples/boards/ek-tm4c123gxl/drivers" --advice:power=all -g --gcc --define=ccs="ccs" --define=PART_TM4C123GH6PM --define=TARGET_IS_TM4C123_RB1 --diag_warning=225 --diag_wrap=off --display_error_number --gen_func_subsections=on --ual --preproc_with_compile --preproc_dependency="startup_ccs.d_raw"  "../startup_ccs.c"
"../startup_ccs.c", line 256: remark #1527-D: (ULP 2.1) Detected SW delay loop using empty loop. Recommend using a timer module instead
"../startup_ccs.c", line 274: remark #1527-D: (ULP 2.1) Detected SW delay loop using empty loop. Recommend using a timer module instead
"../startup_ccs.c", line 292: remark #1527-D: (ULP 2.1) Detected SW delay loop using empty loop. Recommend using a timer module instead
Finished building: "../startup_ccs.c"
 
gmake: Target 'all' not remade because of errors.

**** Build Finished ****

**** Build of configuration Debug for project blinky ****

"C:\\ti\\ccsv8\\utils\\bin\\gmake" -k all 
 
Building file: "../buttons.c"
Invoking: ARM Compiler
"C:/ti/ccsv8/tools/compiler/ti-cgt-arm_18.1.4.LTS/bin/armcl" -mv7M4 --code_state=16 --float_support=FPv4SPD16 --abi=eabi -me -O2 --preinclude="C:/ti/tivaware_c_series_2_1_4_178/examples/boards/ek-tm4c123gxl/drivers/buttons.c" --include_path="C:/ti/ccsv8/tools/compiler/ti-cgt-arm_18.1.4.LTS/include" --include_path="C:/ti/tivaware_c_series_2_1_4_178/examples/boards/ek-tm4c123gxl/drivers" --include_path="C:/ti/tivaware_c_series_2_1_4_178/examples/boards/ek-tm4c123gxl/blinky" --include_path="C:/ti/tivaware_c_series_2_1_4_178/examples/boards/ek-tm4c123gxl" --include_path="C:/ti/tivaware_c_series_2_1_4_178/driverlib" --include_path="C:/ti/tivaware_c_series_2_1_4_178" --include_path="C:/ti/tivaware_c_series_2_1_4_178/examples/boards/ek-tm4c123gxl/drivers" --advice:power=all -g --gcc --define=ccs="ccs" --define=PART_TM4C123GH6PM --define=TARGET_IS_TM4C123_RB1 --diag_warning=225 --diag_wrap=off --display_error_number --gen_func_subsections=on --ual --preproc_with_compile --preproc_dependency="buttons.d_raw"  "../buttons.c"
 
>> Compilation failure
subdir_rules.mk:9: recipe for target 'buttons.obj' failed
"../buttons.c", line 52: error #150: variable "g_ui8ButtonStates" has already been initialized
"../buttons.c", line 84: error #249: function "ButtonsPoll" has already been defined
"../buttons.c", line 161: error #249: function "ButtonsInit" has already been defined
3 errors detected in the compilation of "../buttons.c".
gmake: *** [buttons.obj] Error 1
gmake: Target 'all' not remade because of errors.

**** Build Finished ****

**** Build of configuration Debug for project blinky ****

"C:\\ti\\ccsv8\\utils\\bin\\gmake" -k all 
 
Building file: "../blinky.c"
Invoking: ARM Compiler
"C:/ti/ccsv8/tools/compiler/ti-cgt-arm_18.1.4.LTS/bin/armcl" -mv7M4 --code_state=16 --float_support=FPv4SPD16 --abi=eabi -me -O2 --preinclude="C:/ti/tivaware_c_series_2_1_4_178/examples/boards/ek-tm4c123gxl/drivers/buttons.c" --include_path="C:/ti/ccsv8/tools/compiler/ti-cgt-arm_18.1.4.LTS/include" --include_path="C:/ti/tivaware_c_series_2_1_4_178/examples/boards/ek-tm4c123gxl/drivers" --include_path="C:/ti/tivaware_c_series_2_1_4_178/examples/boards/ek-tm4c123gxl/blinky" --include_path="C:/ti/tivaware_c_series_2_1_4_178/examples/boards/ek-tm4c123gxl" --include_path="C:/ti/tivaware_c_series_2_1_4_178/driverlib" --include_path="C:/ti/tivaware_c_series_2_1_4_178" --include_path="C:/ti/tivaware_c_series_2_1_4_178/examples/boards/ek-tm4c123gxl/drivers" --advice:power=all -g --gcc --define=ccs="ccs" --define=PART_TM4C123GH6PM --define=TARGET_IS_TM4C123_RB1 --diag_warning=225 --diag_wrap=off --display_error_number --gen_func_subsections=on --ual --preproc_with_compile --preproc_dependency="blinky.d_raw"  "../blinky.c"
"../blinky.c", line 53: remark #1527-D: (ULP 2.1) Detected SW delay loop using empty loop. Recommend using a timer module instead
Finished building: "../blinky.c"
 
Building file: "../buttons.c"
Invoking: ARM Compiler
"C:/ti/ccsv8/tools/compiler/ti-cgt-arm_18.1.4.LTS/bin/armcl" -mv7M4 --code_state=16 --float_support=FPv4SPD16 --abi=eabi -me -O2 --preinclude="C:/ti/tivaware_c_series_2_1_4_178/examples/boards/ek-tm4c123gxl/drivers/buttons.c" --include_path="C:/ti/ccsv8/tools/compiler/ti-cgt-arm_18.1.4.LTS/include" --include_path="C:/ti/tivaware_c_series_2_1_4_178/examples/boards/ek-tm4c123gxl/drivers" --include_path="C:/ti/tivaware_c_series_2_1_4_178/examples/boards/ek-tm4c123gxl/blinky" --include_path="C:/ti/tivaware_c_series_2_1_4_178/examples/boards/ek-tm4c123gxl" --include_path="C:/ti/tivaware_c_series_2_1_4_178/driverlib" --include_path="C:/ti/tivaware_c_series_2_1_4_178" --include_path="C:/ti/tivaware_c_series_2_1_4_178/examples/boards/ek-tm4c123gxl/drivers" --advice:power=all -g --gcc --define=ccs="ccs" --define=PART_TM4C123GH6PM --define=TARGET_IS_TM4C123_RB1 --diag_warning=225 --diag_wrap=off --display_error_number --gen_func_subsections=on --ual --preproc_with_compile --preproc_dependency="buttons.d_raw"  "../buttons.c"
 
>> Compilation failure
subdir_rules.mk:9: recipe for target 'buttons.obj' failed
"../buttons.c", line 52: error #150: variable "g_ui8ButtonStates" has already been initialized
"../buttons.c", line 84: error #249: function "ButtonsPoll" has already been defined
"../buttons.c", line 161: error #249: function "ButtonsInit" has already been defined
3 errors detected in the compilation of "../buttons.c".
gmake: *** [buttons.obj] Error 1
gmake: Target 'all' not remade because of errors.

**** Build Finished ****

**** Build of configuration Debug for project blinky ****

"C:\\ti\\ccsv8\\utils\\bin\\gmake" -k all 
 
Building file: "../blinky.c"
Invoking: ARM Compiler
"C:/ti/ccsv8/tools/compiler/ti-cgt-arm_18.1.4.LTS/bin/armcl" -mv7M4 --code_state=16 --float_support=FPv4SPD16 --abi=eabi -me -O2 --preinclude="C:/ti/tivaware_c_series_2_1_4_178/examples/boards/ek-tm4c123gxl/drivers/buttons.c" --include_path="C:/ti/ccsv8/tools/compiler/ti-cgt-arm_18.1.4.LTS/include" --include_path="C:/ti/tivaware_c_series_2_1_4_178/examples/boards/ek-tm4c123gxl/drivers" --include_path="C:/ti/tivaware_c_series_2_1_4_178/examples/boards/ek-tm4c123gxl/blinky" --include_path="C:/ti/tivaware_c_series_2_1_4_178/examples/boards/ek-tm4c123gxl" --include_path="C:/ti/tivaware_c_series_2_1_4_178/driverlib" --include_path="C:/ti/tivaware_c_series_2_1_4_178" --include_path="C:/ti/tivaware_c_series_2_1_4_178/examples/boards/ek-tm4c123gxl/drivers" --advice:power=all -g --gcc --define=ccs="ccs" --define=PART_TM4C123GH6PM --define=TARGET_IS_TM4C123_RB1 --diag_warning=225 --diag_wrap=off --display_error_number --gen_func_subsections=on --ual --preproc_with_compile --preproc_dependency="blinky.d_raw"  "../blinky.c"
"../blinky.c", line 53: remark #1527-D: (ULP 2.1) Detected SW delay loop using empty loop. Recommend using a timer module instead
Finished building: "../blinky.c"
 
Building file: "../buttons.c"
Invoking: ARM Compiler
"C:/ti/ccsv8/tools/compiler/ti-cgt-arm_18.1.4.LTS/bin/armcl" -mv7M4 --code_state=16 --float_support=FPv4SPD16 --abi=eabi -me -O2 --preinclude="C:/ti/tivaware_c_series_2_1_4_178/examples/boards/ek-tm4c123gxl/drivers/buttons.c" --include_path="C:/ti/ccsv8/tools/compiler/ti-cgt-arm_18.1.4.LTS/include" --include_path="C:/ti/tivaware_c_series_2_1_4_178/examples/boards/ek-tm4c123gxl/drivers" --include_path="C:/ti/tivaware_c_series_2_1_4_178/examples/boards/ek-tm4c123gxl/blinky" --include_path="C:/ti/tivaware_c_series_2_1_4_178/examples/boards/ek-tm4c123gxl" --include_path="C:/ti/tivaware_c_series_2_1_4_178/driverlib" --include_path="C:/ti/tivaware_c_series_2_1_4_178" --include_path="C:/ti/tivaware_c_series_2_1_4_178/examples/boards/ek-tm4c123gxl/drivers" --advice:power=all -g --gcc --define=ccs="ccs" --define=PART_TM4C123GH6PM --define=TARGET_IS_TM4C123_RB1 --diag_warning=225 --diag_wrap=off --display_error_number --gen_func_subsections=on --ual --preproc_with_compile --preproc_dependency="buttons.d_raw"  "../buttons.c"
 
>> Compilation failure
subdir_rules.mk:9: recipe for target 'buttons.obj' failed
"../buttons.c", line 52: error #150: variable "g_ui8ButtonStates" has already been initialized
"../buttons.c", line 84: error #249: function "ButtonsPoll" has already been defined
"../buttons.c", line 161: error #249: function "ButtonsInit" has already been defined
3 errors detected in the compilation of "../buttons.c".
gmake: *** [buttons.obj] Error 1
gmake: Target 'all' not remade because of errors.

**** Build Finished ****

**** Build of configuration Debug for project blinky ****

"C:\\ti\\ccsv8\\utils\\bin\\gmake" -k all 
 
Building file: "../buttons.c"
Invoking: ARM Compiler
"C:/ti/ccsv8/tools/compiler/ti-cgt-arm_18.1.4.LTS/bin/armcl" -mv7M4 --code_state=16 --float_support=FPv4SPD16 --abi=eabi -me -O2 --preinclude="C:/ti/tivaware_c_series_2_1_4_178/examples/boards/ek-tm4c123gxl/drivers/buttons.c" --include_path="C:/ti/ccsv8/tools/compiler/ti-cgt-arm_18.1.4.LTS/include" --include_path="C:/ti/tivaware_c_series_2_1_4_178/examples/boards/ek-tm4c123gxl/drivers" --include_path="C:/ti/tivaware_c_series_2_1_4_178/examples/boards/ek-tm4c123gxl/blinky" --include_path="C:/ti/tivaware_c_series_2_1_4_178/examples/boards/ek-tm4c123gxl" --include_path="C:/ti/tivaware_c_series_2_1_4_178/driverlib" --include_path="C:/ti/tivaware_c_series_2_1_4_178" --include_path="C:/ti/tivaware_c_series_2_1_4_178/examples/boards/ek-tm4c123gxl/drivers" --advice:power=all -g --gcc --define=ccs="ccs" --define=PART_TM4C123GH6PM --define=TARGET_IS_TM4C123_RB1 --diag_warning=225 --diag_wrap=off --display_error_number --gen_func_subsections=on --ual --preproc_with_compile --preproc_dependency="buttons.d_raw"  "../buttons.c"
 
>> Compilation failure
subdir_rules.mk:9: recipe for target 'buttons.obj' failed
"../buttons.c", line 52: error #150: variable "g_ui8ButtonStates" has already been initialized
"../buttons.c", line 84: error #249: function "ButtonsPoll" has already been defined
"../buttons.c", line 161: error #249: function "ButtonsInit" has already been defined
3 errors detected in the compilation of "../buttons.c".
gmake: *** [buttons.obj] Error 1
gmake: Target 'all' not remade because of errors.

**** Build Finished ****

**** Build of configuration Debug for project blinky ****

"C:\\ti\\ccsv8\\utils\\bin\\gmake" -k all 
 
Building file: "../buttons.c"
Invoking: ARM Compiler
"C:/ti/ccsv8/tools/compiler/ti-cgt-arm_18.1.4.LTS/bin/armcl" -mv7M4 --code_state=16 --float_support=FPv4SPD16 --abi=eabi -me -O2 --preinclude="C:/ti/tivaware_c_series_2_1_4_178/examples/boards/ek-tm4c123gxl/drivers/buttons.c" --include_path="C:/ti/ccsv8/tools/compiler/ti-cgt-arm_18.1.4.LTS/include" --include_path="C:/ti/tivaware_c_series_2_1_4_178/examples/boards/ek-tm4c123gxl/drivers" --include_path="C:/ti/tivaware_c_series_2_1_4_178/examples/boards/ek-tm4c123gxl/blinky" --include_path="C:/ti/tivaware_c_series_2_1_4_178/examples/boards/ek-tm4c123gxl" --include_path="C:/ti/tivaware_c_series_2_1_4_178/driverlib" --include_path="C:/ti/tivaware_c_series_2_1_4_178" --include_path="C:/ti/tivaware_c_series_2_1_4_178/examples/boards/ek-tm4c123gxl/drivers" --advice:power=all -g --gcc --define=ccs="ccs" --define=PART_TM4C123GH6PM --define=TARGET_IS_TM4C123_RB1 --diag_warning=225 --diag_wrap=off --display_error_number --gen_func_subsections=on --ual --preproc_with_compile --preproc_dependency="buttons.d_raw"  "../buttons.c"
 
>> Compilation failure
subdir_rules.mk:9: recipe for target 'buttons.obj' failed
"../buttons.c", line 52: error #150: variable "g_ui8ButtonStates" has already been initialized
"../buttons.c", line 84: error #249: function "ButtonsPoll" has already been defined
"../buttons.c", line 161: error #249: function "ButtonsInit" has already been defined
3 errors detected in the compilation of "../buttons.c".
gmake: *** [buttons.obj] Error 1
gmake: Target 'all' not remade because of errors.

**** Build Finished ****

**** Build of configuration Debug for project lab2 ****

"C:\\ti\\ccsv8\\utils\\bin\\gmake" -k all 
 
Building file: "C:/ti/tivaware_c_series_2_1_4_178/examples/boards/ek-tm4c123gxl/drivers/buttons.c"
Invoking: ARM Compiler
"C:/ti/ccsv8/tools/compiler/ti-cgt-arm_18.1.4.LTS/bin/armcl" -mv7M4 --code_state=16 --float_support=FPv4SPD16 --abi=eabi -me -O2 --include_path="C:/ti/ccsv8/tools/compiler/ti-cgt-arm_18.1.4.LTS/include" --include_path="C:/ti/tivaware_c_series_2_1_4_178/examples/boards/ek-tm4c123gxl/drivers" --include_path="C:/ti/tivaware_c_series_2_1_4_178/examples/boards/ek-tm4c123gxl" --include_path="C:/ti/tivaware_c_series_2_1_4_178" --include_path="C:/ti/tivaware_c_series_2_1_4_178/examples/boards/ek-tm4c123gxl/drivers" --advice:power=all -g --gcc --define=ccs="ccs" --define=PART_TM4C123GH6PM --define=TARGET_IS_TM4C123_RB1 --diag_warning=225 --diag_wrap=off --display_error_number --gen_func_subsections=on --ual --preproc_with_compile --preproc_dependency="buttons.d_raw"  "C:/ti/tivaware_c_series_2_1_4_178/examples/boards/ek-tm4c123gxl/drivers/buttons.c"
Finished building: "C:/ti/tivaware_c_series_2_1_4_178/examples/boards/ek-tm4c123gxl/drivers/buttons.c"
 
Building file: "../lab2.c"
Invoking: ARM Compiler
"C:/ti/ccsv8/tools/compiler/ti-cgt-arm_18.1.4.LTS/bin/armcl" -mv7M4 --code_state=16 --float_support=FPv4SPD16 --abi=eabi -me -O2 --include_path="C:/ti/ccsv8/tools/compiler/ti-cgt-arm_18.1.4.LTS/include" --include_path="C:/ti/tivaware_c_series_2_1_4_178/examples/boards/ek-tm4c123gxl/drivers" --include_path="C:/ti/tivaware_c_series_2_1_4_178/examples/boards/ek-tm4c123gxl" --include_path="C:/ti/tivaware_c_series_2_1_4_178" --include_path="C:/ti/tivaware_c_series_2_1_4_178/examples/boards/ek-tm4c123gxl/drivers" --advice:power=all -g --gcc --define=ccs="ccs" --define=PART_TM4C123GH6PM --define=TARGET_IS_TM4C123_RB1 --diag_warning=225 --diag_wrap=off --display_error_number --gen_func_subsections=on --ual --preproc_with_compile --preproc_dependency="lab2.d_raw"  "../lab2.c"
"../lab2.c", line 51: remark #1527-D: (ULP 2.1) Detected SW delay loop using empty loop. Recommend using a timer module instead
Finished building: "../lab2.c"
 
Building file: "../startup_ccs.c"
Invoking: ARM Compiler
"C:/ti/ccsv8/tools/compiler/ti-cgt-arm_18.1.4.LTS/bin/armcl" -mv7M4 --code_state=16 --float_support=FPv4SPD16 --abi=eabi -me -O2 --include_path="C:/ti/ccsv8/tools/compiler/ti-cgt-arm_18.1.4.LTS/include" --include_path="C:/ti/tivaware_c_series_2_1_4_178/examples/boards/ek-tm4c123gxl/drivers" --include_path="C:/ti/tivaware_c_series_2_1_4_178/examples/boards/ek-tm4c123gxl" --include_path="C:/ti/tivaware_c_series_2_1_4_178" --include_path="C:/ti/tivaware_c_series_2_1_4_178/examples/boards/ek-tm4c123gxl/drivers" --advice:power=all -g --gcc --define=ccs="ccs" --define=PART_TM4C123GH6PM --define=TARGET_IS_TM4C123_RB1 --diag_warning=225 --diag_wrap=off --display_error_number --gen_func_subsections=on --ual --preproc_with_compile --preproc_dependency="startup_ccs.d_raw"  "../startup_ccs.c"
"../startup_ccs.c", line 256: remark #1527-D: (ULP 2.1) Detected SW delay loop using empty loop. Recommend using a timer module instead
"../startup_ccs.c", line 274: remark #1527-D: (ULP 2.1) Detected SW delay loop using empty loop. Recommend using a timer module instead
"../startup_ccs.c", line 292: remark #1527-D: (ULP 2.1) Detected SW delay loop using empty loop. Recommend using a timer module instead
Finished building: "../startup_ccs.c"
 
Building target: "lab2.out"
Invoking: ARM Linker
"C:/ti/ccsv8/tools/compiler/ti-cgt-arm_18.1.4.LTS/bin/armcl" -mv7M4 --code_state=16 --float_support=FPv4SPD16 --abi=eabi -me -O2 --advice:power=all -g --gcc --define=ccs="ccs" --define=PART_TM4C123GH6PM --define=TARGET_IS_TM4C123_RB1 --diag_warning=225 --diag_wrap=off --display_error_number --gen_func_subsections=on --ual -z -m"blinky_ccs.map" --stack_size=512 --heap_size=0 -i"C:/ti/ccsv8/tools/compiler/ti-cgt-arm_18.1.4.LTS/lib" -i"C:/ti/ccsv8/tools/compiler/ti-cgt-arm_18.1.4.LTS/include" --reread_libs --diag_wrap=off --display_error_number --warn_sections --xml_link_info="lab2_linkInfo.xml" --rom_model -o "lab2.out" "./buttons.obj" "./lab2.obj" "./startup_ccs.obj" "../blinky_ccs.cmd"  -llibc.a -l"C:/ti/tivaware_c_series_2_1_4_178/driverlib/ccs/Debug/driverlib.lib" 
<Linking>
remark #10371-D: (ULP 1.1) Detected no uses of low power mode state changing instructions
Finished building target: "lab2.out"
 
"C:/ti/ccsv8/utils/tiobj2bin/tiobj2bin" "lab2.out" "lab2.bin" "C:/ti/ccsv8/tools/compiler/ti-cgt-arm_18.1.4.LTS/bin/armofd" "C:/ti/ccsv8/tools/compiler/ti-cgt-arm_18.1.4.LTS/bin/armhex" "C:/ti/ccsv8/utils/tiobj2bin/mkhex4bin"
 

**** Build Finished ****

**** Clean-only build of configuration Debug for project lab3 ****

"C:\\ti\\ccsv8\\utils\\bin\\gmake" -k clean 
 
DEL /F  "lab3.bin"  "lab3.out" 
DEL /F "buttons.obj" "lab2.obj" "startup_ccs.obj" 
DEL /F "buttons.d" "lab2.d" "startup_ccs.d" 
Could Not Find C:\Users\degme\workspace_v8\lab3\Debug\lab3.bin
Finished clean
 

**** Build Finished ****

**** Build of configuration Debug for project lab3 ****

"C:\\ti\\ccsv8\\utils\\bin\\gmake" -k all 
 
Building file: "C:/ti/tivaware_c_series_2_1_4_178/examples/boards/ek-tm4c123gxl/drivers/buttons.c"
Invoking: ARM Compiler
"C:/ti/ccsv8/tools/compiler/ti-cgt-arm_18.1.4.LTS/bin/armcl" -mv7M4 --code_state=16 --float_support=FPv4SPD16 --abi=eabi -me -O2 --include_path="C:/ti/ccsv8/tools/compiler/ti-cgt-arm_18.1.4.LTS/include" --include_path="C:/ti/tivaware_c_series_2_1_4_178/examples/boards/ek-tm4c123gxl/drivers" --include_path="C:/ti/tivaware_c_series_2_1_4_178/examples/boards/ek-tm4c123gxl" --include_path="C:/ti/tivaware_c_series_2_1_4_178" --include_path="C:/ti/tivaware_c_series_2_1_4_178/examples/boards/ek-tm4c123gxl/drivers" --advice:power=all -g --gcc --define=ccs="ccs" --define=PART_TM4C123GH6PM --define=TARGET_IS_TM4C123_RB1 --diag_warning=225 --diag_wrap=off --display_error_number --gen_func_subsections=on --ual --preproc_with_compile --preproc_dependency="buttons.d_raw"  "C:/ti/tivaware_c_series_2_1_4_178/examples/boards/ek-tm4c123gxl/drivers/buttons.c"
Finished building: "C:/ti/tivaware_c_series_2_1_4_178/examples/boards/ek-tm4c123gxl/drivers/buttons.c"
 
Building file: "../lab3.c"
Invoking: ARM Compiler
"C:/ti/ccsv8/tools/compiler/ti-cgt-arm_18.1.4.LTS/bin/armcl" -mv7M4 --code_state=16 --float_support=FPv4SPD16 --abi=eabi -me -O2 --include_path="C:/ti/ccsv8/tools/compiler/ti-cgt-arm_18.1.4.LTS/include" --include_path="C:/ti/tivaware_c_series_2_1_4_178/examples/boards/ek-tm4c123gxl/drivers" --include_path="C:/ti/tivaware_c_series_2_1_4_178/examples/boards/ek-tm4c123gxl" --include_path="C:/ti/tivaware_c_series_2_1_4_178" --include_path="C:/ti/tivaware_c_series_2_1_4_178/examples/boards/ek-tm4c123gxl/drivers" --advice:power=all -g --gcc --define=ccs="ccs" --define=PART_TM4C123GH6PM --define=TARGET_IS_TM4C123_RB1 --diag_warning=225 --diag_wrap=off --display_error_number --gen_func_subsections=on --ual --preproc_with_compile --preproc_dependency="lab3.d_raw"  "../lab3.c"
"../lab3.c", line 70: remark #1527-D: (ULP 2.1) Detected SW delay loop using empty loop. Recommend using a timer module instead
Finished building: "../lab3.c"
 
Building file: "../startup_ccs.c"
Invoking: ARM Compiler
"C:/ti/ccsv8/tools/compiler/ti-cgt-arm_18.1.4.LTS/bin/armcl" -mv7M4 --code_state=16 --float_support=FPv4SPD16 --abi=eabi -me -O2 --include_path="C:/ti/ccsv8/tools/compiler/ti-cgt-arm_18.1.4.LTS/include" --include_path="C:/ti/tivaware_c_series_2_1_4_178/examples/boards/ek-tm4c123gxl/drivers" --include_path="C:/ti/tivaware_c_series_2_1_4_178/examples/boards/ek-tm4c123gxl" --include_path="C:/ti/tivaware_c_series_2_1_4_178" --include_path="C:/ti/tivaware_c_series_2_1_4_178/examples/boards/ek-tm4c123gxl/drivers" --advice:power=all -g --gcc --define=ccs="ccs" --define=PART_TM4C123GH6PM --define=TARGET_IS_TM4C123_RB1 --diag_warning=225 --diag_wrap=off --display_error_number --gen_func_subsections=on --ual --preproc_with_compile --preproc_dependency="startup_ccs.d_raw"  "../startup_ccs.c"
"../startup_ccs.c", line 256: remark #1527-D: (ULP 2.1) Detected SW delay loop using empty loop. Recommend using a timer module instead
"../startup_ccs.c", line 274: remark #1527-D: (ULP 2.1) Detected SW delay loop using empty loop. Recommend using a timer module instead
"../startup_ccs.c", line 292: remark #1527-D: (ULP 2.1) Detected SW delay loop using empty loop. Recommend using a timer module instead
Finished building: "../startup_ccs.c"
 
Building target: "lab3.out"
Invoking: ARM Linker
"C:/ti/ccsv8/tools/compiler/ti-cgt-arm_18.1.4.LTS/bin/armcl" -mv7M4 --code_state=16 --float_support=FPv4SPD16 --abi=eabi -me -O2 --advice:power=all -g --gcc --define=ccs="ccs" --define=PART_TM4C123GH6PM --define=TARGET_IS_TM4C123_RB1 --diag_warning=225 --diag_wrap=off --display_error_number --gen_func_subsections=on --ual -z -m"blinky_ccs.map" --stack_size=512 --heap_size=0 -i"C:/ti/ccsv8/tools/compiler/ti-cgt-arm_18.1.4.LTS/lib" -i"C:/ti/ccsv8/tools/compiler/ti-cgt-arm_18.1.4.LTS/include" --reread_libs --diag_wrap=off --display_error_number --warn_sections --xml_link_info="lab3_linkInfo.xml" --rom_model -o "lab3.out" "./buttons.obj" "./lab3.obj" "./startup_ccs.obj" "../blinky_ccs.cmd"  -llibc.a -l"C:/ti/tivaware_c_series_2_1_4_178/driverlib/ccs/Debug/driverlib.lib" 
<Linking>
remark #10371-D: (ULP 1.1) Detected no uses of low power mode state changing instructions
Finished building target: "lab3.out"
 
"C:/ti/ccsv8/utils/tiobj2bin/tiobj2bin" "lab3.out" "lab3.bin" "C:/ti/ccsv8/tools/compiler/ti-cgt-arm_18.1.4.LTS/bin/armofd" "C:/ti/ccsv8/tools/compiler/ti-cgt-arm_18.1.4.LTS/bin/armhex" "C:/ti/ccsv8/utils/tiobj2bin/mkhex4bin"
 

**** Build Finished ****

**** Build of configuration Debug for project lab3 ****

"C:\\ti\\ccsv8\\utils\\bin\\gmake" -k all 
 
Building file: "../lab3.c"
Invoking: ARM Compiler
"C:/ti/ccsv8/tools/compiler/ti-cgt-arm_18.1.4.LTS/bin/armcl" -mv7M4 --code_state=16 --float_support=FPv4SPD16 --abi=eabi -me -O2 --include_path="C:/ti/ccsv8/tools/compiler/ti-cgt-arm_18.1.4.LTS/include" --include_path="C:/ti/tivaware_c_series_2_1_4_178/examples/boards/ek-tm4c123gxl/drivers" --include_path="C:/ti/tivaware_c_series_2_1_4_178/examples/boards/ek-tm4c123gxl" --include_path="C:/ti/tivaware_c_series_2_1_4_178" --include_path="C:/ti/tivaware_c_series_2_1_4_178/examples/boards/ek-tm4c123gxl/drivers" --advice:power=all -g --gcc --define=ccs="ccs" --define=PART_TM4C123GH6PM --define=TARGET_IS_TM4C123_RB1 --diag_warning=225 --diag_wrap=off --display_error_number --gen_func_subsections=on --ual --preproc_with_compile --preproc_dependency="lab3.d_raw"  "../lab3.c"
"../lab3.c", line 117: remark #2623-D: (ULP 5.4) Detected an assignment to a type with size less than int. To avoid unnecessary sign extension, use int-sized types for local varaibles and convert to smaller types for static storage.
"../lab3.c", line 125: remark #1527-D: (ULP 2.1) Detected SW delay loop using empty loop. Recommend using a timer module instead
Finished building: "../lab3.c"
 
Building target: "lab3.out"
Invoking: ARM Linker
"C:/ti/ccsv8/tools/compiler/ti-cgt-arm_18.1.4.LTS/bin/armcl" -mv7M4 --code_state=16 --float_support=FPv4SPD16 --abi=eabi -me -O2 --advice:power=all -g --gcc --define=ccs="ccs" --define=PART_TM4C123GH6PM --define=TARGET_IS_TM4C123_RB1 --diag_warning=225 --diag_wrap=off --display_error_number --gen_func_subsections=on --ual -z -m"blinky_ccs.map" --stack_size=512 --heap_size=0 -i"C:/ti/ccsv8/tools/compiler/ti-cgt-arm_18.1.4.LTS/lib" -i"C:/ti/ccsv8/tools/compiler/ti-cgt-arm_18.1.4.LTS/include" --reread_libs --diag_wrap=off --display_error_number --warn_sections --xml_link_info="lab3_linkInfo.xml" --rom_model -o "lab3.out" "./buttons.obj" "./lab3.obj" "./startup_ccs.obj" "../blinky_ccs.cmd"  -llibc.a -l"C:/ti/tivaware_c_series_2_1_4_178/driverlib/ccs/Debug/driverlib.lib" 
<Linking>
remark #10371-D: (ULP 1.1) Detected no uses of low power mode state changing instructions
Finished building target: "lab3.out"
 
"C:/ti/ccsv8/utils/tiobj2bin/tiobj2bin" "lab3.out" "lab3.bin" "C:/ti/ccsv8/tools/compiler/ti-cgt-arm_18.1.4.LTS/bin/armofd" "C:/ti/ccsv8/tools/compiler/ti-cgt-arm_18.1.4.LTS/bin/armhex" "C:/ti/ccsv8/utils/tiobj2bin/mkhex4bin"
 

**** Build Finished ****

**** Build of configuration Debug for project lab3 ****

"C:\\ti\\ccsv8\\utils\\bin\\gmake" -k all 
 
gmake: Nothing to be done for 'all'.

**** Build Finished ****

**** Build of configuration Debug for project lab3 ****

"C:\\ti\\ccsv8\\utils\\bin\\gmake" -k all 
 
Building file: "../lab3.c"
Invoking: ARM Compiler
"C:/ti/ccsv8/tools/compiler/ti-cgt-arm_18.1.4.LTS/bin/armcl" -mv7M4 --code_state=16 --float_support=FPv4SPD16 --abi=eabi -me -O2 --include_path="C:/ti/ccsv8/tools/compiler/ti-cgt-arm_18.1.4.LTS/include" --include_path="C:/ti/tivaware_c_series_2_1_4_178/examples/boards/ek-tm4c123gxl/drivers" --include_path="C:/ti/tivaware_c_series_2_1_4_178/examples/boards/ek-tm4c123gxl" --include_path="C:/ti/tivaware_c_series_2_1_4_178" --include_path="C:/ti/tivaware_c_series_2_1_4_178/examples/boards/ek-tm4c123gxl/drivers" --advice:power=all -g --gcc --define=ccs="ccs" --define=PART_TM4C123GH6PM --define=TARGET_IS_TM4C123_RB1 --diag_warning=225 --diag_wrap=off --display_error_number --gen_func_subsections=on --ual --preproc_with_compile --preproc_dependency="lab3.d_raw"  "../lab3.c"
 
>> Compilation failure
subdir_rules.mk:16: recipe for target 'lab3.obj' failed
"../lab3.c", line 165: error #20: identifier "i" is undefined
"../lab3.c", line 182: remark #1527-D: (ULP 2.1) Detected SW delay loop using empty loop. Recommend using a timer module instead
1 error detected in the compilation of "../lab3.c".
gmake: *** [lab3.obj] Error 1
gmake: Target 'all' not remade because of errors.

**** Build Finished ****

**** Build of configuration Debug for project lab3 ****

"C:\\ti\\ccsv8\\utils\\bin\\gmake" -k all 
 
Building file: "../lab3.c"
Invoking: ARM Compiler
"C:/ti/ccsv8/tools/compiler/ti-cgt-arm_18.1.4.LTS/bin/armcl" -mv7M4 --code_state=16 --float_support=FPv4SPD16 --abi=eabi -me -O2 --include_path="C:/ti/ccsv8/tools/compiler/ti-cgt-arm_18.1.4.LTS/include" --include_path="C:/ti/tivaware_c_series_2_1_4_178/examples/boards/ek-tm4c123gxl/drivers" --include_path="C:/ti/tivaware_c_series_2_1_4_178/examples/boards/ek-tm4c123gxl" --include_path="C:/ti/tivaware_c_series_2_1_4_178" --include_path="C:/ti/tivaware_c_series_2_1_4_178/examples/boards/ek-tm4c123gxl/drivers" --advice:power=all -g --gcc --define=ccs="ccs" --define=PART_TM4C123GH6PM --define=TARGET_IS_TM4C123_RB1 --diag_warning=225 --diag_wrap=off --display_error_number --gen_func_subsections=on --ual --preproc_with_compile --preproc_dependency="lab3.d_raw"  "../lab3.c"
"../lab3.c", line 182: remark #1527-D: (ULP 2.1) Detected SW delay loop using empty loop. Recommend using a timer module instead
Finished building: "../lab3.c"
 
Building target: "lab3.out"
Invoking: ARM Linker
"C:/ti/ccsv8/tools/compiler/ti-cgt-arm_18.1.4.LTS/bin/armcl" -mv7M4 --code_state=16 --float_support=FPv4SPD16 --abi=eabi -me -O2 --advice:power=all -g --gcc --define=ccs="ccs" --define=PART_TM4C123GH6PM --define=TARGET_IS_TM4C123_RB1 --diag_warning=225 --diag_wrap=off --display_error_number --gen_func_subsections=on --ual -z -m"blinky_ccs.map" --stack_size=512 --heap_size=0 -i"C:/ti/ccsv8/tools/compiler/ti-cgt-arm_18.1.4.LTS/lib" -i"C:/ti/ccsv8/tools/compiler/ti-cgt-arm_18.1.4.LTS/include" --reread_libs --diag_wrap=off --display_error_number --warn_sections --xml_link_info="lab3_linkInfo.xml" --rom_model -o "lab3.out" "./buttons.obj" "./lab3.obj" "./startup_ccs.obj" "../blinky_ccs.cmd"  -llibc.a -l"C:/ti/tivaware_c_series_2_1_4_178/driverlib/ccs/Debug/driverlib.lib" 
<Linking>
remark #10371-D: (ULP 1.1) Detected no uses of low power mode state changing instructions
Finished building target: "lab3.out"
 
"C:/ti/ccsv8/utils/tiobj2bin/tiobj2bin" "lab3.out" "lab3.bin" "C:/ti/ccsv8/tools/compiler/ti-cgt-arm_18.1.4.LTS/bin/armofd" "C:/ti/ccsv8/tools/compiler/ti-cgt-arm_18.1.4.LTS/bin/armhex" "C:/ti/ccsv8/utils/tiobj2bin/mkhex4bin"
 

**** Build Finished ****

**** Build of configuration Debug for project lab3 ****

"C:\\ti\\ccsv8\\utils\\bin\\gmake" -k all 
 
Building file: "../lab3.c"
Invoking: ARM Compiler
"C:/ti/ccsv8/tools/compiler/ti-cgt-arm_18.1.4.LTS/bin/armcl" -mv7M4 --code_state=16 --float_support=FPv4SPD16 --abi=eabi -me -O2 --include_path="C:/ti/ccsv8/tools/compiler/ti-cgt-arm_18.1.4.LTS/include" --include_path="C:/ti/tivaware_c_series_2_1_4_178/examples/boards/ek-tm4c123gxl/drivers" --include_path="C:/ti/tivaware_c_series_2_1_4_178/examples/boards/ek-tm4c123gxl" --include_path="C:/ti/tivaware_c_series_2_1_4_178" --include_path="C:/ti/tivaware_c_series_2_1_4_178/examples/boards/ek-tm4c123gxl/drivers" --advice:power=all -g --gcc --define=ccs="ccs" --define=PART_TM4C123GH6PM --define=TARGET_IS_TM4C123_RB1 --diag_warning=225 --diag_wrap=off --display_error_number --gen_func_subsections=on --ual --preproc_with_compile --preproc_dependency="lab3.d_raw"  "../lab3.c"
 
>> Compilation failure
subdir_rules.mk:16: recipe for target 'lab3.obj' failed
"../lab3.c", line 164: error #527: a dependent statement may not be a declaration
"../lab3.c", line 169: error #20: identifier "state" is undefined
"../lab3.c", line 170: error #167: too few arguments in function call
"../lab3.c", line 166: remark #2623-D: (ULP 5.4) Detected an assignment to a type with size less than int. To avoid unnecessary sign extension, use int-sized types for local varaibles and convert to smaller types for static storage.
"../lab3.c", line 197: remark #1527-D: (ULP 2.1) Detected SW delay loop using empty loop. Recommend using a timer module instead
3 errors detected in the compilation of "../lab3.c".
gmake: *** [lab3.obj] Error 1
gmake: Target 'all' not remade because of errors.

**** Build Finished ****

**** Build of configuration Debug for project lab3 ****

"C:\\ti\\ccsv8\\utils\\bin\\gmake" -k all 
 
Building file: "../lab3.c"
Invoking: ARM Compiler
"C:/ti/ccsv8/tools/compiler/ti-cgt-arm_18.1.4.LTS/bin/armcl" -mv7M4 --code_state=16 --float_support=FPv4SPD16 --abi=eabi -me -O2 --include_path="C:/ti/ccsv8/tools/compiler/ti-cgt-arm_18.1.4.LTS/include" --include_path="C:/ti/tivaware_c_series_2_1_4_178/examples/boards/ek-tm4c123gxl/drivers" --include_path="C:/ti/tivaware_c_series_2_1_4_178/examples/boards/ek-tm4c123gxl" --include_path="C:/ti/tivaware_c_series_2_1_4_178" --include_path="C:/ti/tivaware_c_series_2_1_4_178/examples/boards/ek-tm4c123gxl/drivers" --advice:power=all -g --gcc --define=ccs="ccs" --define=PART_TM4C123GH6PM --define=TARGET_IS_TM4C123_RB1 --diag_warning=225 --diag_wrap=off --display_error_number --gen_func_subsections=on --ual --preproc_with_compile --preproc_dependency="lab3.d_raw"  "../lab3.c"
"../lab3.c", line 168: remark #2623-D: (ULP 5.4) Detected an assignment to a type with size less than int. To avoid unnecessary sign extension, use int-sized types for local varaibles and convert to smaller types for static storage.
"../lab3.c", line 199: remark #1527-D: (ULP 2.1) Detected SW delay loop using empty loop. Recommend using a timer module instead
Finished building: "../lab3.c"
 
Building target: "lab3.out"
Invoking: ARM Linker
"C:/ti/ccsv8/tools/compiler/ti-cgt-arm_18.1.4.LTS/bin/armcl" -mv7M4 --code_state=16 --float_support=FPv4SPD16 --abi=eabi -me -O2 --advice:power=all -g --gcc --define=ccs="ccs" --define=PART_TM4C123GH6PM --define=TARGET_IS_TM4C123_RB1 --diag_warning=225 --diag_wrap=off --display_error_number --gen_func_subsections=on --ual -z -m"blinky_ccs.map" --stack_size=512 --heap_size=0 -i"C:/ti/ccsv8/tools/compiler/ti-cgt-arm_18.1.4.LTS/lib" -i"C:/ti/ccsv8/tools/compiler/ti-cgt-arm_18.1.4.LTS/include" --reread_libs --diag_wrap=off --display_error_number --warn_sections --xml_link_info="lab3_linkInfo.xml" --rom_model -o "lab3.out" "./buttons.obj" "./lab3.obj" "./startup_ccs.obj" "../blinky_ccs.cmd"  -llibc.a -l"C:/ti/tivaware_c_series_2_1_4_178/driverlib/ccs/Debug/driverlib.lib" 
<Linking>
remark #10371-D: (ULP 1.1) Detected no uses of low power mode state changing instructions
Finished building target: "lab3.out"
 
"C:/ti/ccsv8/utils/tiobj2bin/tiobj2bin" "lab3.out" "lab3.bin" "C:/ti/ccsv8/tools/compiler/ti-cgt-arm_18.1.4.LTS/bin/armofd" "C:/ti/ccsv8/tools/compiler/ti-cgt-arm_18.1.4.LTS/bin/armhex" "C:/ti/ccsv8/utils/tiobj2bin/mkhex4bin"
 

**** Build Finished ****

**** Build of configuration Debug for project lab3 ****

"C:\\ti\\ccsv8\\utils\\bin\\gmake" -k all 
 
gmake: Nothing to be done for 'all'.

**** Build Finished ****

**** Build of configuration Debug for project lab3 ****

"C:\\ti\\ccsv8\\utils\\bin\\gmake" -k all 
 
Building file: "../lab3.c"
Invoking: ARM Compiler
"C:/ti/ccsv8/tools/compiler/ti-cgt-arm_18.1.4.LTS/bin/armcl" -mv7M4 --code_state=16 --float_support=FPv4SPD16 --abi=eabi -me -O2 --include_path="C:/ti/ccsv8/tools/compiler/ti-cgt-arm_18.1.4.LTS/include" --include_path="C:/ti/tivaware_c_series_2_1_4_178/examples/boards/ek-tm4c123gxl/drivers" --include_path="C:/ti/tivaware_c_series_2_1_4_178/examples/boards/ek-tm4c123gxl" --include_path="C:/ti/tivaware_c_series_2_1_4_178" --include_path="C:/ti/tivaware_c_series_2_1_4_178/examples/boards/ek-tm4c123gxl/drivers" --advice:power=all -g --gcc --define=ccs="ccs" --define=PART_TM4C123GH6PM --define=TARGET_IS_TM4C123_RB1 --diag_warning=225 --diag_wrap=off --display_error_number --gen_func_subsections=on --ual --preproc_with_compile --preproc_dependency="lab3.d_raw"  "../lab3.c"
"../lab3.c", line 166: remark #2623-D: (ULP 5.4) Detected an assignment to a type with size less than int. To avoid unnecessary sign extension, use int-sized types for local varaibles and convert to smaller types for static storage.
"../lab3.c", line 172: remark #2623-D: (ULP 5.4) Detected an assignment to a type with size less than int. To avoid unnecessary sign extension, use int-sized types for local varaibles and convert to smaller types for static storage.
"../lab3.c", line 176: remark #2623-D: (ULP 5.4) Detected an assignment to a type with size less than int. To avoid unnecessary sign extension, use int-sized types for local varaibles and convert to smaller types for static storage.
"../lab3.c", line 192: remark #1527-D: (ULP 2.1) Detected SW delay loop using empty loop. Recommend using a timer module instead
Finished building: "../lab3.c"
 
Building target: "lab3.out"
Invoking: ARM Linker
"C:/ti/ccsv8/tools/compiler/ti-cgt-arm_18.1.4.LTS/bin/armcl" -mv7M4 --code_state=16 --float_support=FPv4SPD16 --abi=eabi -me -O2 --advice:power=all -g --gcc --define=ccs="ccs" --define=PART_TM4C123GH6PM --define=TARGET_IS_TM4C123_RB1 --diag_warning=225 --diag_wrap=off --display_error_number --gen_func_subsections=on --ual -z -m"blinky_ccs.map" --stack_size=512 --heap_size=0 -i"C:/ti/ccsv8/tools/compiler/ti-cgt-arm_18.1.4.LTS/lib" -i"C:/ti/ccsv8/tools/compiler/ti-cgt-arm_18.1.4.LTS/include" --reread_libs --diag_wrap=off --display_error_number --warn_sections --xml_link_info="lab3_linkInfo.xml" --rom_model -o "lab3.out" "./buttons.obj" "./lab3.obj" "./startup_ccs.obj" "../blinky_ccs.cmd"  -llibc.a -l"C:/ti/tivaware_c_series_2_1_4_178/driverlib/ccs/Debug/driverlib.lib" 
<Linking>
remark #10371-D: (ULP 1.1) Detected no uses of low power mode state changing instructions
Finished building target: "lab3.out"
 
"C:/ti/ccsv8/utils/tiobj2bin/tiobj2bin" "lab3.out" "lab3.bin" "C:/ti/ccsv8/tools/compiler/ti-cgt-arm_18.1.4.LTS/bin/armofd" "C:/ti/ccsv8/tools/compiler/ti-cgt-arm_18.1.4.LTS/bin/armhex" "C:/ti/ccsv8/utils/tiobj2bin/mkhex4bin"
 

**** Build Finished ****

**** Build of configuration Debug for project lab3 ****

"C:\\ti\\ccsv8\\utils\\bin\\gmake" -k all 
 
gmake: Nothing to be done for 'all'.

**** Build Finished ****

**** Build of configuration Debug for project lab3 ****

"C:\\ti\\ccsv8\\utils\\bin\\gmake" -k all 
 
Building file: "../lab3.c"
Invoking: ARM Compiler
"C:/ti/ccsv8/tools/compiler/ti-cgt-arm_18.1.4.LTS/bin/armcl" -mv7M4 --code_state=16 --float_support=FPv4SPD16 --abi=eabi -me -O2 --include_path="C:/ti/ccsv8/tools/compiler/ti-cgt-arm_18.1.4.LTS/include" --include_path="C:/ti/tivaware_c_series_2_1_4_178/examples/boards/ek-tm4c123gxl/drivers" --include_path="C:/ti/tivaware_c_series_2_1_4_178/examples/boards/ek-tm4c123gxl" --include_path="C:/ti/tivaware_c_series_2_1_4_178" --include_path="C:/ti/tivaware_c_series_2_1_4_178/examples/boards/ek-tm4c123gxl/drivers" --advice:power=all -g --gcc --define=ccs="ccs" --define=PART_TM4C123GH6PM --define=TARGET_IS_TM4C123_RB1 --diag_warning=225 --diag_wrap=off --display_error_number --gen_func_subsections=on --ual --preproc_with_compile --preproc_dependency="lab3.d_raw"  "../lab3.c"
 
>> Compilation failure
subdir_rules.mk:16: recipe for target 'lab3.obj' failed
"../lab3.c", line 170: error #20: identifier "i" is undefined
"../lab3.c", line 157: warning #552-D: variable "value" was set but never used
"../lab3.c", line 166: remark #2623-D: (ULP 5.4) Detected an assignment to a type with size less than int. To avoid unnecessary sign extension, use int-sized types for local varaibles and convert to smaller types for static storage.
"../lab3.c", line 178: remark #1527-D: (ULP 2.1) Detected SW delay loop using empty loop. Recommend using a timer module instead
"../lab3.c", line 205: remark #1527-D: (ULP 2.1) Detected SW delay loop using empty loop. Recommend using a timer module instead
1 error detected in the compilation of "../lab3.c".
gmake: *** [lab3.obj] Error 1
gmake: Target 'all' not remade because of errors.

**** Build Finished ****

**** Build of configuration Debug for project lab3 ****

"C:\\ti\\ccsv8\\utils\\bin\\gmake" -k all 
 
Building file: "../lab3.c"
Invoking: ARM Compiler
"C:/ti/ccsv8/tools/compiler/ti-cgt-arm_18.1.4.LTS/bin/armcl" -mv7M4 --code_state=16 --float_support=FPv4SPD16 --abi=eabi -me -O2 --include_path="C:/ti/ccsv8/tools/compiler/ti-cgt-arm_18.1.4.LTS/include" --include_path="C:/ti/tivaware_c_series_2_1_4_178/examples/boards/ek-tm4c123gxl/drivers" --include_path="C:/ti/tivaware_c_series_2_1_4_178/examples/boards/ek-tm4c123gxl" --include_path="C:/ti/tivaware_c_series_2_1_4_178" --include_path="C:/ti/tivaware_c_series_2_1_4_178/examples/boards/ek-tm4c123gxl/drivers" --advice:power=all -g --gcc --define=ccs="ccs" --define=PART_TM4C123GH6PM --define=TARGET_IS_TM4C123_RB1 --diag_warning=225 --diag_wrap=off --display_error_number --gen_func_subsections=on --ual --preproc_with_compile --preproc_dependency="lab3.d_raw"  "../lab3.c"
"../lab3.c", line 157: warning #552-D: variable "value" was set but never used
"../lab3.c", line 167: remark #2623-D: (ULP 5.4) Detected an assignment to a type with size less than int. To avoid unnecessary sign extension, use int-sized types for local varaibles and convert to smaller types for static storage.
"../lab3.c", line 171: remark #2623-D: (ULP 5.4) Detected an assignment to a type with size less than int. To avoid unnecessary sign extension, use int-sized types for local varaibles and convert to smaller types for static storage.
"../lab3.c", line 179: remark #1527-D: (ULP 2.1) Detected SW delay loop using empty loop. Recommend using a timer module instead
"../lab3.c", line 206: remark #1527-D: (ULP 2.1) Detected SW delay loop using empty loop. Recommend using a timer module instead
Finished building: "../lab3.c"
 
Building target: "lab3.out"
Invoking: ARM Linker
"C:/ti/ccsv8/tools/compiler/ti-cgt-arm_18.1.4.LTS/bin/armcl" -mv7M4 --code_state=16 --float_support=FPv4SPD16 --abi=eabi -me -O2 --advice:power=all -g --gcc --define=ccs="ccs" --define=PART_TM4C123GH6PM --define=TARGET_IS_TM4C123_RB1 --diag_warning=225 --diag_wrap=off --display_error_number --gen_func_subsections=on --ual -z -m"blinky_ccs.map" --stack_size=512 --heap_size=0 -i"C:/ti/ccsv8/tools/compiler/ti-cgt-arm_18.1.4.LTS/lib" -i"C:/ti/ccsv8/tools/compiler/ti-cgt-arm_18.1.4.LTS/include" --reread_libs --diag_wrap=off --display_error_number --warn_sections --xml_link_info="lab3_linkInfo.xml" --rom_model -o "lab3.out" "./buttons.obj" "./lab3.obj" "./startup_ccs.obj" "../blinky_ccs.cmd"  -llibc.a -l"C:/ti/tivaware_c_series_2_1_4_178/driverlib/ccs/Debug/driverlib.lib" 
<Linking>
remark #10371-D: (ULP 1.1) Detected no uses of low power mode state changing instructions
Finished building target: "lab3.out"
 
"C:/ti/ccsv8/utils/tiobj2bin/tiobj2bin" "lab3.out" "lab3.bin" "C:/ti/ccsv8/tools/compiler/ti-cgt-arm_18.1.4.LTS/bin/armofd" "C:/ti/ccsv8/tools/compiler/ti-cgt-arm_18.1.4.LTS/bin/armhex" "C:/ti/ccsv8/utils/tiobj2bin/mkhex4bin"
 

**** Build Finished ****

**** Build of configuration Debug for project lab3 ****

"C:\\ti\\ccsv8\\utils\\bin\\gmake" -k all 
 
gmake: Nothing to be done for 'all'.

**** Build Finished ****

**** Build of configuration Debug for project lab3 ****

"C:\\ti\\ccsv8\\utils\\bin\\gmake" -k all 
 
Building file: "../lab3.c"
Invoking: ARM Compiler
"C:/ti/ccsv8/tools/compiler/ti-cgt-arm_18.1.4.LTS/bin/armcl" -mv7M4 --code_state=16 --float_support=FPv4SPD16 --abi=eabi -me -O2 --include_path="C:/ti/ccsv8/tools/compiler/ti-cgt-arm_18.1.4.LTS/include" --include_path="C:/ti/tivaware_c_series_2_1_4_178/examples/boards/ek-tm4c123gxl/drivers" --include_path="C:/ti/tivaware_c_series_2_1_4_178/examples/boards/ek-tm4c123gxl" --include_path="C:/ti/tivaware_c_series_2_1_4_178" --include_path="C:/ti/tivaware_c_series_2_1_4_178/examples/boards/ek-tm4c123gxl/drivers" --advice:power=all -g --gcc --define=ccs="ccs" --define=PART_TM4C123GH6PM --define=TARGET_IS_TM4C123_RB1 --diag_warning=225 --diag_wrap=off --display_error_number --gen_func_subsections=on --ual --preproc_with_compile --preproc_dependency="lab3.d_raw"  "../lab3.c"
"../lab3.c", line 157: warning #552-D: variable "value" was set but never used
"../lab3.c", line 167: remark #2623-D: (ULP 5.4) Detected an assignment to a type with size less than int. To avoid unnecessary sign extension, use int-sized types for local varaibles and convert to smaller types for static storage.
"../lab3.c", line 171: remark #2623-D: (ULP 5.4) Detected an assignment to a type with size less than int. To avoid unnecessary sign extension, use int-sized types for local varaibles and convert to smaller types for static storage.
"../lab3.c", line 179: remark #1527-D: (ULP 2.1) Detected SW delay loop using empty loop. Recommend using a timer module instead
"../lab3.c", line 206: remark #1527-D: (ULP 2.1) Detected SW delay loop using empty loop. Recommend using a timer module instead
Finished building: "../lab3.c"
 
Building target: "lab3.out"
Invoking: ARM Linker
"C:/ti/ccsv8/tools/compiler/ti-cgt-arm_18.1.4.LTS/bin/armcl" -mv7M4 --code_state=16 --float_support=FPv4SPD16 --abi=eabi -me -O2 --advice:power=all -g --gcc --define=ccs="ccs" --define=PART_TM4C123GH6PM --define=TARGET_IS_TM4C123_RB1 --diag_warning=225 --diag_wrap=off --display_error_number --gen_func_subsections=on --ual -z -m"blinky_ccs.map" --stack_size=512 --heap_size=0 -i"C:/ti/ccsv8/tools/compiler/ti-cgt-arm_18.1.4.LTS/lib" -i"C:/ti/ccsv8/tools/compiler/ti-cgt-arm_18.1.4.LTS/include" --reread_libs --diag_wrap=off --display_error_number --warn_sections --xml_link_info="lab3_linkInfo.xml" --rom_model -o "lab3.out" "./buttons.obj" "./lab3.obj" "./startup_ccs.obj" "../blinky_ccs.cmd"  -llibc.a -l"C:/ti/tivaware_c_series_2_1_4_178/driverlib/ccs/Debug/driverlib.lib" 
<Linking>
remark #10371-D: (ULP 1.1) Detected no uses of low power mode state changing instructions
Finished building target: "lab3.out"
 
"C:/ti/ccsv8/utils/tiobj2bin/tiobj2bin" "lab3.out" "lab3.bin" "C:/ti/ccsv8/tools/compiler/ti-cgt-arm_18.1.4.LTS/bin/armofd" "C:/ti/ccsv8/tools/compiler/ti-cgt-arm_18.1.4.LTS/bin/armhex" "C:/ti/ccsv8/utils/tiobj2bin/mkhex4bin"
 

**** Build Finished ****

**** Build of configuration Debug for project lab3 ****

"C:\\ti\\ccsv8\\utils\\bin\\gmake" -k all 
 
gmake: Nothing to be done for 'all'.

**** Build Finished ****

**** Build of configuration Debug for project lab3 ****

"C:\\ti\\ccsv8\\utils\\bin\\gmake" -k all 
 
Building file: "../lab3.c"
Invoking: ARM Compiler
"C:/ti/ccsv8/tools/compiler/ti-cgt-arm_18.1.4.LTS/bin/armcl" -mv7M4 --code_state=16 --float_support=FPv4SPD16 --abi=eabi -me -O2 --include_path="C:/ti/ccsv8/tools/compiler/ti-cgt-arm_18.1.4.LTS/include" --include_path="C:/ti/tivaware_c_series_2_1_4_178/examples/boards/ek-tm4c123gxl/drivers" --include_path="C:/ti/tivaware_c_series_2_1_4_178/examples/boards/ek-tm4c123gxl" --include_path="C:/ti/tivaware_c_series_2_1_4_178" --include_path="C:/ti/tivaware_c_series_2_1_4_178/examples/boards/ek-tm4c123gxl/drivers" --advice:power=all -g --gcc --define=ccs="ccs" --define=PART_TM4C123GH6PM --define=TARGET_IS_TM4C123_RB1 --diag_warning=225 --diag_wrap=off --display_error_number --gen_func_subsections=on --ual --preproc_with_compile --preproc_dependency="lab3.d_raw"  "../lab3.c"
"../lab3.c", line 157: warning #552-D: variable "value" was set but never used
"../lab3.c", line 167: remark #2623-D: (ULP 5.4) Detected an assignment to a type with size less than int. To avoid unnecessary sign extension, use int-sized types for local varaibles and convert to smaller types for static storage.
"../lab3.c", line 171: remark #2623-D: (ULP 5.4) Detected an assignment to a type with size less than int. To avoid unnecessary sign extension, use int-sized types for local varaibles and convert to smaller types for static storage.
"../lab3.c", line 179: remark #1527-D: (ULP 2.1) Detected SW delay loop using empty loop. Recommend using a timer module instead
"../lab3.c", line 206: remark #1527-D: (ULP 2.1) Detected SW delay loop using empty loop. Recommend using a timer module instead
Finished building: "../lab3.c"
 
Building target: "lab3.out"
Invoking: ARM Linker
"C:/ti/ccsv8/tools/compiler/ti-cgt-arm_18.1.4.LTS/bin/armcl" -mv7M4 --code_state=16 --float_support=FPv4SPD16 --abi=eabi -me -O2 --advice:power=all -g --gcc --define=ccs="ccs" --define=PART_TM4C123GH6PM --define=TARGET_IS_TM4C123_RB1 --diag_warning=225 --diag_wrap=off --display_error_number --gen_func_subsections=on --ual -z -m"blinky_ccs.map" --stack_size=512 --heap_size=0 -i"C:/ti/ccsv8/tools/compiler/ti-cgt-arm_18.1.4.LTS/lib" -i"C:/ti/ccsv8/tools/compiler/ti-cgt-arm_18.1.4.LTS/include" --reread_libs --diag_wrap=off --display_error_number --warn_sections --xml_link_info="lab3_linkInfo.xml" --rom_model -o "lab3.out" "./buttons.obj" "./lab3.obj" "./startup_ccs.obj" "../blinky_ccs.cmd"  -llibc.a -l"C:/ti/tivaware_c_series_2_1_4_178/driverlib/ccs/Debug/driverlib.lib" 
<Linking>
remark #10371-D: (ULP 1.1) Detected no uses of low power mode state changing instructions
Finished building target: "lab3.out"
 
"C:/ti/ccsv8/utils/tiobj2bin/tiobj2bin" "lab3.out" "lab3.bin" "C:/ti/ccsv8/tools/compiler/ti-cgt-arm_18.1.4.LTS/bin/armofd" "C:/ti/ccsv8/tools/compiler/ti-cgt-arm_18.1.4.LTS/bin/armhex" "C:/ti/ccsv8/utils/tiobj2bin/mkhex4bin"
 

**** Build Finished ****

**** Build of configuration Debug for project lab3 ****

"C:\\ti\\ccsv8\\utils\\bin\\gmake" -k all 
 
gmake: Nothing to be done for 'all'.

**** Build Finished ****

**** Build of configuration Debug for project lab3 ****

"C:\\ti\\ccsv8\\utils\\bin\\gmake" -k all 
 
Building file: "../lab3.c"
Invoking: ARM Compiler
"C:/ti/ccsv8/tools/compiler/ti-cgt-arm_18.1.4.LTS/bin/armcl" -mv7M4 --code_state=16 --float_support=FPv4SPD16 --abi=eabi -me -O2 --include_path="C:/ti/ccsv8/tools/compiler/ti-cgt-arm_18.1.4.LTS/include" --include_path="C:/ti/tivaware_c_series_2_1_4_178/examples/boards/ek-tm4c123gxl/drivers" --include_path="C:/ti/tivaware_c_series_2_1_4_178/examples/boards/ek-tm4c123gxl" --include_path="C:/ti/tivaware_c_series_2_1_4_178" --include_path="C:/ti/tivaware_c_series_2_1_4_178/examples/boards/ek-tm4c123gxl/drivers" --advice:power=all -g --gcc --define=ccs="ccs" --define=PART_TM4C123GH6PM --define=TARGET_IS_TM4C123_RB1 --diag_warning=225 --diag_wrap=off --display_error_number --gen_func_subsections=on --ual --preproc_with_compile --preproc_dependency="lab3.d_raw"  "../lab3.c"
 
>> Compilation failure
subdir_rules.mk:16: recipe for target 'lab3.obj' failed
"../lab3.c", line 170: error #20: identifier "value" is undefined
"../lab3.c", line 171: error #66: expected a ";"
"../lab3.c", line 183: warning #12-D: parsing restarts here after previous syntax error
"../lab3.c", line 211: remark #1527-D: (ULP 2.1) Detected SW delay loop using empty loop. Recommend using a timer module instead
2 errors detected in the compilation of "../lab3.c".
gmake: *** [lab3.obj] Error 1
gmake: Target 'all' not remade because of errors.

**** Build Finished ****

**** Build of configuration Debug for project lab3 ****

"C:\\ti\\ccsv8\\utils\\bin\\gmake" -k all 
 
Building file: "../lab3.c"
Invoking: ARM Compiler
"C:/ti/ccsv8/tools/compiler/ti-cgt-arm_18.1.4.LTS/bin/armcl" -mv7M4 --code_state=16 --float_support=FPv4SPD16 --abi=eabi -me -O2 --include_path="C:/ti/ccsv8/tools/compiler/ti-cgt-arm_18.1.4.LTS/include" --include_path="C:/ti/tivaware_c_series_2_1_4_178/examples/boards/ek-tm4c123gxl/drivers" --include_path="C:/ti/tivaware_c_series_2_1_4_178/examples/boards/ek-tm4c123gxl" --include_path="C:/ti/tivaware_c_series_2_1_4_178" --include_path="C:/ti/tivaware_c_series_2_1_4_178/examples/boards/ek-tm4c123gxl/drivers" --advice:power=all -g --gcc --define=ccs="ccs" --define=PART_TM4C123GH6PM --define=TARGET_IS_TM4C123_RB1 --diag_warning=225 --diag_wrap=off --display_error_number --gen_func_subsections=on --ual --preproc_with_compile --preproc_dependency="lab3.d_raw"  "../lab3.c"
"../lab3.c", line 211: remark #1527-D: (ULP 2.1) Detected SW delay loop using empty loop. Recommend using a timer module instead
Finished building: "../lab3.c"
 
Building target: "lab3.out"
Invoking: ARM Linker
"C:/ti/ccsv8/tools/compiler/ti-cgt-arm_18.1.4.LTS/bin/armcl" -mv7M4 --code_state=16 --float_support=FPv4SPD16 --abi=eabi -me -O2 --advice:power=all -g --gcc --define=ccs="ccs" --define=PART_TM4C123GH6PM --define=TARGET_IS_TM4C123_RB1 --diag_warning=225 --diag_wrap=off --display_error_number --gen_func_subsections=on --ual -z -m"blinky_ccs.map" --stack_size=512 --heap_size=0 -i"C:/ti/ccsv8/tools/compiler/ti-cgt-arm_18.1.4.LTS/lib" -i"C:/ti/ccsv8/tools/compiler/ti-cgt-arm_18.1.4.LTS/include" --reread_libs --diag_wrap=off --display_error_number --warn_sections --xml_link_info="lab3_linkInfo.xml" --rom_model -o "lab3.out" "./buttons.obj" "./lab3.obj" "./startup_ccs.obj" "../blinky_ccs.cmd"  -llibc.a -l"C:/ti/tivaware_c_series_2_1_4_178/driverlib/ccs/Debug/driverlib.lib" 
<Linking>
remark #10371-D: (ULP 1.1) Detected no uses of low power mode state changing instructions
Finished building target: "lab3.out"
 
"C:/ti/ccsv8/utils/tiobj2bin/tiobj2bin" "lab3.out" "lab3.bin" "C:/ti/ccsv8/tools/compiler/ti-cgt-arm_18.1.4.LTS/bin/armofd" "C:/ti/ccsv8/tools/compiler/ti-cgt-arm_18.1.4.LTS/bin/armhex" "C:/ti/ccsv8/utils/tiobj2bin/mkhex4bin"
 

**** Build Finished ****

**** Build of configuration Debug for project lab3 ****

"C:\\ti\\ccsv8\\utils\\bin\\gmake" -k all 
 
gmake: Nothing to be done for 'all'.

**** Build Finished ****

**** Build of configuration Debug for project lab3 ****

"C:\\ti\\ccsv8\\utils\\bin\\gmake" -k all 
 
gmake: Nothing to be done for 'all'.

**** Build Finished ****

**** Build of configuration Debug for project lab3 ****

"C:\\ti\\ccsv8\\utils\\bin\\gmake" -k all 
 
Building file: "../lab3.c"
Invoking: ARM Compiler
"C:/ti/ccsv8/tools/compiler/ti-cgt-arm_18.1.4.LTS/bin/armcl" -mv7M4 --code_state=16 --float_support=FPv4SPD16 --abi=eabi -me -O2 --include_path="C:/ti/ccsv8/tools/compiler/ti-cgt-arm_18.1.4.LTS/include" --include_path="C:/ti/tivaware_c_series_2_1_4_178/examples/boards/ek-tm4c123gxl/drivers" --include_path="C:/ti/tivaware_c_series_2_1_4_178/examples/boards/ek-tm4c123gxl" --include_path="C:/ti/tivaware_c_series_2_1_4_178" --include_path="C:/ti/tivaware_c_series_2_1_4_178/examples/boards/ek-tm4c123gxl/drivers" --advice:power=all -g --gcc --define=ccs="ccs" --define=PART_TM4C123GH6PM --define=TARGET_IS_TM4C123_RB1 --diag_warning=225 --diag_wrap=off --display_error_number --gen_func_subsections=on --ual --preproc_with_compile --preproc_dependency="lab3.d_raw"  "../lab3.c"
"../lab3.c", line 215: remark #1527-D: (ULP 2.1) Detected SW delay loop using empty loop. Recommend using a timer module instead
Finished building: "../lab3.c"
 
Building target: "lab3.out"
Invoking: ARM Linker
"C:/ti/ccsv8/tools/compiler/ti-cgt-arm_18.1.4.LTS/bin/armcl" -mv7M4 --code_state=16 --float_support=FPv4SPD16 --abi=eabi -me -O2 --advice:power=all -g --gcc --define=ccs="ccs" --define=PART_TM4C123GH6PM --define=TARGET_IS_TM4C123_RB1 --diag_warning=225 --diag_wrap=off --display_error_number --gen_func_subsections=on --ual -z -m"blinky_ccs.map" --stack_size=512 --heap_size=0 -i"C:/ti/ccsv8/tools/compiler/ti-cgt-arm_18.1.4.LTS/lib" -i"C:/ti/ccsv8/tools/compiler/ti-cgt-arm_18.1.4.LTS/include" --reread_libs --diag_wrap=off --display_error_number --warn_sections --xml_link_info="lab3_linkInfo.xml" --rom_model -o "lab3.out" "./buttons.obj" "./lab3.obj" "./startup_ccs.obj" "../blinky_ccs.cmd"  -llibc.a -l"C:/ti/tivaware_c_series_2_1_4_178/driverlib/ccs/Debug/driverlib.lib" 
<Linking>
remark #10371-D: (ULP 1.1) Detected no uses of low power mode state changing instructions
Finished building target: "lab3.out"
 
"C:/ti/ccsv8/utils/tiobj2bin/tiobj2bin" "lab3.out" "lab3.bin" "C:/ti/ccsv8/tools/compiler/ti-cgt-arm_18.1.4.LTS/bin/armofd" "C:/ti/ccsv8/tools/compiler/ti-cgt-arm_18.1.4.LTS/bin/armhex" "C:/ti/ccsv8/utils/tiobj2bin/mkhex4bin"
 

**** Build Finished ****

**** Build of configuration Debug for project lab3 ****

"C:\\ti\\ccsv8\\utils\\bin\\gmake" -k all 
 
Building file: "../lab3.c"
Invoking: ARM Compiler
"C:/ti/ccsv8/tools/compiler/ti-cgt-arm_18.1.4.LTS/bin/armcl" -mv7M4 --code_state=16 --float_support=FPv4SPD16 --abi=eabi -me -O2 --include_path="C:/ti/ccsv8/tools/compiler/ti-cgt-arm_18.1.4.LTS/include" --include_path="C:/ti/tivaware_c_series_2_1_4_178/examples/boards/ek-tm4c123gxl/drivers" --include_path="C:/ti/tivaware_c_series_2_1_4_178/examples/boards/ek-tm4c123gxl" --include_path="C:/ti/tivaware_c_series_2_1_4_178" --include_path="C:/ti/tivaware_c_series_2_1_4_178/examples/boards/ek-tm4c123gxl/drivers" --advice:power=all -g --gcc --define=ccs="ccs" --define=PART_TM4C123GH6PM --define=TARGET_IS_TM4C123_RB1 --diag_warning=225 --diag_wrap=off --display_error_number --gen_func_subsections=on --ual --preproc_with_compile --preproc_dependency="lab3.d_raw"  "../lab3.c"
"../lab3.c", line 215: remark #1527-D: (ULP 2.1) Detected SW delay loop using empty loop. Recommend using a timer module instead
Finished building: "../lab3.c"
 
Building target: "lab3.out"
Invoking: ARM Linker
"C:/ti/ccsv8/tools/compiler/ti-cgt-arm_18.1.4.LTS/bin/armcl" -mv7M4 --code_state=16 --float_support=FPv4SPD16 --abi=eabi -me -O2 --advice:power=all -g --gcc --define=ccs="ccs" --define=PART_TM4C123GH6PM --define=TARGET_IS_TM4C123_RB1 --diag_warning=225 --diag_wrap=off --display_error_number --gen_func_subsections=on --ual -z -m"blinky_ccs.map" --stack_size=512 --heap_size=0 -i"C:/ti/ccsv8/tools/compiler/ti-cgt-arm_18.1.4.LTS/lib" -i"C:/ti/ccsv8/tools/compiler/ti-cgt-arm_18.1.4.LTS/include" --reread_libs --diag_wrap=off --display_error_number --warn_sections --xml_link_info="lab3_linkInfo.xml" --rom_model -o "lab3.out" "./buttons.obj" "./lab3.obj" "./startup_ccs.obj" "../blinky_ccs.cmd"  -llibc.a -l"C:/ti/tivaware_c_series_2_1_4_178/driverlib/ccs/Debug/driverlib.lib" 
<Linking>
remark #10371-D: (ULP 1.1) Detected no uses of low power mode state changing instructions
Finished building target: "lab3.out"
 
"C:/ti/ccsv8/utils/tiobj2bin/tiobj2bin" "lab3.out" "lab3.bin" "C:/ti/ccsv8/tools/compiler/ti-cgt-arm_18.1.4.LTS/bin/armofd" "C:/ti/ccsv8/tools/compiler/ti-cgt-arm_18.1.4.LTS/bin/armhex" "C:/ti/ccsv8/utils/tiobj2bin/mkhex4bin"
 

**** Build Finished ****

**** Build of configuration Debug for project lab3 ****

"C:\\ti\\ccsv8\\utils\\bin\\gmake" -k all 
 
gmake: Nothing to be done for 'all'.

**** Build Finished ****

**** Build of configuration Debug for project lab3 ****

"C:\\ti\\ccsv8\\utils\\bin\\gmake" -k all 
 
Building file: "../lab3.c"
Invoking: ARM Compiler
"C:/ti/ccsv8/tools/compiler/ti-cgt-arm_18.1.4.LTS/bin/armcl" -mv7M4 --code_state=16 --float_support=FPv4SPD16 --abi=eabi -me -O2 --include_path="C:/ti/ccsv8/tools/compiler/ti-cgt-arm_18.1.4.LTS/include" --include_path="C:/ti/tivaware_c_series_2_1_4_178/examples/boards/ek-tm4c123gxl/drivers" --include_path="C:/ti/tivaware_c_series_2_1_4_178/examples/boards/ek-tm4c123gxl" --include_path="C:/ti/tivaware_c_series_2_1_4_178" --include_path="C:/ti/tivaware_c_series_2_1_4_178/examples/boards/ek-tm4c123gxl/drivers" --advice:power=all -g --gcc --define=ccs="ccs" --define=PART_TM4C123GH6PM --define=TARGET_IS_TM4C123_RB1 --diag_warning=225 --diag_wrap=off --display_error_number --gen_func_subsections=on --ual --preproc_with_compile --preproc_dependency="lab3.d_raw"  "../lab3.c"
"../lab3.c", line 87: remark #1527-D: (ULP 2.1) Detected SW delay loop using empty loop. Recommend using a timer module instead
Finished building: "../lab3.c"
 
Building target: "lab3.out"
Invoking: ARM Linker
"C:/ti/ccsv8/tools/compiler/ti-cgt-arm_18.1.4.LTS/bin/armcl" -mv7M4 --code_state=16 --float_support=FPv4SPD16 --abi=eabi -me -O2 --advice:power=all -g --gcc --define=ccs="ccs" --define=PART_TM4C123GH6PM --define=TARGET_IS_TM4C123_RB1 --diag_warning=225 --diag_wrap=off --display_error_number --gen_func_subsections=on --ual -z -m"blinky_ccs.map" --stack_size=512 --heap_size=0 -i"C:/ti/ccsv8/tools/compiler/ti-cgt-arm_18.1.4.LTS/lib" -i"C:/ti/ccsv8/tools/compiler/ti-cgt-arm_18.1.4.LTS/include" --reread_libs --diag_wrap=off --display_error_number --warn_sections --xml_link_info="lab3_linkInfo.xml" --rom_model -o "lab3.out" "./buttons.obj" "./lab3.obj" "./startup_ccs.obj" "../blinky_ccs.cmd"  -llibc.a -l"C:/ti/tivaware_c_series_2_1_4_178/driverlib/ccs/Debug/driverlib.lib" 
<Linking>
remark #10371-D: (ULP 1.1) Detected no uses of low power mode state changing instructions
Finished building target: "lab3.out"
 
"C:/ti/ccsv8/utils/tiobj2bin/tiobj2bin" "lab3.out" "lab3.bin" "C:/ti/ccsv8/tools/compiler/ti-cgt-arm_18.1.4.LTS/bin/armofd" "C:/ti/ccsv8/tools/compiler/ti-cgt-arm_18.1.4.LTS/bin/armhex" "C:/ti/ccsv8/utils/tiobj2bin/mkhex4bin"
 

**** Build Finished ****

**** Clean-only build of configuration Debug for project lab4 ****

"C:\\ti\\ccsv8\\utils\\bin\\gmake" -k clean 
 
DEL /F  "lab4.bin"  "lab4.out" 
DEL /F "buttons.obj" "lab2.obj" "startup_ccs.obj" 
DEL /F "buttons.d" "lab2.d" "startup_ccs.d" 
Could Not Find C:\Users\degme\workspace_v8\lab4\Debug\lab4.bin
Finished clean
 

**** Build Finished ****

**** Build of configuration Debug for project lab4 ****

"C:\\ti\\ccsv8\\utils\\bin\\gmake" -k all 
 
Building file: "C:/ti/tivaware_c_series_2_1_4_178/examples/boards/ek-tm4c123gxl/drivers/buttons.c"
Invoking: ARM Compiler
"C:/ti/ccsv8/tools/compiler/ti-cgt-arm_18.1.4.LTS/bin/armcl" -mv7M4 --code_state=16 --float_support=FPv4SPD16 --abi=eabi -me -O2 --include_path="C:/ti/ccsv8/tools/compiler/ti-cgt-arm_18.1.4.LTS/include" --include_path="C:/ti/tivaware_c_series_2_1_4_178/examples/boards/ek-tm4c123gxl/drivers" --include_path="C:/ti/tivaware_c_series_2_1_4_178/examples/boards/ek-tm4c123gxl" --include_path="C:/ti/tivaware_c_series_2_1_4_178" --include_path="C:/ti/tivaware_c_series_2_1_4_178/examples/boards/ek-tm4c123gxl/drivers" --advice:power=all -g --gcc --define=ccs="ccs" --define=PART_TM4C123GH6PM --define=TARGET_IS_TM4C123_RB1 --diag_warning=225 --diag_wrap=off --display_error_number --gen_func_subsections=on --ual --preproc_with_compile --preproc_dependency="buttons.d_raw"  "C:/ti/tivaware_c_series_2_1_4_178/examples/boards/ek-tm4c123gxl/drivers/buttons.c"
Finished building: "C:/ti/tivaware_c_series_2_1_4_178/examples/boards/ek-tm4c123gxl/drivers/buttons.c"
 
Building file: "../lab4.c"
Invoking: ARM Compiler
"C:/ti/ccsv8/tools/compiler/ti-cgt-arm_18.1.4.LTS/bin/armcl" -mv7M4 --code_state=16 --float_support=FPv4SPD16 --abi=eabi -me -O2 --include_path="C:/ti/ccsv8/tools/compiler/ti-cgt-arm_18.1.4.LTS/include" --include_path="C:/ti/tivaware_c_series_2_1_4_178/examples/boards/ek-tm4c123gxl/drivers" --include_path="C:/ti/tivaware_c_series_2_1_4_178/examples/boards/ek-tm4c123gxl" --include_path="C:/ti/tivaware_c_series_2_1_4_178" --include_path="C:/ti/tivaware_c_series_2_1_4_178/examples/boards/ek-tm4c123gxl/drivers" --advice:power=all -g --gcc --define=ccs="ccs" --define=PART_TM4C123GH6PM --define=TARGET_IS_TM4C123_RB1 --diag_warning=225 --diag_wrap=off --display_error_number --gen_func_subsections=on --ual --preproc_with_compile --preproc_dependency="lab4.d_raw"  "../lab4.c"
"../lab4.c", line 41: warning #179-D: variable "buttonState" was declared but never referenced
Finished building: "../lab4.c"
 
Building file: "../startup_ccs.c"
Invoking: ARM Compiler
"C:/ti/ccsv8/tools/compiler/ti-cgt-arm_18.1.4.LTS/bin/armcl" -mv7M4 --code_state=16 --float_support=FPv4SPD16 --abi=eabi -me -O2 --include_path="C:/ti/ccsv8/tools/compiler/ti-cgt-arm_18.1.4.LTS/include" --include_path="C:/ti/tivaware_c_series_2_1_4_178/examples/boards/ek-tm4c123gxl/drivers" --include_path="C:/ti/tivaware_c_series_2_1_4_178/examples/boards/ek-tm4c123gxl" --include_path="C:/ti/tivaware_c_series_2_1_4_178" --include_path="C:/ti/tivaware_c_series_2_1_4_178/examples/boards/ek-tm4c123gxl/drivers" --advice:power=all -g --gcc --define=ccs="ccs" --define=PART_TM4C123GH6PM --define=TARGET_IS_TM4C123_RB1 --diag_warning=225 --diag_wrap=off --display_error_number --gen_func_subsections=on --ual --preproc_with_compile --preproc_dependency="startup_ccs.d_raw"  "../startup_ccs.c"
"../startup_ccs.c", line 256: remark #1527-D: (ULP 2.1) Detected SW delay loop using empty loop. Recommend using a timer module instead
"../startup_ccs.c", line 274: remark #1527-D: (ULP 2.1) Detected SW delay loop using empty loop. Recommend using a timer module instead
"../startup_ccs.c", line 292: remark #1527-D: (ULP 2.1) Detected SW delay loop using empty loop. Recommend using a timer module instead
Finished building: "../startup_ccs.c"
 
Building target: "lab4.out"
Invoking: ARM Linker
"C:/ti/ccsv8/tools/compiler/ti-cgt-arm_18.1.4.LTS/bin/armcl" -mv7M4 --code_state=16 --float_support=FPv4SPD16 --abi=eabi -me -O2 --advice:power=all -g --gcc --define=ccs="ccs" --define=PART_TM4C123GH6PM --define=TARGET_IS_TM4C123_RB1 --diag_warning=225 --diag_wrap=off --display_error_number --gen_func_subsections=on --ual -z -m"blinky_ccs.map" --stack_size=512 --heap_size=0 -i"C:/ti/ccsv8/tools/compiler/ti-cgt-arm_18.1.4.LTS/lib" -i"C:/ti/ccsv8/tools/compiler/ti-cgt-arm_18.1.4.LTS/include" --reread_libs --diag_wrap=off --display_error_number --warn_sections --xml_link_info="lab4_linkInfo.xml" --rom_model -o "lab4.out" "./buttons.obj" "./lab4.obj" "./startup_ccs.obj" "../blinky_ccs.cmd"  -llibc.a -l"C:/ti/tivaware_c_series_2_1_4_178/driverlib/ccs/Debug/driverlib.lib" 
<Linking>
remark #10371-D: (ULP 1.1) Detected no uses of low power mode state changing instructions
Finished building target: "lab4.out"
 
"C:/ti/ccsv8/utils/tiobj2bin/tiobj2bin" "lab4.out" "lab4.bin" "C:/ti/ccsv8/tools/compiler/ti-cgt-arm_18.1.4.LTS/bin/armofd" "C:/ti/ccsv8/tools/compiler/ti-cgt-arm_18.1.4.LTS/bin/armhex" "C:/ti/ccsv8/utils/tiobj2bin/mkhex4bin"
 

**** Build Finished ****

**** Build of configuration Debug for project lab4 ****

"C:\\ti\\ccsv8\\utils\\bin\\gmake" -k all 
 
gmake: Nothing to be done for 'all'.

**** Build Finished ****

**** Build of configuration Debug for project lab4 ****

"C:\\ti\\ccsv8\\utils\\bin\\gmake" -k all 
 
gmake: Nothing to be done for 'all'.

**** Build Finished ****

**** Build of configuration Debug for project lab4 ****

"C:\\ti\\ccsv8\\utils\\bin\\gmake" -k all 
 
gmake: Nothing to be done for 'all'.

**** Build Finished ****

**** Build of configuration Debug for project lab4 ****

"C:\\ti\\ccsv8\\utils\\bin\\gmake" -k all 
 
gmake: Nothing to be done for 'all'.

**** Build Finished ****

**** Build of configuration Debug for project lab4 ****

"C:\\ti\\ccsv8\\utils\\bin\\gmake" -k all 
 
gmake: Nothing to be done for 'all'.

**** Build Finished ****

**** Build of configuration Debug for project lab4 ****

"C:\\ti\\ccsv8\\utils\\bin\\gmake" -k all 
 
Building file: "../lab4.c"
Invoking: ARM Compiler
"C:/ti/ccsv8/tools/compiler/ti-cgt-arm_18.1.4.LTS/bin/armcl" -mv7M4 --code_state=16 --float_support=FPv4SPD16 --abi=eabi -me -O2 --include_path="C:/ti/ccsv8/tools/compiler/ti-cgt-arm_18.1.4.LTS/include" --include_path="C:/ti/tivaware_c_series_2_1_4_178/examples/boards/ek-tm4c123gxl/drivers" --include_path="C:/ti/tivaware_c_series_2_1_4_178/examples/boards/ek-tm4c123gxl" --include_path="C:/ti/tivaware_c_series_2_1_4_178" --include_path="C:/ti/tivaware_c_series_2_1_4_178/examples/boards/ek-tm4c123gxl/drivers" --advice:power=all -g --gcc --define=ccs="ccs" --define=PART_TM4C123GH6PM --define=TARGET_IS_TM4C123_RB1 --diag_warning=225 --diag_wrap=off --display_error_number --gen_func_subsections=on --ual --preproc_with_compile --preproc_dependency="lab4.d_raw"  "../lab4.c"
"../lab4.c", line 45: remark #1527-D: (ULP 2.1) Detected SW delay loop using empty loop. Recommend using a timer module instead
Finished building: "../lab4.c"
 
Building target: "lab4.out"
Invoking: ARM Linker
"C:/ti/ccsv8/tools/compiler/ti-cgt-arm_18.1.4.LTS/bin/armcl" -mv7M4 --code_state=16 --float_support=FPv4SPD16 --abi=eabi -me -O2 --advice:power=all -g --gcc --define=ccs="ccs" --define=PART_TM4C123GH6PM --define=TARGET_IS_TM4C123_RB1 --diag_warning=225 --diag_wrap=off --display_error_number --gen_func_subsections=on --ual -z -m"blinky_ccs.map" --stack_size=512 --heap_size=0 -i"C:/ti/ccsv8/tools/compiler/ti-cgt-arm_18.1.4.LTS/lib" -i"C:/ti/ccsv8/tools/compiler/ti-cgt-arm_18.1.4.LTS/include" --reread_libs --diag_wrap=off --display_error_number --warn_sections --xml_link_info="lab4_linkInfo.xml" --rom_model -o "lab4.out" "./buttons.obj" "./lab4.obj" "./startup_ccs.obj" "../blinky_ccs.cmd"  -llibc.a -l"C:/ti/tivaware_c_series_2_1_4_178/driverlib/ccs/Debug/driverlib.lib" 
<Linking>
remark #10371-D: (ULP 1.1) Detected no uses of low power mode state changing instructions
Finished building target: "lab4.out"
 
"C:/ti/ccsv8/utils/tiobj2bin/tiobj2bin" "lab4.out" "lab4.bin" "C:/ti/ccsv8/tools/compiler/ti-cgt-arm_18.1.4.LTS/bin/armofd" "C:/ti/ccsv8/tools/compiler/ti-cgt-arm_18.1.4.LTS/bin/armhex" "C:/ti/ccsv8/utils/tiobj2bin/mkhex4bin"
 

**** Build Finished ****

**** Build of configuration Debug for project lab4 ****

"C:\\ti\\ccsv8\\utils\\bin\\gmake" -k all 
 
gmake: Nothing to be done for 'all'.

**** Build Finished ****

**** Build of configuration Debug for project lab4 ****

"C:\\ti\\ccsv8\\utils\\bin\\gmake" -k all 
 
Building file: "../lab4.c"
Invoking: ARM Compiler
"C:/ti/ccsv8/tools/compiler/ti-cgt-arm_18.1.4.LTS/bin/armcl" -mv7M4 --code_state=16 --float_support=FPv4SPD16 --abi=eabi -me -O2 --include_path="C:/ti/ccsv8/tools/compiler/ti-cgt-arm_18.1.4.LTS/include" --include_path="C:/ti/tivaware_c_series_2_1_4_178/examples/boards/ek-tm4c123gxl/drivers" --include_path="C:/ti/tivaware_c_series_2_1_4_178/examples/boards/ek-tm4c123gxl" --include_path="C:/ti/tivaware_c_series_2_1_4_178" --include_path="C:/ti/tivaware_c_series_2_1_4_178/examples/boards/ek-tm4c123gxl/drivers" --advice:power=all -g --gcc --define=ccs="ccs" --define=PART_TM4C123GH6PM --define=TARGET_IS_TM4C123_RB1 --diag_warning=225 --diag_wrap=off --display_error_number --gen_func_subsections=on --ual --preproc_with_compile --preproc_dependency="lab4.d_raw"  "../lab4.c"
"../lab4.c", line 45: remark #1527-D: (ULP 2.1) Detected SW delay loop using empty loop. Recommend using a timer module instead
Finished building: "../lab4.c"
 
Building target: "lab4.out"
Invoking: ARM Linker
"C:/ti/ccsv8/tools/compiler/ti-cgt-arm_18.1.4.LTS/bin/armcl" -mv7M4 --code_state=16 --float_support=FPv4SPD16 --abi=eabi -me -O2 --advice:power=all -g --gcc --define=ccs="ccs" --define=PART_TM4C123GH6PM --define=TARGET_IS_TM4C123_RB1 --diag_warning=225 --diag_wrap=off --display_error_number --gen_func_subsections=on --ual -z -m"blinky_ccs.map" --stack_size=512 --heap_size=0 -i"C:/ti/ccsv8/tools/compiler/ti-cgt-arm_18.1.4.LTS/lib" -i"C:/ti/ccsv8/tools/compiler/ti-cgt-arm_18.1.4.LTS/include" --reread_libs --diag_wrap=off --display_error_number --warn_sections --xml_link_info="lab4_linkInfo.xml" --rom_model -o "lab4.out" "./buttons.obj" "./lab4.obj" "./startup_ccs.obj" "../blinky_ccs.cmd"  -llibc.a -l"C:/ti/tivaware_c_series_2_1_4_178/driverlib/ccs/Debug/driverlib.lib" 
<Linking>
remark #10371-D: (ULP 1.1) Detected no uses of low power mode state changing instructions
Finished building target: "lab4.out"
 
"C:/ti/ccsv8/utils/tiobj2bin/tiobj2bin" "lab4.out" "lab4.bin" "C:/ti/ccsv8/tools/compiler/ti-cgt-arm_18.1.4.LTS/bin/armofd" "C:/ti/ccsv8/tools/compiler/ti-cgt-arm_18.1.4.LTS/bin/armhex" "C:/ti/ccsv8/utils/tiobj2bin/mkhex4bin"
 

**** Build Finished ****

**** Build of configuration Debug for project lab4 ****

"C:\\ti\\ccsv8\\utils\\bin\\gmake" -k all 
 
Building file: "../lab4.c"
Invoking: ARM Compiler
"C:/ti/ccsv8/tools/compiler/ti-cgt-arm_18.1.4.LTS/bin/armcl" -mv7M4 --code_state=16 --float_support=FPv4SPD16 --abi=eabi -me -O2 --include_path="C:/ti/ccsv8/tools/compiler/ti-cgt-arm_18.1.4.LTS/include" --include_path="C:/ti/tivaware_c_series_2_1_4_178/examples/boards/ek-tm4c123gxl/drivers" --include_path="C:/ti/tivaware_c_series_2_1_4_178/examples/boards/ek-tm4c123gxl" --include_path="C:/ti/tivaware_c_series_2_1_4_178" --include_path="C:/ti/tivaware_c_series_2_1_4_178/examples/boards/ek-tm4c123gxl/drivers" --advice:power=all -g --gcc --define=ccs="ccs" --define=PART_TM4C123GH6PM --define=TARGET_IS_TM4C123_RB1 --diag_warning=225 --diag_wrap=off --display_error_number --gen_func_subsections=on --ual --preproc_with_compile --preproc_dependency="lab4.d_raw"  "../lab4.c"
"../lab4.c", line 45: remark #1527-D: (ULP 2.1) Detected SW delay loop using empty loop. Recommend using a timer module instead
Finished building: "../lab4.c"
 
Building target: "lab4.out"
Invoking: ARM Linker
"C:/ti/ccsv8/tools/compiler/ti-cgt-arm_18.1.4.LTS/bin/armcl" -mv7M4 --code_state=16 --float_support=FPv4SPD16 --abi=eabi -me -O2 --advice:power=all -g --gcc --define=ccs="ccs" --define=PART_TM4C123GH6PM --define=TARGET_IS_TM4C123_RB1 --diag_warning=225 --diag_wrap=off --display_error_number --gen_func_subsections=on --ual -z -m"blinky_ccs.map" --stack_size=512 --heap_size=0 -i"C:/ti/ccsv8/tools/compiler/ti-cgt-arm_18.1.4.LTS/lib" -i"C:/ti/ccsv8/tools/compiler/ti-cgt-arm_18.1.4.LTS/include" --reread_libs --diag_wrap=off --display_error_number --warn_sections --xml_link_info="lab4_linkInfo.xml" --rom_model -o "lab4.out" "./buttons.obj" "./lab4.obj" "./startup_ccs.obj" "../blinky_ccs.cmd"  -llibc.a -l"C:/ti/tivaware_c_series_2_1_4_178/driverlib/ccs/Debug/driverlib.lib" 
<Linking>
remark #10371-D: (ULP 1.1) Detected no uses of low power mode state changing instructions
Finished building target: "lab4.out"
 
"C:/ti/ccsv8/utils/tiobj2bin/tiobj2bin" "lab4.out" "lab4.bin" "C:/ti/ccsv8/tools/compiler/ti-cgt-arm_18.1.4.LTS/bin/armofd" "C:/ti/ccsv8/tools/compiler/ti-cgt-arm_18.1.4.LTS/bin/armhex" "C:/ti/ccsv8/utils/tiobj2bin/mkhex4bin"
 

**** Build Finished ****

**** Build of configuration Debug for project lab4 ****

"C:\\ti\\ccsv8\\utils\\bin\\gmake" -k all 
 
gmake: Nothing to be done for 'all'.

**** Build Finished ****

**** Build of configuration Debug for project lab4 ****

"C:\\ti\\ccsv8\\utils\\bin\\gmake" -k all 
 
Building file: "../lab4.c"
Invoking: ARM Compiler
"C:/ti/ccsv8/tools/compiler/ti-cgt-arm_18.1.4.LTS/bin/armcl" -mv7M4 --code_state=16 --float_support=FPv4SPD16 --abi=eabi -me -O2 --include_path="C:/ti/ccsv8/tools/compiler/ti-cgt-arm_18.1.4.LTS/include" --include_path="C:/ti/tivaware_c_series_2_1_4_178/examples/boards/ek-tm4c123gxl/drivers" --include_path="C:/ti/tivaware_c_series_2_1_4_178/examples/boards/ek-tm4c123gxl" --include_path="C:/ti/tivaware_c_series_2_1_4_178" --include_path="C:/ti/tivaware_c_series_2_1_4_178/examples/boards/ek-tm4c123gxl/drivers" --advice:power=all -g --gcc --define=ccs="ccs" --define=PART_TM4C123GH6PM --define=TARGET_IS_TM4C123_RB1 --diag_warning=225 --diag_wrap=off --display_error_number --gen_func_subsections=on --ual --preproc_with_compile --preproc_dependency="lab4.d_raw"  "../lab4.c"
"../lab4.c", line 45: remark #1527-D: (ULP 2.1) Detected SW delay loop using empty loop. Recommend using a timer module instead
Finished building: "../lab4.c"
 
Building target: "lab4.out"
Invoking: ARM Linker
"C:/ti/ccsv8/tools/compiler/ti-cgt-arm_18.1.4.LTS/bin/armcl" -mv7M4 --code_state=16 --float_support=FPv4SPD16 --abi=eabi -me -O2 --advice:power=all -g --gcc --define=ccs="ccs" --define=PART_TM4C123GH6PM --define=TARGET_IS_TM4C123_RB1 --diag_warning=225 --diag_wrap=off --display_error_number --gen_func_subsections=on --ual -z -m"blinky_ccs.map" --stack_size=512 --heap_size=0 -i"C:/ti/ccsv8/tools/compiler/ti-cgt-arm_18.1.4.LTS/lib" -i"C:/ti/ccsv8/tools/compiler/ti-cgt-arm_18.1.4.LTS/include" --reread_libs --diag_wrap=off --display_error_number --warn_sections --xml_link_info="lab4_linkInfo.xml" --rom_model -o "lab4.out" "./buttons.obj" "./lab4.obj" "./startup_ccs.obj" "../blinky_ccs.cmd"  -llibc.a -l"C:/ti/tivaware_c_series_2_1_4_178/driverlib/ccs/Debug/driverlib.lib" 
<Linking>
remark #10371-D: (ULP 1.1) Detected no uses of low power mode state changing instructions
Finished building target: "lab4.out"
 
"C:/ti/ccsv8/utils/tiobj2bin/tiobj2bin" "lab4.out" "lab4.bin" "C:/ti/ccsv8/tools/compiler/ti-cgt-arm_18.1.4.LTS/bin/armofd" "C:/ti/ccsv8/tools/compiler/ti-cgt-arm_18.1.4.LTS/bin/armhex" "C:/ti/ccsv8/utils/tiobj2bin/mkhex4bin"
 

**** Build Finished ****

**** Build of configuration Debug for project lab4 ****

"C:\\ti\\ccsv8\\utils\\bin\\gmake" -k all 
 
Building file: "../lab4.c"
Invoking: ARM Compiler
"C:/ti/ccsv8/tools/compiler/ti-cgt-arm_18.1.4.LTS/bin/armcl" -mv7M4 --code_state=16 --float_support=FPv4SPD16 --abi=eabi -me -O2 --include_path="C:/ti/ccsv8/tools/compiler/ti-cgt-arm_18.1.4.LTS/include" --include_path="C:/ti/tivaware_c_series_2_1_4_178/examples/boards/ek-tm4c123gxl/drivers" --include_path="C:/ti/tivaware_c_series_2_1_4_178/examples/boards/ek-tm4c123gxl" --include_path="C:/ti/tivaware_c_series_2_1_4_178" --include_path="C:/ti/tivaware_c_series_2_1_4_178/examples/boards/ek-tm4c123gxl/drivers" --advice:power=all -g --gcc --define=ccs="ccs" --define=PART_TM4C123GH6PM --define=TARGET_IS_TM4C123_RB1 --diag_warning=225 --diag_wrap=off --display_error_number --gen_func_subsections=on --ual --preproc_with_compile --preproc_dependency="lab4.d_raw"  "../lab4.c"
"../lab4.c", line 45: remark #1527-D: (ULP 2.1) Detected SW delay loop using empty loop. Recommend using a timer module instead
Finished building: "../lab4.c"
 
Building target: "lab4.out"
Invoking: ARM Linker
"C:/ti/ccsv8/tools/compiler/ti-cgt-arm_18.1.4.LTS/bin/armcl" -mv7M4 --code_state=16 --float_support=FPv4SPD16 --abi=eabi -me -O2 --advice:power=all -g --gcc --define=ccs="ccs" --define=PART_TM4C123GH6PM --define=TARGET_IS_TM4C123_RB1 --diag_warning=225 --diag_wrap=off --display_error_number --gen_func_subsections=on --ual -z -m"blinky_ccs.map" --stack_size=512 --heap_size=0 -i"C:/ti/ccsv8/tools/compiler/ti-cgt-arm_18.1.4.LTS/lib" -i"C:/ti/ccsv8/tools/compiler/ti-cgt-arm_18.1.4.LTS/include" --reread_libs --diag_wrap=off --display_error_number --warn_sections --xml_link_info="lab4_linkInfo.xml" --rom_model -o "lab4.out" "./buttons.obj" "./lab4.obj" "./startup_ccs.obj" "../blinky_ccs.cmd"  -llibc.a -l"C:/ti/tivaware_c_series_2_1_4_178/driverlib/ccs/Debug/driverlib.lib" 
<Linking>
remark #10371-D: (ULP 1.1) Detected no uses of low power mode state changing instructions
Finished building target: "lab4.out"
 
"C:/ti/ccsv8/utils/tiobj2bin/tiobj2bin" "lab4.out" "lab4.bin" "C:/ti/ccsv8/tools/compiler/ti-cgt-arm_18.1.4.LTS/bin/armofd" "C:/ti/ccsv8/tools/compiler/ti-cgt-arm_18.1.4.LTS/bin/armhex" "C:/ti/ccsv8/utils/tiobj2bin/mkhex4bin"
 

**** Build Finished ****

**** Build of configuration Debug for project lab4 ****

"C:\\ti\\ccsv8\\utils\\bin\\gmake" -k all 
 
gmake: Nothing to be done for 'all'.

**** Build Finished ****

**** Build of configuration Debug for project lab4 ****

"C:\\ti\\ccsv8\\utils\\bin\\gmake" -k all 
 
gmake: Nothing to be done for 'all'.

**** Build Finished ****

**** Build of configuration Debug for project lab4 ****

"C:\\ti\\ccsv8\\utils\\bin\\gmake" -k all 
 
Building file: "../lab4.c"
Invoking: ARM Compiler
"C:/ti/ccsv8/tools/compiler/ti-cgt-arm_18.1.4.LTS/bin/armcl" -mv7M4 --code_state=16 --float_support=FPv4SPD16 --abi=eabi -me -O2 --include_path="C:/ti/ccsv8/tools/compiler/ti-cgt-arm_18.1.4.LTS/include" --include_path="C:/ti/tivaware_c_series_2_1_4_178/examples/boards/ek-tm4c123gxl/drivers" --include_path="C:/ti/tivaware_c_series_2_1_4_178/examples/boards/ek-tm4c123gxl" --include_path="C:/ti/tivaware_c_series_2_1_4_178" --include_path="C:/ti/tivaware_c_series_2_1_4_178/examples/boards/ek-tm4c123gxl/drivers" --advice:power=all -g --gcc --define=ccs="ccs" --define=PART_TM4C123GH6PM --define=TARGET_IS_TM4C123_RB1 --diag_warning=225 --diag_wrap=off --display_error_number --gen_func_subsections=on --ual --preproc_with_compile --preproc_dependency="lab4.d_raw"  "../lab4.c"
"../lab4.c", line 45: remark #1527-D: (ULP 2.1) Detected SW delay loop using empty loop. Recommend using a timer module instead
Finished building: "../lab4.c"
 
Building target: "lab4.out"
Invoking: ARM Linker
"C:/ti/ccsv8/tools/compiler/ti-cgt-arm_18.1.4.LTS/bin/armcl" -mv7M4 --code_state=16 --float_support=FPv4SPD16 --abi=eabi -me -O2 --advice:power=all -g --gcc --define=ccs="ccs" --define=PART_TM4C123GH6PM --define=TARGET_IS_TM4C123_RB1 --diag_warning=225 --diag_wrap=off --display_error_number --gen_func_subsections=on --ual -z -m"blinky_ccs.map" --stack_size=512 --heap_size=0 -i"C:/ti/ccsv8/tools/compiler/ti-cgt-arm_18.1.4.LTS/lib" -i"C:/ti/ccsv8/tools/compiler/ti-cgt-arm_18.1.4.LTS/include" --reread_libs --diag_wrap=off --display_error_number --warn_sections --xml_link_info="lab4_linkInfo.xml" --rom_model -o "lab4.out" "./buttons.obj" "./lab4.obj" "./startup_ccs.obj" "../blinky_ccs.cmd"  -llibc.a -l"C:/ti/tivaware_c_series_2_1_4_178/driverlib/ccs/Debug/driverlib.lib" 
<Linking>
remark #10371-D: (ULP 1.1) Detected no uses of low power mode state changing instructions
Finished building target: "lab4.out"
 
"C:/ti/ccsv8/utils/tiobj2bin/tiobj2bin" "lab4.out" "lab4.bin" "C:/ti/ccsv8/tools/compiler/ti-cgt-arm_18.1.4.LTS/bin/armofd" "C:/ti/ccsv8/tools/compiler/ti-cgt-arm_18.1.4.LTS/bin/armhex" "C:/ti/ccsv8/utils/tiobj2bin/mkhex4bin"
 

**** Build Finished ****

**** Build of configuration Debug for project lab4 ****

"C:\\ti\\ccsv8\\utils\\bin\\gmake" -k all 
 
gmake: Nothing to be done for 'all'.

**** Build Finished ****

**** Build of configuration Debug for project lab4 ****

"C:\\ti\\ccsv8\\utils\\bin\\gmake" -k all 
 
Building file: "../lab4.c"
Invoking: ARM Compiler
"C:/ti/ccsv8/tools/compiler/ti-cgt-arm_18.1.4.LTS/bin/armcl" -mv7M4 --code_state=16 --float_support=FPv4SPD16 --abi=eabi -me -O2 --include_path="C:/ti/ccsv8/tools/compiler/ti-cgt-arm_18.1.4.LTS/include" --include_path="C:/ti/tivaware_c_series_2_1_4_178/examples/boards/ek-tm4c123gxl/drivers" --include_path="C:/ti/tivaware_c_series_2_1_4_178/examples/boards/ek-tm4c123gxl" --include_path="C:/ti/tivaware_c_series_2_1_4_178" --include_path="C:/ti/tivaware_c_series_2_1_4_178/examples/boards/ek-tm4c123gxl/drivers" --advice:power=all -g --gcc --define=ccs="ccs" --define=PART_TM4C123GH6PM --define=TARGET_IS_TM4C123_RB1 --diag_warning=225 --diag_wrap=off --display_error_number --gen_func_subsections=on --ual --preproc_with_compile --preproc_dependency="lab4.d_raw"  "../lab4.c"
"../lab4.c", line 45: remark #1527-D: (ULP 2.1) Detected SW delay loop using empty loop. Recommend using a timer module instead
Finished building: "../lab4.c"
 
Building target: "lab4.out"
Invoking: ARM Linker
"C:/ti/ccsv8/tools/compiler/ti-cgt-arm_18.1.4.LTS/bin/armcl" -mv7M4 --code_state=16 --float_support=FPv4SPD16 --abi=eabi -me -O2 --advice:power=all -g --gcc --define=ccs="ccs" --define=PART_TM4C123GH6PM --define=TARGET_IS_TM4C123_RB1 --diag_warning=225 --diag_wrap=off --display_error_number --gen_func_subsections=on --ual -z -m"blinky_ccs.map" --stack_size=512 --heap_size=0 -i"C:/ti/ccsv8/tools/compiler/ti-cgt-arm_18.1.4.LTS/lib" -i"C:/ti/ccsv8/tools/compiler/ti-cgt-arm_18.1.4.LTS/include" --reread_libs --diag_wrap=off --display_error_number --warn_sections --xml_link_info="lab4_linkInfo.xml" --rom_model -o "lab4.out" "./buttons.obj" "./lab4.obj" "./startup_ccs.obj" "../blinky_ccs.cmd"  -llibc.a -l"C:/ti/tivaware_c_series_2_1_4_178/driverlib/ccs/Debug/driverlib.lib" 
<Linking>
remark #10371-D: (ULP 1.1) Detected no uses of low power mode state changing instructions
Finished building target: "lab4.out"
 
"C:/ti/ccsv8/utils/tiobj2bin/tiobj2bin" "lab4.out" "lab4.bin" "C:/ti/ccsv8/tools/compiler/ti-cgt-arm_18.1.4.LTS/bin/armofd" "C:/ti/ccsv8/tools/compiler/ti-cgt-arm_18.1.4.LTS/bin/armhex" "C:/ti/ccsv8/utils/tiobj2bin/mkhex4bin"
 

**** Build Finished ****

**** Build of configuration Debug for project lab4 ****

"C:\\ti\\ccsv8\\utils\\bin\\gmake" -k all 
 
gmake: Nothing to be done for 'all'.

**** Build Finished ****

**** Build of configuration Debug for project lab4 ****

"C:\\ti\\ccsv8\\utils\\bin\\gmake" -k all 
 
gmake: Nothing to be done for 'all'.

**** Build Finished ****

**** Build of configuration Debug for project lab4 ****

"C:\\ti\\ccsv8\\utils\\bin\\gmake" -k all 
 
gmake: Nothing to be done for 'all'.

**** Build Finished ****

**** Build of configuration Debug for project lab4 ****

"C:\\ti\\ccsv8\\utils\\bin\\gmake" -k all 
 
gmake: Nothing to be done for 'all'.

**** Build Finished ****

**** Build of configuration Debug for project lab4 ****

"C:\\ti\\ccsv8\\utils\\bin\\gmake" -k all 
 
gmake: Nothing to be done for 'all'.

**** Build Finished ****

**** Build of configuration Debug for project lab4 ****

"C:\\ti\\ccsv8\\utils\\bin\\gmake" -k all 
 
Building file: "../lab4.c"
Invoking: ARM Compiler
"C:/ti/ccsv8/tools/compiler/ti-cgt-arm_18.1.4.LTS/bin/armcl" -mv7M4 --code_state=16 --float_support=FPv4SPD16 --abi=eabi -me -O2 --include_path="C:/ti/ccsv8/tools/compiler/ti-cgt-arm_18.1.4.LTS/include" --include_path="C:/ti/tivaware_c_series_2_1_4_178/examples/boards/ek-tm4c123gxl/drivers" --include_path="C:/ti/tivaware_c_series_2_1_4_178/examples/boards/ek-tm4c123gxl" --include_path="C:/ti/tivaware_c_series_2_1_4_178" --include_path="C:/ti/tivaware_c_series_2_1_4_178/examples/boards/ek-tm4c123gxl/drivers" --advice:power=all -g --gcc --define=ccs="ccs" --define=PART_TM4C123GH6PM --define=TARGET_IS_TM4C123_RB1 --diag_warning=225 --diag_wrap=off --display_error_number --gen_func_subsections=on --ual --preproc_with_compile --preproc_dependency="lab4.d_raw"  "../lab4.c"
"../lab4.c", line 45: remark #1527-D: (ULP 2.1) Detected SW delay loop using empty loop. Recommend using a timer module instead
Finished building: "../lab4.c"
 
Building target: "lab4.out"
Invoking: ARM Linker
"C:/ti/ccsv8/tools/compiler/ti-cgt-arm_18.1.4.LTS/bin/armcl" -mv7M4 --code_state=16 --float_support=FPv4SPD16 --abi=eabi -me -O2 --advice:power=all -g --gcc --define=ccs="ccs" --define=PART_TM4C123GH6PM --define=TARGET_IS_TM4C123_RB1 --diag_warning=225 --diag_wrap=off --display_error_number --gen_func_subsections=on --ual -z -m"blinky_ccs.map" --stack_size=512 --heap_size=0 -i"C:/ti/ccsv8/tools/compiler/ti-cgt-arm_18.1.4.LTS/lib" -i"C:/ti/ccsv8/tools/compiler/ti-cgt-arm_18.1.4.LTS/include" --reread_libs --diag_wrap=off --display_error_number --warn_sections --xml_link_info="lab4_linkInfo.xml" --rom_model -o "lab4.out" "./buttons.obj" "./lab4.obj" "./startup_ccs.obj" "../blinky_ccs.cmd"  -llibc.a -l"C:/ti/tivaware_c_series_2_1_4_178/driverlib/ccs/Debug/driverlib.lib" 
<Linking>
remark #10371-D: (ULP 1.1) Detected no uses of low power mode state changing instructions
Finished building target: "lab4.out"
 
"C:/ti/ccsv8/utils/tiobj2bin/tiobj2bin" "lab4.out" "lab4.bin" "C:/ti/ccsv8/tools/compiler/ti-cgt-arm_18.1.4.LTS/bin/armofd" "C:/ti/ccsv8/tools/compiler/ti-cgt-arm_18.1.4.LTS/bin/armhex" "C:/ti/ccsv8/utils/tiobj2bin/mkhex4bin"
 

**** Build Finished ****

**** Build of configuration Debug for project lab4 ****

"C:\\ti\\ccsv8\\utils\\bin\\gmake" -k all 
 
Building file: "../lab4.c"
Invoking: ARM Compiler
"C:/ti/ccsv8/tools/compiler/ti-cgt-arm_18.1.4.LTS/bin/armcl" -mv7M4 --code_state=16 --float_support=FPv4SPD16 --abi=eabi -me -O2 --include_path="C:/ti/ccsv8/tools/compiler/ti-cgt-arm_18.1.4.LTS/include" --include_path="C:/ti/tivaware_c_series_2_1_4_178/examples/boards/ek-tm4c123gxl/drivers" --include_path="C:/ti/tivaware_c_series_2_1_4_178/examples/boards/ek-tm4c123gxl" --include_path="C:/ti/tivaware_c_series_2_1_4_178" --include_path="C:/ti/tivaware_c_series_2_1_4_178/examples/boards/ek-tm4c123gxl/drivers" --advice:power=all -g --gcc --define=ccs="ccs" --define=PART_TM4C123GH6PM --define=TARGET_IS_TM4C123_RB1 --diag_warning=225 --diag_wrap=off --display_error_number --gen_func_subsections=on --ual --preproc_with_compile --preproc_dependency="lab4.d_raw"  "../lab4.c"
"../lab4.c", line 45: remark #1527-D: (ULP 2.1) Detected SW delay loop using empty loop. Recommend using a timer module instead
Finished building: "../lab4.c"
 
Building target: "lab4.out"
Invoking: ARM Linker
"C:/ti/ccsv8/tools/compiler/ti-cgt-arm_18.1.4.LTS/bin/armcl" -mv7M4 --code_state=16 --float_support=FPv4SPD16 --abi=eabi -me -O2 --advice:power=all -g --gcc --define=ccs="ccs" --define=PART_TM4C123GH6PM --define=TARGET_IS_TM4C123_RB1 --diag_warning=225 --diag_wrap=off --display_error_number --gen_func_subsections=on --ual -z -m"blinky_ccs.map" --stack_size=512 --heap_size=0 -i"C:/ti/ccsv8/tools/compiler/ti-cgt-arm_18.1.4.LTS/lib" -i"C:/ti/ccsv8/tools/compiler/ti-cgt-arm_18.1.4.LTS/include" --reread_libs --diag_wrap=off --display_error_number --warn_sections --xml_link_info="lab4_linkInfo.xml" --rom_model -o "lab4.out" "./buttons.obj" "./lab4.obj" "./startup_ccs.obj" "../blinky_ccs.cmd"  -llibc.a -l"C:/ti/tivaware_c_series_2_1_4_178/driverlib/ccs/Debug/driverlib.lib" 
<Linking>
remark #10371-D: (ULP 1.1) Detected no uses of low power mode state changing instructions
Finished building target: "lab4.out"
 
"C:/ti/ccsv8/utils/tiobj2bin/tiobj2bin" "lab4.out" "lab4.bin" "C:/ti/ccsv8/tools/compiler/ti-cgt-arm_18.1.4.LTS/bin/armofd" "C:/ti/ccsv8/tools/compiler/ti-cgt-arm_18.1.4.LTS/bin/armhex" "C:/ti/ccsv8/utils/tiobj2bin/mkhex4bin"
 

**** Build Finished ****

**** Build of configuration Debug for project lab5 ****

"C:\\ti\\ccsv8\\utils\\bin\\gmake" -k all 
 
Building file: "../lab5.c"
Invoking: ARM Compiler
"C:/ti/ccsv8/tools/compiler/ti-cgt-arm_18.1.4.LTS/bin/armcl" -mv7M4 --code_state=16 --float_support=FPv4SPD16 --abi=eabi -me -O2 --include_path="C:/ti/ccsv8/tools/compiler/ti-cgt-arm_18.1.4.LTS/include" --include_path="C:/ti/tivaware_c_series_2_1_4_178/examples/boards/ek-tm4c123gxl/drivers" --include_path="C:/ti/tivaware_c_series_2_1_4_178/examples/boards/ek-tm4c123gxl" --include_path="C:/ti/tivaware_c_series_2_1_4_178" --include_path="C:/ti/tivaware_c_series_2_1_4_178/examples/boards/ek-tm4c123gxl/drivers" --advice:power=all -g --gcc --define=ccs="ccs" --define=PART_TM4C123GH6PM --define=TARGET_IS_TM4C123_RB1 --diag_warning=225 --diag_wrap=off --display_error_number --gen_func_subsections=on --ual --preproc_with_compile --preproc_dependency="lab5.d_raw"  "../lab5.c"
 
>> Compilation failure
subdir_rules.mk:16: recipe for target 'lab5.obj' failed
"../lab5.c", line 175: error #20: identifier "SINE_WAVE" is undefined
"../lab5.c", line 212: error #20: identifier "freq_index" is undefined
2 errors detected in the compilation of "../lab5.c".
gmake: *** [lab5.obj] Error 1
gmake: Target 'all' not remade because of errors.

**** Build Finished ****

**** Build of configuration Debug for project lab5 ****

"C:\\ti\\ccsv8\\utils\\bin\\gmake" -k all 
 
Building file: "../lab5.c"
Invoking: ARM Compiler
"C:/ti/ccsv8/tools/compiler/ti-cgt-arm_18.1.4.LTS/bin/armcl" -mv7M4 --code_state=16 --float_support=FPv4SPD16 --abi=eabi -me -O2 --include_path="C:/ti/ccsv8/tools/compiler/ti-cgt-arm_18.1.4.LTS/include" --include_path="C:/ti/tivaware_c_series_2_1_4_178/examples/boards/ek-tm4c123gxl/drivers" --include_path="C:/ti/tivaware_c_series_2_1_4_178/examples/boards/ek-tm4c123gxl" --include_path="C:/ti/tivaware_c_series_2_1_4_178" --include_path="C:/ti/tivaware_c_series_2_1_4_178/examples/boards/ek-tm4c123gxl/drivers" --advice:power=all -g --gcc --define=ccs="ccs" --define=PART_TM4C123GH6PM --define=TARGET_IS_TM4C123_RB1 --diag_warning=225 --diag_wrap=off --display_error_number --gen_func_subsections=on --ual --preproc_with_compile --preproc_dependency="lab5.d_raw"  "../lab5.c"
 
>> Compilation failure
subdir_rules.mk:16: recipe for target 'lab5.obj' failed
"../lab5.c", line 175: error #20: identifier "SINEWAVE" is undefined
1 error detected in the compilation of "../lab5.c".
gmake: *** [lab5.obj] Error 1
gmake: Target 'all' not remade because of errors.

**** Build Finished ****

**** Build of configuration Debug for project lab5 ****

"C:\\ti\\ccsv8\\utils\\bin\\gmake" -k all 
 
Building file: "../lab5.c"
Invoking: ARM Compiler
"C:/ti/ccsv8/tools/compiler/ti-cgt-arm_18.1.4.LTS/bin/armcl" -mv7M4 --code_state=16 --float_support=FPv4SPD16 --abi=eabi -me -O2 --include_path="C:/ti/ccsv8/tools/compiler/ti-cgt-arm_18.1.4.LTS/include" --include_path="C:/ti/tivaware_c_series_2_1_4_178/examples/boards/ek-tm4c123gxl/drivers" --include_path="C:/ti/tivaware_c_series_2_1_4_178/examples/boards/ek-tm4c123gxl" --include_path="C:/ti/tivaware_c_series_2_1_4_178" --include_path="C:/ti/tivaware_c_series_2_1_4_178/examples/boards/ek-tm4c123gxl/drivers" --advice:power=all -g --gcc --define=ccs="ccs" --define=PART_TM4C123GH6PM --define=TARGET_IS_TM4C123_RB1 --diag_warning=225 --diag_wrap=off --display_error_number --gen_func_subsections=on --ual --preproc_with_compile --preproc_dependency="lab5.d_raw"  "../lab5.c"
Finished building: "../lab5.c"
 
Building target: "lab5.out"
Invoking: ARM Linker
"C:/ti/ccsv8/tools/compiler/ti-cgt-arm_18.1.4.LTS/bin/armcl" -mv7M4 --code_state=16 --float_support=FPv4SPD16 --abi=eabi -me -O2 --advice:power=all -g --gcc --define=ccs="ccs" --define=PART_TM4C123GH6PM --define=TARGET_IS_TM4C123_RB1 --diag_warning=225 --diag_wrap=off --display_error_number --gen_func_subsections=on --ual -z -m"blinky_ccs.map" --stack_size=512 --heap_size=0 -i"C:/ti/ccsv8/tools/compiler/ti-cgt-arm_18.1.4.LTS/lib" -i"C:/ti/ccsv8/tools/compiler/ti-cgt-arm_18.1.4.LTS/include" --reread_libs --diag_wrap=off --display_error_number --warn_sections --xml_link_info="lab5_linkInfo.xml" --rom_model -o "lab5.out" "./buttons.obj" "./lab5.obj" "./startup_ccs.obj" "../blinky_ccs.cmd"  -llibc.a -l"C:/ti/tivaware_c_series_2_1_4_178/driverlib/ccs/Debug/driverlib.lib" 
<Linking>
 
 undefined        first referenced
remark #10371-D: (ULP 1.1) Detected no uses of low power mode state changing instructions
  symbol              in file     
 
>> Compilation failure
makefile:143: recipe for target 'lab5.out' failed
 ---------        ----------------
 EnableInterrupts ./lab5.obj      
 
error #10234-D: unresolved symbols remain
error #10010: errors encountered during linking; "lab5.out" not built
gmake: *** [lab5.out] Error 1
gmake: Target 'all' not remade because of errors.

**** Build Finished ****

**** Build of configuration Debug for project lab5 ****

"C:\\ti\\ccsv8\\utils\\bin\\gmake" -k all 
 
Building file: "../lab5.c"
Invoking: ARM Compiler
"C:/ti/ccsv8/tools/compiler/ti-cgt-arm_18.1.4.LTS/bin/armcl" -mv7M4 --code_state=16 --float_support=FPv4SPD16 --abi=eabi -me -O2 --include_path="C:/ti/ccsv8/tools/compiler/ti-cgt-arm_18.1.4.LTS/include" --include_path="C:/ti/tivaware_c_series_2_1_4_178/examples/boards/ek-tm4c123gxl/drivers" --include_path="C:/ti/tivaware_c_series_2_1_4_178/examples/boards/ek-tm4c123gxl" --include_path="C:/ti/tivaware_c_series_2_1_4_178" --include_path="C:/ti/tivaware_c_series_2_1_4_178/examples/boards/ek-tm4c123gxl/drivers" --advice:power=all -g --gcc --define=ccs="ccs" --define=PART_TM4C123GH6PM --define=TARGET_IS_TM4C123_RB1 --diag_warning=225 --diag_wrap=off --display_error_number --gen_func_subsections=on --ual --preproc_with_compile --preproc_dependency="lab5.d_raw"  "../lab5.c"
Finished building: "../lab5.c"
 
Building target: "lab5.out"
Invoking: ARM Linker
"C:/ti/ccsv8/tools/compiler/ti-cgt-arm_18.1.4.LTS/bin/armcl" -mv7M4 --code_state=16 --float_support=FPv4SPD16 --abi=eabi -me -O2 --advice:power=all -g --gcc --define=ccs="ccs" --define=PART_TM4C123GH6PM --define=TARGET_IS_TM4C123_RB1 --diag_warning=225 --diag_wrap=off --display_error_number --gen_func_subsections=on --ual -z -m"blinky_ccs.map" --stack_size=512 --heap_size=0 -i"C:/ti/ccsv8/tools/compiler/ti-cgt-arm_18.1.4.LTS/lib" -i"C:/ti/ccsv8/tools/compiler/ti-cgt-arm_18.1.4.LTS/include" --reread_libs --diag_wrap=off --display_error_number --warn_sections --xml_link_info="lab5_linkInfo.xml" --rom_model -o "lab5.out" "./buttons.obj" "./lab5.obj" "./startup_ccs.obj" "../blinky_ccs.cmd"  -llibc.a -l"C:/ti/tivaware_c_series_2_1_4_178/driverlib/ccs/Debug/driverlib.lib" 
<Linking>
remark #10371-D: (ULP 1.1) Detected no uses of low power mode state changing instructions
Finished building target: "lab5.out"
 
"C:/ti/ccsv8/utils/tiobj2bin/tiobj2bin" "lab5.out" "lab5.bin" "C:/ti/ccsv8/tools/compiler/ti-cgt-arm_18.1.4.LTS/bin/armofd" "C:/ti/ccsv8/tools/compiler/ti-cgt-arm_18.1.4.LTS/bin/armhex" "C:/ti/ccsv8/utils/tiobj2bin/mkhex4bin"
 

**** Build Finished ****

**** Build of configuration Debug for project lab5 ****

"C:\\ti\\ccsv8\\utils\\bin\\gmake" -k all 
 
gmake: Nothing to be done for 'all'.

**** Build Finished ****

**** Build of configuration Debug for project lab5 ****

"C:\\ti\\ccsv8\\utils\\bin\\gmake" -k all 
 
gmake: Nothing to be done for 'all'.

**** Build Finished ****

**** Build of configuration Debug for project lab5 ****

"C:\\ti\\ccsv8\\utils\\bin\\gmake" -k all 
 
gmake: Nothing to be done for 'all'.

**** Build Finished ****

**** Build of configuration Debug for project lab5 ****

"C:\\ti\\ccsv8\\utils\\bin\\gmake" -k all 
 
gmake: Nothing to be done for 'all'.

**** Build Finished ****

**** Build of configuration Debug for project lab5 ****

"C:\\ti\\ccsv8\\utils\\bin\\gmake" -k all 
 
gmake: Nothing to be done for 'all'.

**** Build Finished ****

**** Build of configuration Debug for project lab5 ****

"C:\\ti\\ccsv8\\utils\\bin\\gmake" -k all 
 
Building file: "../lab5.c"
Invoking: ARM Compiler
"C:/ti/ccsv8/tools/compiler/ti-cgt-arm_18.1.4.LTS/bin/armcl" -mv7M4 --code_state=16 --float_support=FPv4SPD16 --abi=eabi -me -O2 --include_path="C:/ti/ccsv8/tools/compiler/ti-cgt-arm_18.1.4.LTS/include" --include_path="C:/ti/tivaware_c_series_2_1_4_178/examples/boards/ek-tm4c123gxl/drivers" --include_path="C:/ti/tivaware_c_series_2_1_4_178/examples/boards/ek-tm4c123gxl" --include_path="C:/ti/tivaware_c_series_2_1_4_178" --include_path="C:/ti/tivaware_c_series_2_1_4_178/examples/boards/ek-tm4c123gxl/drivers" --advice:power=all -g --gcc --define=ccs="ccs" --define=PART_TM4C123GH6PM --define=TARGET_IS_TM4C123_RB1 --diag_warning=225 --diag_wrap=off --display_error_number --gen_func_subsections=on --ual --preproc_with_compile --preproc_dependency="lab5.d_raw"  "../lab5.c"
 
>> Compilation failure
subdir_rules.mk:16: recipe for target 'lab5.obj' failed
"../lab5.c", line 37: warning #48-D: incompatible redefinition of macro "NVIC_ST_CTRL" (declared at line 49 of "C:/ti/tivaware_c_series_2_1_4_178/inc/hw_nvic.h")
"../lab5.c", line 38: warning #48-D: incompatible redefinition of macro "NVIC_ST_RELOAD" (declared at line 51 of "C:/ti/tivaware_c_series_2_1_4_178/inc/hw_nvic.h")
"../lab5.c", line 39: warning #48-D: incompatible redefinition of macro "NVIC_ST_CURRENT" (declared at line 52 of "C:/ti/tivaware_c_series_2_1_4_178/inc/hw_nvic.h")
"../lab5.c", line 40: warning #48-D: incompatible redefinition of macro "NVIC_SYS_PRI3" (declared at line 122 of "C:/ti/tivaware_c_series_2_1_4_178/inc/hw_nvic.h")
"../lab5.c", line 82: error #20: identifier "GPIO_PORTB_DATA_R" is undefined
1 error detected in the compilation of "../lab5.c".
gmake: *** [lab5.obj] Error 1
gmake: Target 'all' not remade because of errors.

**** Build Finished ****

**** Build of configuration Debug for project lab5 ****

"C:\\ti\\ccsv8\\utils\\bin\\gmake" -k all 
 
Building file: "../lab5.c"
Invoking: ARM Compiler
"C:/ti/ccsv8/tools/compiler/ti-cgt-arm_18.1.4.LTS/bin/armcl" -mv7M4 --code_state=16 --float_support=FPv4SPD16 --abi=eabi -me -O2 --include_path="C:/ti/ccsv8/tools/compiler/ti-cgt-arm_18.1.4.LTS/include" --include_path="C:/ti/tivaware_c_series_2_1_4_178/examples/boards/ek-tm4c123gxl/drivers" --include_path="C:/ti/tivaware_c_series_2_1_4_178/examples/boards/ek-tm4c123gxl" --include_path="C:/ti/tivaware_c_series_2_1_4_178" --include_path="C:/ti/tivaware_c_series_2_1_4_178/examples/boards/ek-tm4c123gxl/drivers" --advice:power=all -g --gcc --define=ccs="ccs" --define=PART_TM4C123GH6PM --define=TARGET_IS_TM4C123_RB1 --diag_warning=225 --diag_wrap=off --display_error_number --gen_func_subsections=on --ual --preproc_with_compile --preproc_dependency="lab5.d_raw"  "../lab5.c"
"../lab5.c", line 37: warning #48-D: incompatible redefinition of macro "NVIC_ST_CTRL" (declared at line 49 of "C:/ti/tivaware_c_series_2_1_4_178/inc/hw_nvic.h")
"../lab5.c", line 38: warning #48-D: incompatible redefinition of macro "NVIC_ST_RELOAD" (declared at line 51 of "C:/ti/tivaware_c_series_2_1_4_178/inc/hw_nvic.h")
"../lab5.c", line 39: warning #48-D: incompatible redefinition of macro "NVIC_ST_CURRENT" (declared at line 52 of "C:/ti/tivaware_c_series_2_1_4_178/inc/hw_nvic.h")
"../lab5.c", line 40: warning #48-D: incompatible redefinition of macro "NVIC_SYS_PRI3" (declared at line 122 of "C:/ti/tivaware_c_series_2_1_4_178/inc/hw_nvic.h")
Finished building: "../lab5.c"
 
Building target: "lab5.out"
Invoking: ARM Linker
"C:/ti/ccsv8/tools/compiler/ti-cgt-arm_18.1.4.LTS/bin/armcl" -mv7M4 --code_state=16 --float_support=FPv4SPD16 --abi=eabi -me -O2 --advice:power=all -g --gcc --define=ccs="ccs" --define=PART_TM4C123GH6PM --define=TARGET_IS_TM4C123_RB1 --diag_warning=225 --diag_wrap=off --display_error_number --gen_func_subsections=on --ual -z -m"blinky_ccs.map" --stack_size=512 --heap_size=0 -i"C:/ti/ccsv8/tools/compiler/ti-cgt-arm_18.1.4.LTS/lib" -i"C:/ti/ccsv8/tools/compiler/ti-cgt-arm_18.1.4.LTS/include" --reread_libs --diag_wrap=off --display_error_number --warn_sections --xml_link_info="lab5_linkInfo.xml" --rom_model -o "lab5.out" "./buttons.obj" "./lab5.obj" "./startup_ccs.obj" "../blinky_ccs.cmd"  -llibc.a -l"C:/ti/tivaware_c_series_2_1_4_178/driverlib/ccs/Debug/driverlib.lib" 
<Linking>
remark #10371-D: (ULP 1.1) Detected no uses of low power mode state changing instructions
Finished building target: "lab5.out"
 
"C:/ti/ccsv8/utils/tiobj2bin/tiobj2bin" "lab5.out" "lab5.bin" "C:/ti/ccsv8/tools/compiler/ti-cgt-arm_18.1.4.LTS/bin/armofd" "C:/ti/ccsv8/tools/compiler/ti-cgt-arm_18.1.4.LTS/bin/armhex" "C:/ti/ccsv8/utils/tiobj2bin/mkhex4bin"
 

**** Build Finished ****

**** Build of configuration Debug for project lab5 ****

"C:\\ti\\ccsv8\\utils\\bin\\gmake" -k all 
 
gmake: Nothing to be done for 'all'.

**** Build Finished ****

**** Build of configuration Debug for project lab5 ****

"C:\\ti\\ccsv8\\utils\\bin\\gmake" -k all 
 
gmake: Nothing to be done for 'all'.

**** Build Finished ****
